{"/Users/dark_sanjan/coding/virtual-classroom/virtual-classroom/src/App.tsx": {"path":"/Users/dark_sanjan/coding/virtual-classroom/virtual-classroom/src/App.tsx","statementMap":{"0":{"start":{"line":10,"column":6},"end":{"line":10,"column":null}},"1":{"start":{"line":10,"column":28},"end":{"line":10,"column":null}},"2":{"start":{"line":11,"column":6},"end":{"line":11,"column":null}},"3":{"start":{"line":11,"column":29},"end":{"line":11,"column":null}},"4":{"start":{"line":12,"column":6},"end":{"line":12,"column":null}},"5":{"start":{"line":12,"column":33},"end":{"line":12,"column":null}}},"fnMap":{"0":{"name":"(anonymous_0)","decl":{"start":{"line":10,"column":22},"end":{"line":10,"column":28}},"loc":{"start":{"line":10,"column":28},"end":{"line":10,"column":null}},"line":10},"1":{"name":"(anonymous_1)","decl":{"start":{"line":11,"column":23},"end":{"line":11,"column":29}},"loc":{"start":{"line":11,"column":29},"end":{"line":11,"column":null}},"line":11},"2":{"name":"(anonymous_2)","decl":{"start":{"line":12,"column":27},"end":{"line":12,"column":33}},"loc":{"start":{"line":12,"column":33},"end":{"line":12,"column":null}},"line":12},"3":{"name":"PageLoader","decl":{"start":{"line":15,"column":9},"end":{"line":15,"column":null}},"loc":{"start":{"line":15,"column":9},"end":{"line":24,"column":null}},"line":15},"4":{"name":"App","decl":{"start":{"line":26,"column":9},"end":{"line":26,"column":null}},"loc":{"start":{"line":26,"column":9},"end":{"line":67,"column":null}},"line":26}},"branchMap":{},"s":{"0":0,"1":0,"2":0,"3":0,"4":0,"5":0},"f":{"0":0,"1":0,"2":0,"3":0,"4":0},"b":{},"meta":{"lastBranch":0,"lastFunction":5,"lastStatement":6,"seen":{"s:10:6:10:Infinity":0,"f:10:22:10:28":0,"s:10:28:10:Infinity":1,"s:11:6:11:Infinity":2,"f:11:23:11:29":1,"s:11:29:11:Infinity":3,"s:12:6:12:Infinity":4,"f:12:27:12:33":2,"s:12:33:12:Infinity":5,"f:15:9:15:Infinity":3,"f:26:9:26:Infinity":4}}}
,"/Users/dark_sanjan/coding/virtual-classroom/virtual-classroom/src/main.tsx": {"path":"/Users/dark_sanjan/coding/virtual-classroom/virtual-classroom/src/main.tsx","statementMap":{},"fnMap":{},"branchMap":{},"s":{},"f":{},"b":{},"meta":{"lastBranch":0,"lastFunction":0,"lastStatement":0,"seen":{}}}
,"/Users/dark_sanjan/coding/virtual-classroom/virtual-classroom/src/components/AIAssistant.tsx": {"path":"/Users/dark_sanjan/coding/virtual-classroom/virtual-classroom/src/components/AIAssistant.tsx","statementMap":{"0":{"start":{"line":16,"column":44},"end":{"line":16,"column":null}},"1":{"start":{"line":17,"column":21},"end":{"line":17,"column":null}},"2":{"start":{"line":18,"column":33},"end":{"line":18,"column":null}},"3":{"start":{"line":19,"column":33},"end":{"line":19,"column":null}},"4":{"start":{"line":20,"column":25},"end":{"line":20,"column":null}},"5":{"start":{"line":21,"column":35},"end":{"line":21,"column":null}},"6":{"start":{"line":22,"column":35},"end":{"line":22,"column":null}},"7":{"start":{"line":25,"column":2},"end":{"line":33,"column":null}},"8":{"start":{"line":26,"column":4},"end":{"line":32,"column":null}},"9":{"start":{"line":27,"column":22},"end":{"line":27,"column":null}},"10":{"start":{"line":28,"column":6},"end":{"line":28,"column":null}},"11":{"start":{"line":30,"column":6},"end":{"line":30,"column":null}},"12":{"start":{"line":31,"column":6},"end":{"line":31,"column":null}},"13":{"start":{"line":35,"column":8},"end":{"line":139,"column":null}},"14":{"start":{"line":36,"column":4},"end":{"line":40,"column":null}},"15":{"start":{"line":37,"column":6},"end":{"line":37,"column":null}},"16":{"start":{"line":38,"column":6},"end":{"line":38,"column":null}},"17":{"start":{"line":39,"column":6},"end":{"line":39,"column":null}},"18":{"start":{"line":43,"column":28},"end":{"line":43,"column":null}},"19":{"start":{"line":44,"column":4},"end":{"line":50,"column":null}},"20":{"start":{"line":45,"column":23},"end":{"line":45,"column":null}},"21":{"start":{"line":46,"column":23},"end":{"line":46,"column":108}},"22":{"start":{"line":47,"column":6},"end":{"line":47,"column":null}},"23":{"start":{"line":48,"column":6},"end":{"line":48,"column":null}},"24":{"start":{"line":49,"column":6},"end":{"line":49,"column":null}},"25":{"start":{"line":53,"column":4},"end":{"line":62,"column":null}},"26":{"start":{"line":54,"column":37},"end":{"line":59,"column":null}},"27":{"start":{"line":60,"column":6},"end":{"line":60,"column":null}},"28":{"start":{"line":61,"column":6},"end":{"line":61,"column":null}},"29":{"start":{"line":64,"column":4},"end":{"line":64,"column":null}},"30":{"start":{"line":65,"column":4},"end":{"line":65,"column":null}},"31":{"start":{"line":66,"column":4},"end":{"line":68,"column":null}},"32":{"start":{"line":67,"column":6},"end":{"line":67,"column":null}},"33":{"start":{"line":70,"column":4},"end":{"line":138,"column":null}},"34":{"start":{"line":72,"column":22},"end":{"line":72,"column":null}},"35":{"start":{"line":75,"column":23},"end":{"line":78,"column":null}},"36":{"start":{"line":81,"column":35},"end":{"line":86,"column":null}},"37":{"start":{"line":88,"column":6},"end":{"line":88,"column":null}},"38":{"start":{"line":89,"column":6},"end":{"line":89,"column":null}},"39":{"start":{"line":91,"column":6},"end":{"line":93,"column":null}},"40":{"start":{"line":92,"column":8},"end":{"line":92,"column":null}},"41":{"start":{"line":95,"column":6},"end":{"line":95,"column":null}},"42":{"start":{"line":97,"column":22},"end":{"line":97,"column":null}},"43":{"start":{"line":98,"column":25},"end":{"line":98,"column":null}},"44":{"start":{"line":101,"column":6},"end":{"line":134,"column":null}},"45":{"start":{"line":102,"column":8},"end":{"line":102,"column":null}},"46":{"start":{"line":103,"column":8},"end":{"line":103,"column":null}},"47":{"start":{"line":104,"column":13},"end":{"line":134,"column":null}},"48":{"start":{"line":106,"column":22},"end":{"line":106,"column":null}},"49":{"start":{"line":107,"column":8},"end":{"line":107,"column":null}},"50":{"start":{"line":107,"column":30},"end":{"line":107,"column":null}},"51":{"start":{"line":108,"column":8},"end":{"line":108,"column":null}},"52":{"start":{"line":109,"column":8},"end":{"line":109,"column":null}},"53":{"start":{"line":111,"column":8},"end":{"line":113,"column":null}},"54":{"start":{"line":112,"column":10},"end":{"line":112,"column":null}},"55":{"start":{"line":114,"column":8},"end":{"line":114,"column":null}},"56":{"start":{"line":116,"column":8},"end":{"line":116,"column":null}},"57":{"start":{"line":118,"column":8},"end":{"line":124,"column":null}},"58":{"start":{"line":119,"column":10},"end":{"line":119,"column":null}},"59":{"start":{"line":120,"column":15},"end":{"line":124,"column":null}},"60":{"start":{"line":121,"column":10},"end":{"line":121,"column":null}},"61":{"start":{"line":123,"column":10},"end":{"line":123,"column":null}},"62":{"start":{"line":127,"column":44},"end":{"line":132,"column":null}},"63":{"start":{"line":133,"column":8},"end":{"line":133,"column":null}},"64":{"start":{"line":136,"column":6},"end":{"line":136,"column":null}},"65":{"start":{"line":137,"column":6},"end":{"line":137,"column":null}},"66":{"start":{"line":171,"column":27},"end":{"line":171,"column":null}},"67":{"start":{"line":183,"column":23},"end":{"line":183,"column":null}},"68":{"start":{"line":184,"column":8},"end":{"line":195,"column":null}},"69":{"start":{"line":196,"column":8},"end":{"line":196,"column":null}},"70":{"start":{"line":214,"column":14},"end":{"line":214,"column":null}},"71":{"start":{"line":215,"column":14},"end":{"line":215,"column":null}}},"fnMap":{"0":{"name":"AIAssistant","decl":{"start":{"line":15,"column":24},"end":{"line":15,"column":36}},"loc":{"start":{"line":15,"column":98},"end":{"line":242,"column":null}},"line":15},"1":{"name":"(anonymous_1)","decl":{"start":{"line":25,"column":12},"end":{"line":25,"column":null}},"loc":{"start":{"line":25,"column":12},"end":{"line":33,"column":5}},"line":25},"2":{"name":"(anonymous_2)","decl":{"start":{"line":35,"column":40},"end":{"line":35,"column":47}},"loc":{"start":{"line":35,"column":88},"end":{"line":139,"column":5}},"line":35},"3":{"name":"(anonymous_3)","decl":{"start":{"line":107,"column":22},"end":{"line":107,"column":30}},"loc":{"start":{"line":107,"column":30},"end":{"line":107,"column":null}},"line":107},"4":{"name":"(anonymous_4)","decl":{"start":{"line":111,"column":19},"end":{"line":111,"column":null}},"loc":{"start":{"line":111,"column":19},"end":{"line":113,"column":11}},"line":111},"5":{"name":"(anonymous_5)","decl":{"start":{"line":171,"column":21},"end":{"line":171,"column":27}},"loc":{"start":{"line":171,"column":27},"end":{"line":171,"column":null}},"line":171},"6":{"name":"(anonymous_6)","decl":{"start":{"line":182,"column":21},"end":{"line":182,"column":null}},"loc":{"start":{"line":182,"column":21},"end":{"line":197,"column":null}},"line":182},"7":{"name":"(anonymous_7)","decl":{"start":{"line":213,"column":21},"end":{"line":213,"column":null}},"loc":{"start":{"line":213,"column":21},"end":{"line":216,"column":null}},"line":213}},"branchMap":{"0":{"loc":{"start":{"line":15,"column":63},"end":{"line":15,"column":78}},"type":"default-arg","locations":[{"start":{"line":15,"column":74},"end":{"line":15,"column":78}}],"line":15},"1":{"loc":{"start":{"line":35,"column":64},"end":{"line":35,"column":88}},"type":"default-arg","locations":[{"start":{"line":35,"column":83},"end":{"line":35,"column":88}}],"line":35},"2":{"loc":{"start":{"line":36,"column":4},"end":{"line":40,"column":null}},"type":"if","locations":[{"start":{"line":36,"column":4},"end":{"line":40,"column":null}},{"start":{},"end":{}}],"line":36},"3":{"loc":{"start":{"line":44,"column":4},"end":{"line":50,"column":null}},"type":"if","locations":[{"start":{"line":44,"column":4},"end":{"line":50,"column":null}},{"start":{},"end":{}}],"line":44},"4":{"loc":{"start":{"line":53,"column":4},"end":{"line":62,"column":null}},"type":"if","locations":[{"start":{"line":53,"column":4},"end":{"line":62,"column":null}},{"start":{},"end":{}}],"line":53},"5":{"loc":{"start":{"line":66,"column":4},"end":{"line":68,"column":null}},"type":"if","locations":[{"start":{"line":66,"column":4},"end":{"line":68,"column":null}},{"start":{},"end":{}}],"line":66},"6":{"loc":{"start":{"line":84,"column":17},"end":{"line":84,"column":null}},"type":"binary-expr","locations":[{"start":{"line":84,"column":17},"end":{"line":84,"column":58}},{"start":{"line":84,"column":58},"end":{"line":84,"column":null}}],"line":84},"7":{"loc":{"start":{"line":91,"column":6},"end":{"line":93,"column":null}},"type":"if","locations":[{"start":{"line":91,"column":6},"end":{"line":93,"column":null}},{"start":{},"end":{}}],"line":91},"8":{"loc":{"start":{"line":98,"column":25},"end":{"line":98,"column":null}},"type":"binary-expr","locations":[{"start":{"line":98,"column":25},"end":{"line":98,"column":40}},{"start":{"line":98,"column":44},"end":{"line":98,"column":null}}],"line":98},"9":{"loc":{"start":{"line":101,"column":6},"end":{"line":134,"column":null}},"type":"if","locations":[{"start":{"line":101,"column":6},"end":{"line":134,"column":null}},{"start":{"line":104,"column":13},"end":{"line":134,"column":null}}],"line":101},"10":{"loc":{"start":{"line":104,"column":13},"end":{"line":134,"column":null}},"type":"if","locations":[{"start":{"line":104,"column":13},"end":{"line":134,"column":null}},{"start":{"line":115,"column":13},"end":{"line":134,"column":null}}],"line":104},"11":{"loc":{"start":{"line":104,"column":17},"end":{"line":104,"column":54}},"type":"binary-expr","locations":[{"start":{"line":104,"column":17},"end":{"line":104,"column":34}},{"start":{"line":104,"column":38},"end":{"line":104,"column":54}}],"line":104},"12":{"loc":{"start":{"line":118,"column":8},"end":{"line":124,"column":null}},"type":"if","locations":[{"start":{"line":118,"column":8},"end":{"line":124,"column":null}},{"start":{"line":120,"column":15},"end":{"line":124,"column":null}}],"line":118},"13":{"loc":{"start":{"line":120,"column":15},"end":{"line":124,"column":null}},"type":"if","locations":[{"start":{"line":120,"column":15},"end":{"line":124,"column":null}},{"start":{"line":122,"column":15},"end":{"line":124,"column":null}}],"line":120},"14":{"loc":{"start":{"line":130,"column":53},"end":{"line":130,"column":88}},"type":"binary-expr","locations":[{"start":{"line":130,"column":53},"end":{"line":130,"column":68}},{"start":{"line":130,"column":72},"end":{"line":130,"column":88}}],"line":130},"15":{"loc":{"start":{"line":182,"column":7},"end":{"line":197,"column":null}},"type":"binary-expr","locations":[{"start":{"line":182,"column":7},"end":{"line":182,"column":20}},{"start":{"line":182,"column":20},"end":{"line":197,"column":null}}],"line":182},"16":{"loc":{"start":{"line":184,"column":8},"end":{"line":195,"column":null}},"type":"if","locations":[{"start":{"line":184,"column":8},"end":{"line":195,"column":null}},{"start":{},"end":{}}],"line":184},"17":{"loc":{"start":{"line":184,"column":12},"end":{"line":184,"column":75}},"type":"binary-expr","locations":[{"start":{"line":184,"column":12},"end":{"line":184,"column":45}},{"start":{"line":184,"column":45},"end":{"line":184,"column":75}}],"line":184},"18":{"loc":{"start":{"line":229,"column":20},"end":{"line":229,"column":null}},"type":"binary-expr","locations":[{"start":{"line":229,"column":20},"end":{"line":229,"column":33}},{"start":{"line":229,"column":33},"end":{"line":229,"column":47}},{"start":{"line":229,"column":47},"end":{"line":229,"column":null}}],"line":229},"19":{"loc":{"start":{"line":231,"column":12},"end":{"line":235,"column":null}},"type":"cond-expr","locations":[{"start":{"line":232,"column":16},"end":{"line":232,"column":null}},{"start":{"line":233,"column":16},"end":{"line":235,"column":null}}],"line":231},"20":{"loc":{"start":{"line":233,"column":16},"end":{"line":235,"column":null}},"type":"cond-expr","locations":[{"start":{"line":234,"column":18},"end":{"line":234,"column":null}},{"start":{"line":235,"column":18},"end":{"line":235,"column":null}}],"line":233},"21":{"loc":{"start":{"line":237,"column":21},"end":{"line":237,"column":null}},"type":"binary-expr","locations":[{"start":{"line":237,"column":21},"end":{"line":237,"column":33}},{"start":{"line":237,"column":33},"end":{"line":237,"column":null}}],"line":237}},"s":{"0":0,"1":0,"2":0,"3":0,"4":0,"5":0,"6":0,"7":0,"8":0,"9":0,"10":0,"11":0,"12":0,"13":0,"14":0,"15":0,"16":0,"17":0,"18":0,"19":0,"20":0,"21":0,"22":0,"23":0,"24":0,"25":0,"26":0,"27":0,"28":0,"29":0,"30":0,"31":0,"32":0,"33":0,"34":0,"35":0,"36":0,"37":0,"38":0,"39":0,"40":0,"41":0,"42":0,"43":0,"44":0,"45":0,"46":0,"47":0,"48":0,"49":0,"50":0,"51":0,"52":0,"53":0,"54":0,"55":0,"56":0,"57":0,"58":0,"59":0,"60":0,"61":0,"62":0,"63":0,"64":0,"65":0,"66":0,"67":0,"68":0,"69":0,"70":0,"71":0},"f":{"0":0,"1":0,"2":0,"3":0,"4":0,"5":0,"6":0,"7":0},"b":{"0":[0],"1":[0],"2":[0,0],"3":[0,0],"4":[0,0],"5":[0,0],"6":[0,0],"7":[0,0],"8":[0,0],"9":[0,0],"10":[0,0],"11":[0,0],"12":[0,0],"13":[0,0],"14":[0,0],"15":[0,0],"16":[0,0],"17":[0,0],"18":[0,0,0],"19":[0,0],"20":[0,0],"21":[0,0]},"meta":{"lastBranch":22,"lastFunction":8,"lastStatement":72,"seen":{"f:15:24:15:36":0,"b:15:74:15:78":0,"s:16:44:16:Infinity":0,"s:17:21:17:Infinity":1,"s:18:33:18:Infinity":2,"s:19:33:19:Infinity":3,"s:20:25:20:Infinity":4,"s:21:35:21:Infinity":5,"s:22:35:22:Infinity":6,"s:25:2:33:Infinity":7,"f:25:12:25:Infinity":1,"s:26:4:32:Infinity":8,"s:27:22:27:Infinity":9,"s:28:6:28:Infinity":10,"s:30:6:30:Infinity":11,"s:31:6:31:Infinity":12,"s:35:8:139:Infinity":13,"f:35:40:35:47":2,"b:35:83:35:88":1,"b:36:4:40:Infinity:undefined:undefined:undefined:undefined":2,"s:36:4:40:Infinity":14,"s:37:6:37:Infinity":15,"s:38:6:38:Infinity":16,"s:39:6:39:Infinity":17,"s:43:28:43:Infinity":18,"b:44:4:50:Infinity:undefined:undefined:undefined:undefined":3,"s:44:4:50:Infinity":19,"s:45:23:45:Infinity":20,"s:46:23:46:108":21,"s:47:6:47:Infinity":22,"s:48:6:48:Infinity":23,"s:49:6:49:Infinity":24,"b:53:4:62:Infinity:undefined:undefined:undefined:undefined":4,"s:53:4:62:Infinity":25,"s:54:37:59:Infinity":26,"s:60:6:60:Infinity":27,"s:61:6:61:Infinity":28,"s:64:4:64:Infinity":29,"s:65:4:65:Infinity":30,"b:66:4:68:Infinity:undefined:undefined:undefined:undefined":5,"s:66:4:68:Infinity":31,"s:67:6:67:Infinity":32,"s:70:4:138:Infinity":33,"s:72:22:72:Infinity":34,"s:75:23:78:Infinity":35,"s:81:35:86:Infinity":36,"b:84:17:84:58:84:58:84:Infinity":6,"s:88:6:88:Infinity":37,"s:89:6:89:Infinity":38,"b:91:6:93:Infinity:undefined:undefined:undefined:undefined":7,"s:91:6:93:Infinity":39,"s:92:8:92:Infinity":40,"s:95:6:95:Infinity":41,"s:97:22:97:Infinity":42,"s:98:25:98:Infinity":43,"b:98:25:98:40:98:44:98:Infinity":8,"b:101:6:134:Infinity:104:13:134:Infinity":9,"s:101:6:134:Infinity":44,"s:102:8:102:Infinity":45,"s:103:8:103:Infinity":46,"b:104:13:134:Infinity:115:13:134:Infinity":10,"s:104:13:134:Infinity":47,"b:104:17:104:34:104:38:104:54":11,"s:106:22:106:Infinity":48,"s:107:8:107:Infinity":49,"f:107:22:107:30":3,"s:107:30:107:Infinity":50,"s:108:8:108:Infinity":51,"s:109:8:109:Infinity":52,"s:111:8:113:Infinity":53,"f:111:19:111:Infinity":4,"s:112:10:112:Infinity":54,"s:114:8:114:Infinity":55,"s:116:8:116:Infinity":56,"b:118:8:124:Infinity:120:15:124:Infinity":12,"s:118:8:124:Infinity":57,"s:119:10:119:Infinity":58,"b:120:15:124:Infinity:122:15:124:Infinity":13,"s:120:15:124:Infinity":59,"s:121:10:121:Infinity":60,"s:123:10:123:Infinity":61,"s:127:44:132:Infinity":62,"b:130:53:130:68:130:72:130:88":14,"s:133:8:133:Infinity":63,"s:136:6:136:Infinity":64,"s:137:6:137:Infinity":65,"f:171:21:171:27":5,"s:171:27:171:Infinity":66,"b:182:7:182:20:182:20:197:Infinity":15,"f:182:21:182:Infinity":6,"s:183:23:183:Infinity":67,"b:184:8:195:Infinity:undefined:undefined:undefined:undefined":16,"s:184:8:195:Infinity":68,"b:184:12:184:45:184:45:184:75":17,"s:196:8:196:Infinity":69,"f:213:21:213:Infinity":7,"s:214:14:214:Infinity":70,"s:215:14:215:Infinity":71,"b:229:20:229:33:229:33:229:47:229:47:229:Infinity":18,"b:232:16:232:Infinity:233:16:235:Infinity":19,"b:234:18:234:Infinity:235:18:235:Infinity":20,"b:237:21:237:33:237:33:237:Infinity":21}}}
,"/Users/dark_sanjan/coding/virtual-classroom/virtual-classroom/src/components/AIOutputPanel.tsx": {"path":"/Users/dark_sanjan/coding/virtual-classroom/virtual-classroom/src/components/AIOutputPanel.tsx","statementMap":{"0":{"start":{"line":78,"column":29},"end":{"line":78,"column":null}},"1":{"start":{"line":79,"column":33},"end":{"line":79,"column":null}},"2":{"start":{"line":80,"column":31},"end":{"line":80,"column":null}},"3":{"start":{"line":81,"column":37},"end":{"line":81,"column":null}},"4":{"start":{"line":82,"column":25},"end":{"line":82,"column":null}},"5":{"start":{"line":83,"column":8},"end":{"line":83,"column":null}},"6":{"start":{"line":86,"column":8},"end":{"line":93,"column":null}},"7":{"start":{"line":87,"column":4},"end":{"line":92,"column":null}},"8":{"start":{"line":88,"column":6},"end":{"line":88,"column":null}},"9":{"start":{"line":89,"column":6},"end":{"line":89,"column":null}},"10":{"start":{"line":90,"column":6},"end":{"line":90,"column":null}},"11":{"start":{"line":91,"column":6},"end":{"line":91,"column":null}},"12":{"start":{"line":96,"column":8},"end":{"line":115,"column":null}},"13":{"start":{"line":97,"column":4},"end":{"line":114,"column":null}},"14":{"start":{"line":98,"column":6},"end":{"line":98,"column":null}},"15":{"start":{"line":101,"column":6},"end":{"line":113,"column":null}},"16":{"start":{"line":102,"column":8},"end":{"line":104,"column":null}},"17":{"start":{"line":103,"column":10},"end":{"line":103,"column":null}},"18":{"start":{"line":106,"column":8},"end":{"line":112,"column":null}},"19":{"start":{"line":118,"column":8},"end":{"line":128,"column":null}},"20":{"start":{"line":119,"column":4},"end":{"line":127,"column":null}},"21":{"start":{"line":120,"column":6},"end":{"line":120,"column":null}},"22":{"start":{"line":122,"column":6},"end":{"line":124,"column":null}},"23":{"start":{"line":123,"column":8},"end":{"line":123,"column":null}},"24":{"start":{"line":126,"column":6},"end":{"line":126,"column":null}},"25":{"start":{"line":131,"column":8},"end":{"line":137,"column":null}},"26":{"start":{"line":132,"column":4},"end":{"line":136,"column":null}},"27":{"start":{"line":133,"column":6},"end":{"line":133,"column":null}},"28":{"start":{"line":134,"column":6},"end":{"line":134,"column":null}},"29":{"start":{"line":135,"column":6},"end":{"line":135,"column":null}},"30":{"start":{"line":140,"column":2},"end":{"line":175,"column":null}},"31":{"start":{"line":141,"column":4},"end":{"line":141,"column":null}},"32":{"start":{"line":144,"column":4},"end":{"line":154,"column":null}},"33":{"start":{"line":148,"column":8},"end":{"line":148,"column":null}},"34":{"start":{"line":149,"column":8},"end":{"line":153,"column":null}},"35":{"start":{"line":150,"column":10},"end":{"line":150,"column":null}},"36":{"start":{"line":152,"column":10},"end":{"line":152,"column":null}},"37":{"start":{"line":158,"column":4},"end":{"line":158,"column":null}},"38":{"start":{"line":159,"column":4},"end":{"line":159,"column":null}},"39":{"start":{"line":160,"column":4},"end":{"line":160,"column":null}},"40":{"start":{"line":161,"column":4},"end":{"line":161,"column":null}},"41":{"start":{"line":164,"column":4},"end":{"line":174,"column":null}},"42":{"start":{"line":165,"column":6},"end":{"line":165,"column":null}},"43":{"start":{"line":166,"column":6},"end":{"line":166,"column":null}},"44":{"start":{"line":167,"column":6},"end":{"line":167,"column":null}},"45":{"start":{"line":168,"column":6},"end":{"line":168,"column":null}},"46":{"start":{"line":169,"column":6},"end":{"line":169,"column":null}},"47":{"start":{"line":171,"column":6},"end":{"line":173,"column":null}},"48":{"start":{"line":172,"column":8},"end":{"line":172,"column":null}},"49":{"start":{"line":180,"column":8},"end":{"line":192,"column":null}},"50":{"start":{"line":181,"column":4},"end":{"line":181,"column":null}},"51":{"start":{"line":181,"column":38},"end":{"line":181,"column":null}},"52":{"start":{"line":184,"column":4},"end":{"line":186,"column":null}},"53":{"start":{"line":185,"column":6},"end":{"line":185,"column":null}},"54":{"start":{"line":189,"column":4},"end":{"line":191,"column":null}},"55":{"start":{"line":190,"column":6},"end":{"line":190,"column":null}},"56":{"start":{"line":195,"column":2},"end":{"line":197,"column":null}},"57":{"start":{"line":196,"column":4},"end":{"line":196,"column":null}},"58":{"start":{"line":200,"column":24},"end":{"line":250,"column":null}},"59":{"start":{"line":201,"column":4},"end":{"line":203,"column":null}},"60":{"start":{"line":205,"column":4},"end":{"line":207,"column":null}},"61":{"start":{"line":210,"column":27},"end":{"line":243,"column":null}},"62":{"start":{"line":211,"column":6},"end":{"line":242,"column":null}},"63":{"start":{"line":288,"column":27},"end":{"line":288,"column":null}}},"fnMap":{"0":{"name":"EmptyState","decl":{"start":{"line":43,"column":9},"end":{"line":43,"column":null}},"loc":{"start":{"line":43,"column":9},"end":{"line":69,"column":null}},"line":43},"1":{"name":"AIOutputPanel","decl":{"start":{"line":77,"column":24},"end":{"line":77,"column":38}},"loc":{"start":{"line":77,"column":77},"end":{"line":341,"column":null}},"line":77},"2":{"name":"(anonymous_2)","decl":{"start":{"line":86,"column":42},"end":{"line":86,"column":43}},"loc":{"start":{"line":86,"column":43},"end":{"line":93,"column":5}},"line":86},"3":{"name":"(anonymous_3)","decl":{"start":{"line":96,"column":46},"end":{"line":96,"column":47}},"loc":{"start":{"line":96,"column":47},"end":{"line":115,"column":5}},"line":96},"4":{"name":"(anonymous_4)","decl":{"start":{"line":101,"column":17},"end":{"line":101,"column":null}},"loc":{"start":{"line":101,"column":17},"end":{"line":113,"column":null}},"line":101},"5":{"name":"(anonymous_5)","decl":{"start":{"line":118,"column":41},"end":{"line":118,"column":42}},"loc":{"start":{"line":118,"column":42},"end":{"line":128,"column":5}},"line":118},"6":{"name":"(anonymous_6)","decl":{"start":{"line":131,"column":34},"end":{"line":131,"column":35}},"loc":{"start":{"line":131,"column":35},"end":{"line":137,"column":5}},"line":131},"7":{"name":"(anonymous_7)","decl":{"start":{"line":140,"column":12},"end":{"line":140,"column":null}},"loc":{"start":{"line":140,"column":12},"end":{"line":175,"column":5}},"line":140},"8":{"name":"(anonymous_8)","decl":{"start":{"line":147,"column":6},"end":{"line":147,"column":7}},"loc":{"start":{"line":147,"column":7},"end":{"line":154,"column":null}},"line":147},"9":{"name":"(anonymous_9)","decl":{"start":{"line":164,"column":11},"end":{"line":164,"column":null}},"loc":{"start":{"line":164,"column":11},"end":{"line":174,"column":null}},"line":164},"10":{"name":"(anonymous_10)","decl":{"start":{"line":180,"column":43},"end":{"line":180,"column":44}},"loc":{"start":{"line":180,"column":44},"end":{"line":192,"column":5}},"line":180},"11":{"name":"(anonymous_11)","decl":{"start":{"line":189,"column":53},"end":{"line":189,"column":null}},"loc":{"start":{"line":189,"column":53},"end":{"line":191,"column":7}},"line":189},"12":{"name":"(anonymous_12)","decl":{"start":{"line":200,"column":24},"end":{"line":200,"column":null}},"loc":{"start":{"line":200,"column":24},"end":{"line":250,"column":null}},"line":200},"13":{"name":"(anonymous_13)","decl":{"start":{"line":210,"column":28},"end":{"line":210,"column":null}},"loc":{"start":{"line":210,"column":28},"end":{"line":243,"column":null}},"line":210},"14":{"name":"(anonymous_14)","decl":{"start":{"line":288,"column":21},"end":{"line":288,"column":27}},"loc":{"start":{"line":288,"column":27},"end":{"line":288,"column":null}},"line":288}},"branchMap":{"0":{"loc":{"start":{"line":87,"column":4},"end":{"line":92,"column":null}},"type":"if","locations":[{"start":{"line":87,"column":4},"end":{"line":92,"column":null}},{"start":{},"end":{}}],"line":87},"1":{"loc":{"start":{"line":87,"column":8},"end":{"line":87,"column":68}},"type":"binary-expr","locations":[{"start":{"line":87,"column":8},"end":{"line":87,"column":45}},{"start":{"line":87,"column":45},"end":{"line":87,"column":68}}],"line":87},"2":{"loc":{"start":{"line":97,"column":4},"end":{"line":114,"column":null}},"type":"if","locations":[{"start":{"line":97,"column":4},"end":{"line":114,"column":null}},{"start":{},"end":{}}],"line":97},"3":{"loc":{"start":{"line":97,"column":8},"end":{"line":97,"column":95}},"type":"binary-expr","locations":[{"start":{"line":97,"column":8},"end":{"line":97,"column":49}},{"start":{"line":97,"column":49},"end":{"line":97,"column":61}},{"start":{"line":97,"column":65},"end":{"line":97,"column":77}},{"start":{"line":97,"column":77},"end":{"line":97,"column":95}}],"line":97},"4":{"loc":{"start":{"line":102,"column":8},"end":{"line":104,"column":null}},"type":"if","locations":[{"start":{"line":102,"column":8},"end":{"line":104,"column":null}},{"start":{},"end":{}}],"line":102},"5":{"loc":{"start":{"line":102,"column":12},"end":{"line":102,"column":69}},"type":"binary-expr","locations":[{"start":{"line":102,"column":12},"end":{"line":102,"column":28}},{"start":{"line":102,"column":28},"end":{"line":102,"column":69}}],"line":102},"6":{"loc":{"start":{"line":119,"column":4},"end":{"line":127,"column":null}},"type":"if","locations":[{"start":{"line":119,"column":4},"end":{"line":127,"column":null}},{"start":{},"end":{}}],"line":119},"7":{"loc":{"start":{"line":119,"column":8},"end":{"line":119,"column":56}},"type":"binary-expr","locations":[{"start":{"line":119,"column":8},"end":{"line":119,"column":44}},{"start":{"line":119,"column":44},"end":{"line":119,"column":56}}],"line":119},"8":{"loc":{"start":{"line":122,"column":6},"end":{"line":124,"column":null}},"type":"if","locations":[{"start":{"line":122,"column":6},"end":{"line":124,"column":null}},{"start":{},"end":{}}],"line":122},"9":{"loc":{"start":{"line":132,"column":4},"end":{"line":136,"column":null}},"type":"if","locations":[{"start":{"line":132,"column":4},"end":{"line":136,"column":null}},{"start":{},"end":{}}],"line":132},"10":{"loc":{"start":{"line":132,"column":8},"end":{"line":132,"column":59}},"type":"binary-expr","locations":[{"start":{"line":132,"column":8},"end":{"line":132,"column":36}},{"start":{"line":132,"column":36},"end":{"line":132,"column":59}}],"line":132},"11":{"loc":{"start":{"line":149,"column":8},"end":{"line":153,"column":null}},"type":"if","locations":[{"start":{"line":149,"column":8},"end":{"line":153,"column":null}},{"start":{"line":151,"column":15},"end":{"line":153,"column":null}}],"line":149},"12":{"loc":{"start":{"line":171,"column":6},"end":{"line":173,"column":null}},"type":"if","locations":[{"start":{"line":171,"column":6},"end":{"line":173,"column":null}},{"start":{},"end":{}}],"line":171},"13":{"loc":{"start":{"line":181,"column":4},"end":{"line":181,"column":null}},"type":"if","locations":[{"start":{"line":181,"column":4},"end":{"line":181,"column":null}},{"start":{},"end":{}}],"line":181},"14":{"loc":{"start":{"line":181,"column":8},"end":{"line":181,"column":38}},"type":"binary-expr","locations":[{"start":{"line":181,"column":8},"end":{"line":181,"column":28}},{"start":{"line":181,"column":28},"end":{"line":181,"column":38}}],"line":181},"15":{"loc":{"start":{"line":184,"column":4},"end":{"line":186,"column":null}},"type":"if","locations":[{"start":{"line":184,"column":4},"end":{"line":186,"column":null}},{"start":{},"end":{}}],"line":184},"16":{"loc":{"start":{"line":195,"column":2},"end":{"line":197,"column":null}},"type":"if","locations":[{"start":{"line":195,"column":2},"end":{"line":197,"column":null}},{"start":{},"end":{}}],"line":195},"17":{"loc":{"start":{"line":195,"column":6},"end":{"line":195,"column":35}},"type":"binary-expr","locations":[{"start":{"line":195,"column":6},"end":{"line":195,"column":26}},{"start":{"line":195,"column":26},"end":{"line":195,"column":35}}],"line":195},"18":{"loc":{"start":{"line":201,"column":4},"end":{"line":203,"column":null}},"type":"if","locations":[{"start":{"line":201,"column":4},"end":{"line":203,"column":null}},{"start":{},"end":{}}],"line":201},"19":{"loc":{"start":{"line":205,"column":4},"end":{"line":207,"column":null}},"type":"if","locations":[{"start":{"line":205,"column":4},"end":{"line":207,"column":null}},{"start":{},"end":{}}],"line":205},"20":{"loc":{"start":{"line":259,"column":15},"end":{"line":259,"column":null}},"type":"binary-expr","locations":[{"start":{"line":259,"column":15},"end":{"line":259,"column":42}},{"start":{"line":259,"column":42},"end":{"line":259,"column":null}}],"line":259},"21":{"loc":{"start":{"line":273,"column":24},"end":{"line":273,"column":null}},"type":"cond-expr","locations":[{"start":{"line":273,"column":38},"end":{"line":273,"column":62}},{"start":{"line":273,"column":62},"end":{"line":273,"column":null}}],"line":273},"22":{"loc":{"start":{"line":276,"column":49},"end":{"line":276,"column":94}},"type":"cond-expr","locations":[{"start":{"line":276,"column":63},"end":{"line":276,"column":80}},{"start":{"line":276,"column":80},"end":{"line":276,"column":94}}],"line":276},"23":{"loc":{"start":{"line":280,"column":15},"end":{"line":280,"column":null}},"type":"cond-expr","locations":[{"start":{"line":280,"column":29},"end":{"line":280,"column":43}},{"start":{"line":280,"column":43},"end":{"line":280,"column":null}}],"line":280},"24":{"loc":{"start":{"line":290,"column":14},"end":{"line":292,"column":null}},"type":"cond-expr","locations":[{"start":{"line":291,"column":18},"end":{"line":291,"column":null}},{"start":{"line":292,"column":18},"end":{"line":292,"column":null}}],"line":290},"25":{"loc":{"start":{"line":294,"column":24},"end":{"line":294,"column":null}},"type":"cond-expr","locations":[{"start":{"line":294,"column":35},"end":{"line":294,"column":101}},{"start":{"line":294,"column":101},"end":{"line":294,"column":null}}],"line":294},"26":{"loc":{"start":{"line":335,"column":26},"end":{"line":335,"column":null}},"type":"cond-expr","locations":[{"start":{"line":335,"column":58},"end":{"line":335,"column":84}},{"start":{"line":335,"column":84},"end":{"line":335,"column":null}}],"line":335}},"s":{"0":0,"1":0,"2":0,"3":0,"4":0,"5":0,"6":0,"7":0,"8":0,"9":0,"10":0,"11":0,"12":0,"13":0,"14":0,"15":0,"16":0,"17":0,"18":0,"19":0,"20":0,"21":0,"22":0,"23":0,"24":0,"25":0,"26":0,"27":0,"28":0,"29":0,"30":0,"31":0,"32":0,"33":0,"34":0,"35":0,"36":0,"37":0,"38":0,"39":0,"40":0,"41":0,"42":0,"43":0,"44":0,"45":0,"46":0,"47":0,"48":0,"49":0,"50":0,"51":0,"52":0,"53":0,"54":0,"55":0,"56":0,"57":0,"58":0,"59":0,"60":0,"61":0,"62":0,"63":0},"f":{"0":0,"1":0,"2":0,"3":0,"4":0,"5":0,"6":0,"7":0,"8":0,"9":0,"10":0,"11":0,"12":0,"13":0,"14":0},"b":{"0":[0,0],"1":[0,0],"2":[0,0],"3":[0,0,0,0],"4":[0,0],"5":[0,0],"6":[0,0],"7":[0,0],"8":[0,0],"9":[0,0],"10":[0,0],"11":[0,0],"12":[0,0],"13":[0,0],"14":[0,0],"15":[0,0],"16":[0,0],"17":[0,0],"18":[0,0],"19":[0,0],"20":[0,0],"21":[0,0],"22":[0,0],"23":[0,0],"24":[0,0],"25":[0,0],"26":[0,0]},"meta":{"lastBranch":27,"lastFunction":15,"lastStatement":64,"seen":{"f:43:9:43:Infinity":0,"f:77:24:77:38":1,"s:78:29:78:Infinity":0,"s:79:33:79:Infinity":1,"s:80:31:80:Infinity":2,"s:81:37:81:Infinity":3,"s:82:25:82:Infinity":4,"s:83:8:83:Infinity":5,"s:86:8:93:Infinity":6,"f:86:42:86:43":2,"b:87:4:92:Infinity:undefined:undefined:undefined:undefined":0,"s:87:4:92:Infinity":7,"b:87:8:87:45:87:45:87:68":1,"s:88:6:88:Infinity":8,"s:89:6:89:Infinity":9,"s:90:6:90:Infinity":10,"s:91:6:91:Infinity":11,"s:96:8:115:Infinity":12,"f:96:46:96:47":3,"b:97:4:114:Infinity:undefined:undefined:undefined:undefined":2,"s:97:4:114:Infinity":13,"b:97:8:97:49:97:49:97:61:97:65:97:77:97:77:97:95":3,"s:98:6:98:Infinity":14,"s:101:6:113:Infinity":15,"f:101:17:101:Infinity":4,"b:102:8:104:Infinity:undefined:undefined:undefined:undefined":4,"s:102:8:104:Infinity":16,"b:102:12:102:28:102:28:102:69":5,"s:103:10:103:Infinity":17,"s:106:8:112:Infinity":18,"s:118:8:128:Infinity":19,"f:118:41:118:42":5,"b:119:4:127:Infinity:undefined:undefined:undefined:undefined":6,"s:119:4:127:Infinity":20,"b:119:8:119:44:119:44:119:56":7,"s:120:6:120:Infinity":21,"b:122:6:124:Infinity:undefined:undefined:undefined:undefined":8,"s:122:6:124:Infinity":22,"s:123:8:123:Infinity":23,"s:126:6:126:Infinity":24,"s:131:8:137:Infinity":25,"f:131:34:131:35":6,"b:132:4:136:Infinity:undefined:undefined:undefined:undefined":9,"s:132:4:136:Infinity":26,"b:132:8:132:36:132:36:132:59":10,"s:133:6:133:Infinity":27,"s:134:6:134:Infinity":28,"s:135:6:135:Infinity":29,"s:140:2:175:Infinity":30,"f:140:12:140:Infinity":7,"s:141:4:141:Infinity":31,"s:144:4:154:Infinity":32,"f:147:6:147:7":8,"s:148:8:148:Infinity":33,"b:149:8:153:Infinity:151:15:153:Infinity":11,"s:149:8:153:Infinity":34,"s:150:10:150:Infinity":35,"s:152:10:152:Infinity":36,"s:158:4:158:Infinity":37,"s:159:4:159:Infinity":38,"s:160:4:160:Infinity":39,"s:161:4:161:Infinity":40,"s:164:4:174:Infinity":41,"f:164:11:164:Infinity":9,"s:165:6:165:Infinity":42,"s:166:6:166:Infinity":43,"s:167:6:167:Infinity":44,"s:168:6:168:Infinity":45,"s:169:6:169:Infinity":46,"b:171:6:173:Infinity:undefined:undefined:undefined:undefined":12,"s:171:6:173:Infinity":47,"s:172:8:172:Infinity":48,"s:180:8:192:Infinity":49,"f:180:43:180:44":10,"b:181:4:181:Infinity:undefined:undefined:undefined:undefined":13,"s:181:4:181:Infinity":50,"b:181:8:181:28:181:28:181:38":14,"s:181:38:181:Infinity":51,"b:184:4:186:Infinity:undefined:undefined:undefined:undefined":15,"s:184:4:186:Infinity":52,"s:185:6:185:Infinity":53,"s:189:4:191:Infinity":54,"f:189:53:189:Infinity":11,"s:190:6:190:Infinity":55,"b:195:2:197:Infinity:undefined:undefined:undefined:undefined":16,"s:195:2:197:Infinity":56,"b:195:6:195:26:195:26:195:35":17,"s:196:4:196:Infinity":57,"s:200:24:250:Infinity":58,"f:200:24:200:Infinity":12,"b:201:4:203:Infinity:undefined:undefined:undefined:undefined":18,"s:201:4:203:Infinity":59,"b:205:4:207:Infinity:undefined:undefined:undefined:undefined":19,"s:205:4:207:Infinity":60,"s:210:27:243:Infinity":61,"f:210:28:210:Infinity":13,"s:211:6:242:Infinity":62,"b:259:15:259:42:259:42:259:Infinity":20,"b:273:38:273:62:273:62:273:Infinity":21,"b:276:63:276:80:276:80:276:94":22,"b:280:29:280:43:280:43:280:Infinity":23,"f:288:21:288:27":14,"s:288:27:288:Infinity":63,"b:291:18:291:Infinity:292:18:292:Infinity":24,"b:294:35:294:101:294:101:294:Infinity":25,"b:335:58:335:84:335:84:335:Infinity":26}}}
,"/Users/dark_sanjan/coding/virtual-classroom/virtual-classroom/src/components/AnnotationCanvas.tsx": {"path":"/Users/dark_sanjan/coding/virtual-classroom/virtual-classroom/src/components/AnnotationCanvas.tsx","statementMap":{"0":{"start":{"line":23,"column":29},"end":{"line":23,"column":null}},"1":{"start":{"line":24,"column":25},"end":{"line":24,"column":28}},"2":{"start":{"line":25,"column":39},"end":{"line":25,"column":44}},"3":{"start":{"line":26,"column":27},"end":{"line":26,"column":30}},"4":{"start":{"line":49,"column":6},"end":{"line":507,"column":null}},"5":{"start":{"line":51,"column":10},"end":{"line":51,"column":null}},"6":{"start":{"line":52,"column":35},"end":{"line":52,"column":null}},"7":{"start":{"line":53,"column":43},"end":{"line":53,"column":null}},"8":{"start":{"line":54,"column":45},"end":{"line":54,"column":null}},"9":{"start":{"line":55,"column":23},"end":{"line":55,"column":null}},"10":{"start":{"line":56,"column":10},"end":{"line":56,"column":null}},"11":{"start":{"line":57,"column":10},"end":{"line":57,"column":null}},"12":{"start":{"line":58,"column":10},"end":{"line":58,"column":null}},"13":{"start":{"line":67,"column":27},"end":{"line":114,"column":null}},"14":{"start":{"line":68,"column":6},"end":{"line":68,"column":null}},"15":{"start":{"line":68,"column":30},"end":{"line":68,"column":null}},"16":{"start":{"line":71,"column":37},"end":{"line":96,"column":null}},"17":{"start":{"line":72,"column":8},"end":{"line":72,"column":null}},"18":{"start":{"line":72,"column":29},"end":{"line":72,"column":null}},"19":{"start":{"line":75,"column":26},"end":{"line":75,"column":null}},"20":{"start":{"line":76,"column":23},"end":{"line":76,"column":null}},"21":{"start":{"line":77,"column":22},"end":{"line":77,"column":28}},"22":{"start":{"line":78,"column":20},"end":{"line":78,"column":39}},"23":{"start":{"line":80,"column":8},"end":{"line":86,"column":null}},"24":{"start":{"line":80,"column":21},"end":{"line":80,"column":24}},"25":{"start":{"line":81,"column":27},"end":{"line":81,"column":null}},"26":{"start":{"line":82,"column":10},"end":{"line":85,"column":null}},"27":{"start":{"line":83,"column":12},"end":{"line":83,"column":null}},"28":{"start":{"line":84,"column":12},"end":{"line":84,"column":null}},"29":{"start":{"line":89,"column":8},"end":{"line":95,"column":null}},"30":{"start":{"line":90,"column":23},"end":{"line":90,"column":null}},"31":{"start":{"line":91,"column":24},"end":{"line":91,"column":null}},"32":{"start":{"line":92,"column":10},"end":{"line":92,"column":null}},"33":{"start":{"line":94,"column":10},"end":{"line":94,"column":null}},"34":{"start":{"line":99,"column":36},"end":{"line":111,"column":null}},"35":{"start":{"line":100,"column":19},"end":{"line":100,"column":42}},"36":{"start":{"line":101,"column":19},"end":{"line":101,"column":42}},"37":{"start":{"line":102,"column":21},"end":{"line":102,"column":null}},"38":{"start":{"line":104,"column":8},"end":{"line":108,"column":null}},"39":{"start":{"line":105,"column":10},"end":{"line":106,"column":null}},"40":{"start":{"line":110,"column":8},"end":{"line":110,"column":null}},"41":{"start":{"line":113,"column":6},"end":{"line":113,"column":null}},"42":{"start":{"line":119,"column":26},"end":{"line":134,"column":null}},"43":{"start":{"line":120,"column":18},"end":{"line":120,"column":null}},"44":{"start":{"line":121,"column":34},"end":{"line":121,"column":65}},"45":{"start":{"line":124,"column":6},"end":{"line":126,"column":null}},"46":{"start":{"line":125,"column":8},"end":{"line":125,"column":null}},"47":{"start":{"line":128,"column":6},"end":{"line":128,"column":null}},"48":{"start":{"line":129,"column":6},"end":{"line":133,"column":null}},"49":{"start":{"line":130,"column":8},"end":{"line":130,"column":null}},"50":{"start":{"line":131,"column":8},"end":{"line":131,"column":null}},"51":{"start":{"line":132,"column":8},"end":{"line":132,"column":null}},"52":{"start":{"line":137,"column":4},"end":{"line":164,"column":null}},"53":{"start":{"line":138,"column":21},"end":{"line":138,"column":38}},"54":{"start":{"line":139,"column":6},"end":{"line":139,"column":null}},"55":{"start":{"line":139,"column":19},"end":{"line":139,"column":null}},"56":{"start":{"line":141,"column":6},"end":{"line":163,"column":null}},"57":{"start":{"line":142,"column":20},"end":{"line":142,"column":null}},"58":{"start":{"line":143,"column":8},"end":{"line":148,"column":null}},"59":{"start":{"line":144,"column":10},"end":{"line":144,"column":null}},"60":{"start":{"line":145,"column":10},"end":{"line":145,"column":null}},"61":{"start":{"line":146,"column":10},"end":{"line":146,"column":null}},"62":{"start":{"line":147,"column":10},"end":{"line":147,"column":null}},"63":{"start":{"line":151,"column":8},"end":{"line":151,"column":null}},"64":{"start":{"line":152,"column":8},"end":{"line":152,"column":null}},"65":{"start":{"line":155,"column":8},"end":{"line":155,"column":null}},"66":{"start":{"line":158,"column":8},"end":{"line":158,"column":null}},"67":{"start":{"line":160,"column":8},"end":{"line":160,"column":null}},"68":{"start":{"line":161,"column":8},"end":{"line":161,"column":null}},"69":{"start":{"line":162,"column":8},"end":{"line":162,"column":null}},"70":{"start":{"line":167,"column":4},"end":{"line":179,"column":null}},"71":{"start":{"line":168,"column":21},"end":{"line":168,"column":38}},"72":{"start":{"line":169,"column":6},"end":{"line":169,"column":null}},"73":{"start":{"line":169,"column":19},"end":{"line":169,"column":null}},"74":{"start":{"line":171,"column":6},"end":{"line":178,"column":null}},"75":{"start":{"line":172,"column":20},"end":{"line":172,"column":null}},"76":{"start":{"line":173,"column":8},"end":{"line":173,"column":null}},"77":{"start":{"line":173,"column":18},"end":{"line":173,"column":null}},"78":{"start":{"line":175,"column":8},"end":{"line":175,"column":null}},"79":{"start":{"line":177,"column":8},"end":{"line":177,"column":null}},"80":{"start":{"line":185,"column":29},"end":{"line":209,"column":null}},"81":{"start":{"line":186,"column":6},"end":{"line":208,"column":null}},"82":{"start":{"line":188,"column":8},"end":{"line":188,"column":null}},"83":{"start":{"line":191,"column":32},"end":{"line":193,"column":null}},"84":{"start":{"line":196,"column":8},"end":{"line":198,"column":null}},"85":{"start":{"line":197,"column":10},"end":{"line":197,"column":null}},"86":{"start":{"line":201,"column":8},"end":{"line":201,"column":null}},"87":{"start":{"line":202,"column":8},"end":{"line":204,"column":null}},"88":{"start":{"line":203,"column":10},"end":{"line":203,"column":null}},"89":{"start":{"line":205,"column":8},"end":{"line":205,"column":null}},"90":{"start":{"line":207,"column":8},"end":{"line":207,"column":null}},"91":{"start":{"line":214,"column":25},"end":{"line":248,"column":null}},"92":{"start":{"line":215,"column":6},"end":{"line":247,"column":null}},"93":{"start":{"line":216,"column":8},"end":{"line":216,"column":null}},"94":{"start":{"line":216,"column":38},"end":{"line":216,"column":null}},"95":{"start":{"line":218,"column":8},"end":{"line":218,"column":null}},"96":{"start":{"line":221,"column":8},"end":{"line":233,"column":null}},"97":{"start":{"line":222,"column":10},"end":{"line":222,"column":null}},"98":{"start":{"line":223,"column":10},"end":{"line":223,"column":null}},"99":{"start":{"line":224,"column":10},"end":{"line":224,"column":null}},"100":{"start":{"line":225,"column":10},"end":{"line":225,"column":null}},"101":{"start":{"line":226,"column":10},"end":{"line":226,"column":null}},"102":{"start":{"line":227,"column":15},"end":{"line":233,"column":null}},"103":{"start":{"line":228,"column":10},"end":{"line":228,"column":null}},"104":{"start":{"line":229,"column":10},"end":{"line":229,"column":50}},"105":{"start":{"line":230,"column":10},"end":{"line":230,"column":33}},"106":{"start":{"line":231,"column":10},"end":{"line":231,"column":null}},"107":{"start":{"line":232,"column":10},"end":{"line":232,"column":null}},"108":{"start":{"line":236,"column":8},"end":{"line":236,"column":null}},"109":{"start":{"line":237,"column":8},"end":{"line":237,"column":null}},"110":{"start":{"line":239,"column":8},"end":{"line":241,"column":null}},"111":{"start":{"line":239,"column":21},"end":{"line":239,"column":24}},"112":{"start":{"line":240,"column":10},"end":{"line":240,"column":null}},"113":{"start":{"line":243,"column":8},"end":{"line":243,"column":null}},"114":{"start":{"line":244,"column":8},"end":{"line":244,"column":null}},"115":{"start":{"line":246,"column":8},"end":{"line":246,"column":null}},"116":{"start":{"line":253,"column":28},"end":{"line":273,"column":null}},"117":{"start":{"line":255,"column":6},"end":{"line":257,"column":null}},"118":{"start":{"line":256,"column":8},"end":{"line":256,"column":null}},"119":{"start":{"line":259,"column":21},"end":{"line":259,"column":38}},"120":{"start":{"line":260,"column":6},"end":{"line":260,"column":null}},"121":{"start":{"line":260,"column":19},"end":{"line":260,"column":null}},"122":{"start":{"line":262,"column":19},"end":{"line":262,"column":null}},"123":{"start":{"line":263,"column":16},"end":{"line":263,"column":37}},"124":{"start":{"line":264,"column":16},"end":{"line":264,"column":36}},"125":{"start":{"line":266,"column":6},"end":{"line":266,"column":null}},"126":{"start":{"line":267,"column":6},"end":{"line":267,"column":null}},"127":{"start":{"line":270,"column":6},"end":{"line":272,"column":null}},"128":{"start":{"line":271,"column":8},"end":{"line":271,"column":null}},"129":{"start":{"line":278,"column":28},"end":{"line":330,"column":null}},"130":{"start":{"line":279,"column":6},"end":{"line":279,"column":null}},"131":{"start":{"line":279,"column":22},"end":{"line":279,"column":null}},"132":{"start":{"line":281,"column":21},"end":{"line":281,"column":38}},"133":{"start":{"line":282,"column":6},"end":{"line":282,"column":null}},"134":{"start":{"line":282,"column":19},"end":{"line":282,"column":null}},"135":{"start":{"line":284,"column":6},"end":{"line":329,"column":null}},"136":{"start":{"line":285,"column":20},"end":{"line":285,"column":null}},"137":{"start":{"line":286,"column":8},"end":{"line":286,"column":null}},"138":{"start":{"line":286,"column":18},"end":{"line":286,"column":null}},"139":{"start":{"line":288,"column":21},"end":{"line":288,"column":null}},"140":{"start":{"line":289,"column":18},"end":{"line":289,"column":39}},"141":{"start":{"line":290,"column":18},"end":{"line":290,"column":38}},"142":{"start":{"line":292,"column":8},"end":{"line":326,"column":null}},"143":{"start":{"line":294,"column":10},"end":{"line":294,"column":null}},"144":{"start":{"line":295,"column":10},"end":{"line":295,"column":null}},"145":{"start":{"line":295,"column":35},"end":{"line":295,"column":null}},"146":{"start":{"line":296,"column":15},"end":{"line":326,"column":null}},"147":{"start":{"line":298,"column":10},"end":{"line":298,"column":null}},"148":{"start":{"line":301,"column":10},"end":{"line":325,"column":null}},"149":{"start":{"line":302,"column":32},"end":{"line":302,"column":null}},"150":{"start":{"line":303,"column":12},"end":{"line":303,"column":null}},"151":{"start":{"line":306,"column":12},"end":{"line":318,"column":null}},"152":{"start":{"line":307,"column":32},"end":{"line":307,"column":null}},"153":{"start":{"line":310,"column":14},"end":{"line":315,"column":null}},"154":{"start":{"line":311,"column":34},"end":{"line":313,"column":42}},"155":{"start":{"line":314,"column":16},"end":{"line":314,"column":null}},"156":{"start":{"line":317,"column":14},"end":{"line":317,"column":null}},"157":{"start":{"line":321,"column":30},"end":{"line":323,"column":null}},"158":{"start":{"line":324,"column":12},"end":{"line":324,"column":null}},"159":{"start":{"line":328,"column":8},"end":{"line":328,"column":null}},"160":{"start":{"line":335,"column":26},"end":{"line":366,"column":null}},"161":{"start":{"line":336,"column":6},"end":{"line":336,"column":null}},"162":{"start":{"line":336,"column":22},"end":{"line":336,"column":null}},"163":{"start":{"line":338,"column":6},"end":{"line":338,"column":null}},"164":{"start":{"line":341,"column":6},"end":{"line":344,"column":null}},"165":{"start":{"line":342,"column":8},"end":{"line":342,"column":null}},"166":{"start":{"line":342,"column":33},"end":{"line":342,"column":null}},"167":{"start":{"line":343,"column":8},"end":{"line":343,"column":null}},"168":{"start":{"line":347,"column":6},"end":{"line":363,"column":null}},"169":{"start":{"line":349,"column":28},"end":{"line":351,"column":null}},"170":{"start":{"line":353,"column":41},"end":{"line":360,"column":null}},"171":{"start":{"line":362,"column":8},"end":{"line":362,"column":null}},"172":{"start":{"line":365,"column":6},"end":{"line":365,"column":null}},"173":{"start":{"line":371,"column":31},"end":{"line":398,"column":null}},"174":{"start":{"line":372,"column":6},"end":{"line":397,"column":null}},"175":{"start":{"line":373,"column":8},"end":{"line":373,"column":null}},"176":{"start":{"line":375,"column":8},"end":{"line":387,"column":null}},"177":{"start":{"line":376,"column":10},"end":{"line":376,"column":null}},"178":{"start":{"line":377,"column":10},"end":{"line":377,"column":null}},"179":{"start":{"line":378,"column":10},"end":{"line":378,"column":null}},"180":{"start":{"line":379,"column":10},"end":{"line":379,"column":null}},"181":{"start":{"line":380,"column":10},"end":{"line":380,"column":null}},"182":{"start":{"line":381,"column":15},"end":{"line":387,"column":null}},"183":{"start":{"line":382,"column":10},"end":{"line":382,"column":null}},"184":{"start":{"line":383,"column":10},"end":{"line":383,"column":null}},"185":{"start":{"line":384,"column":10},"end":{"line":384,"column":null}},"186":{"start":{"line":385,"column":10},"end":{"line":385,"column":null}},"187":{"start":{"line":386,"column":10},"end":{"line":386,"column":null}},"188":{"start":{"line":389,"column":8},"end":{"line":389,"column":null}},"189":{"start":{"line":390,"column":8},"end":{"line":390,"column":null}},"190":{"start":{"line":391,"column":8},"end":{"line":391,"column":null}},"191":{"start":{"line":392,"column":8},"end":{"line":392,"column":null}},"192":{"start":{"line":394,"column":8},"end":{"line":394,"column":null}},"193":{"start":{"line":396,"column":8},"end":{"line":396,"column":null}},"194":{"start":{"line":403,"column":25},"end":{"line":423,"column":null}},"195":{"start":{"line":404,"column":21},"end":{"line":404,"column":38}},"196":{"start":{"line":405,"column":6},"end":{"line":405,"column":null}},"197":{"start":{"line":405,"column":19},"end":{"line":405,"column":null}},"198":{"start":{"line":407,"column":6},"end":{"line":422,"column":null}},"199":{"start":{"line":408,"column":20},"end":{"line":408,"column":null}},"200":{"start":{"line":409,"column":8},"end":{"line":409,"column":null}},"201":{"start":{"line":409,"column":18},"end":{"line":409,"column":null}},"202":{"start":{"line":411,"column":28},"end":{"line":411,"column":null}},"203":{"start":{"line":414,"column":8},"end":{"line":414,"column":null}},"204":{"start":{"line":415,"column":8},"end":{"line":415,"column":null}},"205":{"start":{"line":416,"column":8},"end":{"line":416,"column":null}},"206":{"start":{"line":417,"column":8},"end":{"line":417,"column":null}},"207":{"start":{"line":418,"column":8},"end":{"line":418,"column":null}},"208":{"start":{"line":419,"column":8},"end":{"line":419,"column":null}},"209":{"start":{"line":421,"column":8},"end":{"line":421,"column":null}},"210":{"start":{"line":428,"column":24},"end":{"line":440,"column":null}},"211":{"start":{"line":429,"column":21},"end":{"line":429,"column":38}},"212":{"start":{"line":430,"column":6},"end":{"line":430,"column":null}},"213":{"start":{"line":430,"column":19},"end":{"line":430,"column":null}},"214":{"start":{"line":432,"column":6},"end":{"line":439,"column":null}},"215":{"start":{"line":433,"column":20},"end":{"line":433,"column":null}},"216":{"start":{"line":434,"column":8},"end":{"line":434,"column":null}},"217":{"start":{"line":434,"column":18},"end":{"line":434,"column":null}},"218":{"start":{"line":436,"column":8},"end":{"line":436,"column":null}},"219":{"start":{"line":438,"column":8},"end":{"line":438,"column":null}},"220":{"start":{"line":445,"column":26},"end":{"line":457,"column":null}},"221":{"start":{"line":446,"column":21},"end":{"line":446,"column":38}},"222":{"start":{"line":447,"column":6},"end":{"line":447,"column":null}},"223":{"start":{"line":447,"column":19},"end":{"line":447,"column":null}},"224":{"start":{"line":449,"column":6},"end":{"line":456,"column":null}},"225":{"start":{"line":450,"column":20},"end":{"line":450,"column":null}},"226":{"start":{"line":451,"column":8},"end":{"line":451,"column":null}},"227":{"start":{"line":451,"column":18},"end":{"line":451,"column":null}},"228":{"start":{"line":453,"column":8},"end":{"line":453,"column":null}},"229":{"start":{"line":455,"column":8},"end":{"line":455,"column":null}},"230":{"start":{"line":460,"column":4},"end":{"line":463,"column":null}},"231":{"start":{"line":460,"column":36},"end":{"line":463,"column":null}},"232":{"start":{"line":466,"column":27},"end":{"line":481,"column":null}},"233":{"start":{"line":467,"column":6},"end":{"line":480,"column":null}},"234":{"start":{"line":469,"column":10},"end":{"line":469,"column":null}},"235":{"start":{"line":471,"column":10},"end":{"line":471,"column":null}},"236":{"start":{"line":473,"column":10},"end":{"line":473,"column":null}},"237":{"start":{"line":475,"column":10},"end":{"line":475,"column":28}},"238":{"start":{"line":477,"column":10},"end":{"line":477,"column":28}},"239":{"start":{"line":479,"column":10},"end":{"line":479,"column":null}},"240":{"start":{"line":484,"column":4},"end":{"line":486,"column":null}},"241":{"start":{"line":485,"column":6},"end":{"line":485,"column":null}},"242":{"start":{"line":510,"column":0},"end":{"line":510,"column":null}}},"fnMap":{"0":{"name":"(anonymous_0)","decl":{"start":{"line":50,"column":2},"end":{"line":50,"column":3}},"loc":{"start":{"line":50,"column":103},"end":{"line":507,"column":null}},"line":50},"1":{"name":"(anonymous_1)","decl":{"start":{"line":67,"column":27},"end":{"line":67,"column":28}},"loc":{"start":{"line":67,"column":83},"end":{"line":114,"column":null}},"line":67},"2":{"name":"(anonymous_2)","decl":{"start":{"line":71,"column":37},"end":{"line":71,"column":38}},"loc":{"start":{"line":71,"column":52},"end":{"line":96,"column":null}},"line":71},"3":{"name":"(anonymous_3)","decl":{"start":{"line":99,"column":36},"end":{"line":99,"column":37}},"loc":{"start":{"line":99,"column":69},"end":{"line":111,"column":null}},"line":99},"4":{"name":"(anonymous_4)","decl":{"start":{"line":119,"column":26},"end":{"line":119,"column":27}},"loc":{"start":{"line":119,"column":58},"end":{"line":134,"column":null}},"line":119},"5":{"name":"(anonymous_5)","decl":{"start":{"line":129,"column":28},"end":{"line":129,"column":null}},"loc":{"start":{"line":129,"column":28},"end":{"line":133,"column":null}},"line":129},"6":{"name":"(anonymous_6)","decl":{"start":{"line":137,"column":14},"end":{"line":137,"column":null}},"loc":{"start":{"line":137,"column":14},"end":{"line":164,"column":7}},"line":137},"7":{"name":"(anonymous_7)","decl":{"start":{"line":167,"column":14},"end":{"line":167,"column":null}},"loc":{"start":{"line":167,"column":14},"end":{"line":179,"column":7}},"line":167},"8":{"name":"(anonymous_8)","decl":{"start":{"line":185,"column":29},"end":{"line":185,"column":30}},"loc":{"start":{"line":185,"column":61},"end":{"line":209,"column":null}},"line":185},"9":{"name":"(anonymous_9)","decl":{"start":{"line":202,"column":32},"end":{"line":202,"column":null}},"loc":{"start":{"line":202,"column":32},"end":{"line":204,"column":null}},"line":202},"10":{"name":"(anonymous_10)","decl":{"start":{"line":214,"column":25},"end":{"line":214,"column":26}},"loc":{"start":{"line":214,"column":57},"end":{"line":248,"column":null}},"line":214},"11":{"name":"(anonymous_11)","decl":{"start":{"line":253,"column":28},"end":{"line":253,"column":29}},"loc":{"start":{"line":253,"column":29},"end":{"line":273,"column":null}},"line":253},"12":{"name":"(anonymous_12)","decl":{"start":{"line":278,"column":28},"end":{"line":278,"column":29}},"loc":{"start":{"line":278,"column":29},"end":{"line":330,"column":null}},"line":278},"13":{"name":"(anonymous_13)","decl":{"start":{"line":295,"column":27},"end":{"line":295,"column":35}},"loc":{"start":{"line":295,"column":35},"end":{"line":295,"column":null}},"line":295},"14":{"name":"(anonymous_14)","decl":{"start":{"line":306,"column":29},"end":{"line":306,"column":null}},"loc":{"start":{"line":306,"column":29},"end":{"line":318,"column":null}},"line":306},"15":{"name":"(anonymous_15)","decl":{"start":{"line":310,"column":34},"end":{"line":310,"column":35}},"loc":{"start":{"line":310,"column":42},"end":{"line":315,"column":null}},"line":310},"16":{"name":"(anonymous_16)","decl":{"start":{"line":335,"column":26},"end":{"line":335,"column":null}},"loc":{"start":{"line":335,"column":26},"end":{"line":366,"column":null}},"line":335},"17":{"name":"(anonymous_17)","decl":{"start":{"line":342,"column":25},"end":{"line":342,"column":33}},"loc":{"start":{"line":342,"column":33},"end":{"line":342,"column":null}},"line":342},"18":{"name":"(anonymous_18)","decl":{"start":{"line":371,"column":31},"end":{"line":371,"column":32}},"loc":{"start":{"line":371,"column":76},"end":{"line":398,"column":null}},"line":371},"19":{"name":"(anonymous_19)","decl":{"start":{"line":403,"column":25},"end":{"line":403,"column":26}},"loc":{"start":{"line":403,"column":37},"end":{"line":423,"column":null}},"line":403},"20":{"name":"(anonymous_20)","decl":{"start":{"line":428,"column":24},"end":{"line":428,"column":null}},"loc":{"start":{"line":428,"column":24},"end":{"line":440,"column":null}},"line":428},"21":{"name":"(anonymous_21)","decl":{"start":{"line":445,"column":26},"end":{"line":445,"column":27}},"loc":{"start":{"line":445,"column":27},"end":{"line":457,"column":null}},"line":445},"22":{"name":"(anonymous_22)","decl":{"start":{"line":460,"column":29},"end":{"line":460,"column":36}},"loc":{"start":{"line":460,"column":36},"end":{"line":463,"column":null}},"line":460},"23":{"name":"(anonymous_23)","decl":{"start":{"line":466,"column":27},"end":{"line":466,"column":null}},"loc":{"start":{"line":466,"column":27},"end":{"line":481,"column":null}},"line":466}},"branchMap":{"0":{"loc":{"start":{"line":50,"column":52},"end":{"line":50,"column":61}},"type":"default-arg","locations":[{"start":{"line":50,"column":60},"end":{"line":50,"column":61}}],"line":50},"1":{"loc":{"start":{"line":50,"column":81},"end":{"line":50,"column":99}},"type":"default-arg","locations":[{"start":{"line":50,"column":97},"end":{"line":50,"column":99}}],"line":50},"2":{"loc":{"start":{"line":67,"column":45},"end":{"line":67,"column":83}},"type":"default-arg","locations":[{"start":{"line":67,"column":65},"end":{"line":67,"column":83}}],"line":67},"3":{"loc":{"start":{"line":68,"column":6},"end":{"line":68,"column":null}},"type":"if","locations":[{"start":{"line":68,"column":6},"end":{"line":68,"column":null}},{"start":{},"end":{}}],"line":68},"4":{"loc":{"start":{"line":72,"column":8},"end":{"line":72,"column":null}},"type":"if","locations":[{"start":{"line":72,"column":8},"end":{"line":72,"column":null}},{"start":{},"end":{}}],"line":72},"5":{"loc":{"start":{"line":82,"column":10},"end":{"line":85,"column":null}},"type":"if","locations":[{"start":{"line":82,"column":10},"end":{"line":85,"column":null}},{"start":{},"end":{}}],"line":82},"6":{"loc":{"start":{"line":89,"column":8},"end":{"line":95,"column":null}},"type":"if","locations":[{"start":{"line":89,"column":8},"end":{"line":95,"column":null}},{"start":{"line":93,"column":15},"end":{"line":95,"column":null}}],"line":89},"7":{"loc":{"start":{"line":104,"column":8},"end":{"line":108,"column":null}},"type":"if","locations":[{"start":{"line":104,"column":8},"end":{"line":108,"column":null}},{"start":{},"end":{}}],"line":104},"8":{"loc":{"start":{"line":124,"column":6},"end":{"line":126,"column":null}},"type":"if","locations":[{"start":{"line":124,"column":6},"end":{"line":126,"column":null}},{"start":{},"end":{}}],"line":124},"9":{"loc":{"start":{"line":124,"column":10},"end":{"line":124,"column":64}},"type":"binary-expr","locations":[{"start":{"line":124,"column":10},"end":{"line":124,"column":38}},{"start":{"line":124,"column":38},"end":{"line":124,"column":64}}],"line":124},"10":{"loc":{"start":{"line":139,"column":6},"end":{"line":139,"column":null}},"type":"if","locations":[{"start":{"line":139,"column":6},"end":{"line":139,"column":null}},{"start":{},"end":{}}],"line":139},"11":{"loc":{"start":{"line":143,"column":8},"end":{"line":148,"column":null}},"type":"if","locations":[{"start":{"line":143,"column":8},"end":{"line":148,"column":null}},{"start":{},"end":{}}],"line":143},"12":{"loc":{"start":{"line":169,"column":6},"end":{"line":169,"column":null}},"type":"if","locations":[{"start":{"line":169,"column":6},"end":{"line":169,"column":null}},{"start":{},"end":{}}],"line":169},"13":{"loc":{"start":{"line":173,"column":8},"end":{"line":173,"column":null}},"type":"if","locations":[{"start":{"line":173,"column":8},"end":{"line":173,"column":null}},{"start":{},"end":{}}],"line":173},"14":{"loc":{"start":{"line":191,"column":32},"end":{"line":193,"column":null}},"type":"cond-expr","locations":[{"start":{"line":192,"column":12},"end":{"line":192,"column":null}},{"start":{"line":193,"column":12},"end":{"line":193,"column":null}}],"line":191},"15":{"loc":{"start":{"line":196,"column":8},"end":{"line":198,"column":null}},"type":"if","locations":[{"start":{"line":196,"column":8},"end":{"line":198,"column":null}},{"start":{},"end":{}}],"line":196},"16":{"loc":{"start":{"line":196,"column":12},"end":{"line":196,"column":92}},"type":"binary-expr","locations":[{"start":{"line":196,"column":12},"end":{"line":196,"column":53}},{"start":{"line":196,"column":53},"end":{"line":196,"column":92}}],"line":196},"17":{"loc":{"start":{"line":216,"column":8},"end":{"line":216,"column":null}},"type":"if","locations":[{"start":{"line":216,"column":8},"end":{"line":216,"column":null}},{"start":{},"end":{}}],"line":216},"18":{"loc":{"start":{"line":221,"column":8},"end":{"line":233,"column":null}},"type":"if","locations":[{"start":{"line":221,"column":8},"end":{"line":233,"column":null}},{"start":{"line":227,"column":15},"end":{"line":233,"column":null}}],"line":221},"19":{"loc":{"start":{"line":227,"column":15},"end":{"line":233,"column":null}},"type":"if","locations":[{"start":{"line":227,"column":15},"end":{"line":233,"column":null}},{"start":{},"end":{}}],"line":227},"20":{"loc":{"start":{"line":255,"column":6},"end":{"line":257,"column":null}},"type":"if","locations":[{"start":{"line":255,"column":6},"end":{"line":257,"column":null}},{"start":{},"end":{}}],"line":255},"21":{"loc":{"start":{"line":255,"column":10},"end":{"line":255,"column":73}},"type":"binary-expr","locations":[{"start":{"line":255,"column":10},"end":{"line":255,"column":28}},{"start":{"line":255,"column":28},"end":{"line":255,"column":54}},{"start":{"line":255,"column":54},"end":{"line":255,"column":73}}],"line":255},"22":{"loc":{"start":{"line":260,"column":6},"end":{"line":260,"column":null}},"type":"if","locations":[{"start":{"line":260,"column":6},"end":{"line":260,"column":null}},{"start":{},"end":{}}],"line":260},"23":{"loc":{"start":{"line":270,"column":6},"end":{"line":272,"column":null}},"type":"if","locations":[{"start":{"line":270,"column":6},"end":{"line":272,"column":null}},{"start":{},"end":{}}],"line":270},"24":{"loc":{"start":{"line":279,"column":6},"end":{"line":279,"column":null}},"type":"if","locations":[{"start":{"line":279,"column":6},"end":{"line":279,"column":null}},{"start":{},"end":{}}],"line":279},"25":{"loc":{"start":{"line":282,"column":6},"end":{"line":282,"column":null}},"type":"if","locations":[{"start":{"line":282,"column":6},"end":{"line":282,"column":null}},{"start":{},"end":{}}],"line":282},"26":{"loc":{"start":{"line":286,"column":8},"end":{"line":286,"column":null}},"type":"if","locations":[{"start":{"line":286,"column":8},"end":{"line":286,"column":null}},{"start":{},"end":{}}],"line":286},"27":{"loc":{"start":{"line":292,"column":8},"end":{"line":326,"column":null}},"type":"if","locations":[{"start":{"line":292,"column":8},"end":{"line":326,"column":null}},{"start":{"line":296,"column":15},"end":{"line":326,"column":null}}],"line":292},"28":{"loc":{"start":{"line":296,"column":15},"end":{"line":326,"column":null}},"type":"if","locations":[{"start":{"line":296,"column":15},"end":{"line":326,"column":null}},{"start":{},"end":{}}],"line":296},"29":{"loc":{"start":{"line":296,"column":19},"end":{"line":296,"column":61}},"type":"binary-expr","locations":[{"start":{"line":296,"column":19},"end":{"line":296,"column":37}},{"start":{"line":296,"column":37},"end":{"line":296,"column":61}}],"line":296},"30":{"loc":{"start":{"line":301,"column":10},"end":{"line":325,"column":null}},"type":"if","locations":[{"start":{"line":301,"column":10},"end":{"line":325,"column":null}},{"start":{"line":319,"column":17},"end":{"line":325,"column":null}}],"line":301},"31":{"loc":{"start":{"line":311,"column":34},"end":{"line":313,"column":42}},"type":"cond-expr","locations":[{"start":{"line":312,"column":21},"end":{"line":312,"column":null}},{"start":{"line":313,"column":20},"end":{"line":313,"column":42}}],"line":311},"32":{"loc":{"start":{"line":312,"column":21},"end":{"line":312,"column":null}},"type":"cond-expr","locations":[{"start":{"line":312,"column":39},"end":{"line":312,"column":60}},{"start":{"line":312,"column":63},"end":{"line":312,"column":null}}],"line":312},"33":{"loc":{"start":{"line":321,"column":30},"end":{"line":323,"column":null}},"type":"cond-expr","locations":[{"start":{"line":322,"column":16},"end":{"line":322,"column":55}},{"start":{"line":323,"column":16},"end":{"line":323,"column":null}}],"line":321},"34":{"loc":{"start":{"line":336,"column":6},"end":{"line":336,"column":null}},"type":"if","locations":[{"start":{"line":336,"column":6},"end":{"line":336,"column":null}},{"start":{},"end":{}}],"line":336},"35":{"loc":{"start":{"line":341,"column":6},"end":{"line":344,"column":null}},"type":"if","locations":[{"start":{"line":341,"column":6},"end":{"line":344,"column":null}},{"start":{},"end":{}}],"line":341},"36":{"loc":{"start":{"line":347,"column":6},"end":{"line":363,"column":null}},"type":"if","locations":[{"start":{"line":347,"column":6},"end":{"line":363,"column":null}},{"start":{},"end":{}}],"line":347},"37":{"loc":{"start":{"line":347,"column":10},"end":{"line":347,"column":82}},"type":"binary-expr","locations":[{"start":{"line":347,"column":11},"end":{"line":347,"column":29}},{"start":{"line":347,"column":29},"end":{"line":347,"column":50}},{"start":{"line":347,"column":56},"end":{"line":347,"column":82}}],"line":347},"38":{"loc":{"start":{"line":349,"column":28},"end":{"line":351,"column":null}},"type":"cond-expr","locations":[{"start":{"line":350,"column":12},"end":{"line":350,"column":null}},{"start":{"line":351,"column":12},"end":{"line":351,"column":null}}],"line":349},"39":{"loc":{"start":{"line":375,"column":8},"end":{"line":387,"column":null}},"type":"if","locations":[{"start":{"line":375,"column":8},"end":{"line":387,"column":null}},{"start":{"line":381,"column":15},"end":{"line":387,"column":null}}],"line":375},"40":{"loc":{"start":{"line":381,"column":15},"end":{"line":387,"column":null}},"type":"if","locations":[{"start":{"line":381,"column":15},"end":{"line":387,"column":null}},{"start":{},"end":{}}],"line":381},"41":{"loc":{"start":{"line":405,"column":6},"end":{"line":405,"column":null}},"type":"if","locations":[{"start":{"line":405,"column":6},"end":{"line":405,"column":null}},{"start":{},"end":{}}],"line":405},"42":{"loc":{"start":{"line":409,"column":8},"end":{"line":409,"column":null}},"type":"if","locations":[{"start":{"line":409,"column":8},"end":{"line":409,"column":null}},{"start":{},"end":{}}],"line":409},"43":{"loc":{"start":{"line":430,"column":6},"end":{"line":430,"column":null}},"type":"if","locations":[{"start":{"line":430,"column":6},"end":{"line":430,"column":null}},{"start":{},"end":{}}],"line":430},"44":{"loc":{"start":{"line":434,"column":8},"end":{"line":434,"column":null}},"type":"if","locations":[{"start":{"line":434,"column":8},"end":{"line":434,"column":null}},{"start":{},"end":{}}],"line":434},"45":{"loc":{"start":{"line":447,"column":6},"end":{"line":447,"column":null}},"type":"if","locations":[{"start":{"line":447,"column":6},"end":{"line":447,"column":null}},{"start":{},"end":{}}],"line":447},"46":{"loc":{"start":{"line":451,"column":8},"end":{"line":451,"column":null}},"type":"if","locations":[{"start":{"line":451,"column":8},"end":{"line":451,"column":null}},{"start":{},"end":{}}],"line":451},"47":{"loc":{"start":{"line":467,"column":6},"end":{"line":480,"column":null}},"type":"switch","locations":[{"start":{"line":468,"column":8},"end":{"line":469,"column":null}},{"start":{"line":470,"column":8},"end":{"line":471,"column":null}},{"start":{"line":472,"column":8},"end":{"line":473,"column":null}},{"start":{"line":474,"column":8},"end":{"line":475,"column":28}},{"start":{"line":476,"column":8},"end":{"line":477,"column":28}},{"start":{"line":478,"column":8},"end":{"line":479,"column":null}}],"line":467},"48":{"loc":{"start":{"line":484,"column":4},"end":{"line":486,"column":null}},"type":"if","locations":[{"start":{"line":484,"column":4},"end":{"line":486,"column":null}},{"start":{},"end":{}}],"line":484}},"s":{"0":0,"1":0,"2":0,"3":0,"4":0,"5":0,"6":0,"7":0,"8":0,"9":0,"10":0,"11":0,"12":0,"13":0,"14":0,"15":0,"16":0,"17":0,"18":0,"19":0,"20":0,"21":0,"22":0,"23":0,"24":0,"25":0,"26":0,"27":0,"28":0,"29":0,"30":0,"31":0,"32":0,"33":0,"34":0,"35":0,"36":0,"37":0,"38":0,"39":0,"40":0,"41":0,"42":0,"43":0,"44":0,"45":0,"46":0,"47":0,"48":0,"49":0,"50":0,"51":0,"52":0,"53":0,"54":0,"55":0,"56":0,"57":0,"58":0,"59":0,"60":0,"61":0,"62":0,"63":0,"64":0,"65":0,"66":0,"67":0,"68":0,"69":0,"70":0,"71":0,"72":0,"73":0,"74":0,"75":0,"76":0,"77":0,"78":0,"79":0,"80":0,"81":0,"82":0,"83":0,"84":0,"85":0,"86":0,"87":0,"88":0,"89":0,"90":0,"91":0,"92":0,"93":0,"94":0,"95":0,"96":0,"97":0,"98":0,"99":0,"100":0,"101":0,"102":0,"103":0,"104":0,"105":0,"106":0,"107":0,"108":0,"109":0,"110":0,"111":0,"112":0,"113":0,"114":0,"115":0,"116":0,"117":0,"118":0,"119":0,"120":0,"121":0,"122":0,"123":0,"124":0,"125":0,"126":0,"127":0,"128":0,"129":0,"130":0,"131":0,"132":0,"133":0,"134":0,"135":0,"136":0,"137":0,"138":0,"139":0,"140":0,"141":0,"142":0,"143":0,"144":0,"145":0,"146":0,"147":0,"148":0,"149":0,"150":0,"151":0,"152":0,"153":0,"154":0,"155":0,"156":0,"157":0,"158":0,"159":0,"160":0,"161":0,"162":0,"163":0,"164":0,"165":0,"166":0,"167":0,"168":0,"169":0,"170":0,"171":0,"172":0,"173":0,"174":0,"175":0,"176":0,"177":0,"178":0,"179":0,"180":0,"181":0,"182":0,"183":0,"184":0,"185":0,"186":0,"187":0,"188":0,"189":0,"190":0,"191":0,"192":0,"193":0,"194":0,"195":0,"196":0,"197":0,"198":0,"199":0,"200":0,"201":0,"202":0,"203":0,"204":0,"205":0,"206":0,"207":0,"208":0,"209":0,"210":0,"211":0,"212":0,"213":0,"214":0,"215":0,"216":0,"217":0,"218":0,"219":0,"220":0,"221":0,"222":0,"223":0,"224":0,"225":0,"226":0,"227":0,"228":0,"229":0,"230":0,"231":0,"232":0,"233":0,"234":0,"235":0,"236":0,"237":0,"238":0,"239":0,"240":0,"241":0,"242":0},"f":{"0":0,"1":0,"2":0,"3":0,"4":0,"5":0,"6":0,"7":0,"8":0,"9":0,"10":0,"11":0,"12":0,"13":0,"14":0,"15":0,"16":0,"17":0,"18":0,"19":0,"20":0,"21":0,"22":0,"23":0},"b":{"0":[0],"1":[0],"2":[0],"3":[0,0],"4":[0,0],"5":[0,0],"6":[0,0],"7":[0,0],"8":[0,0],"9":[0,0],"10":[0,0],"11":[0,0],"12":[0,0],"13":[0,0],"14":[0,0],"15":[0,0],"16":[0,0],"17":[0,0],"18":[0,0],"19":[0,0],"20":[0,0],"21":[0,0,0],"22":[0,0],"23":[0,0],"24":[0,0],"25":[0,0],"26":[0,0],"27":[0,0],"28":[0,0],"29":[0,0],"30":[0,0],"31":[0,0],"32":[0,0],"33":[0,0],"34":[0,0],"35":[0,0],"36":[0,0],"37":[0,0,0],"38":[0,0],"39":[0,0],"40":[0,0],"41":[0,0],"42":[0,0],"43":[0,0],"44":[0,0],"45":[0,0],"46":[0,0],"47":[0,0,0,0,0,0],"48":[0,0]},"meta":{"lastBranch":49,"lastFunction":24,"lastStatement":243,"seen":{"s:23:29:23:Infinity":0,"s:24:25:24:28":1,"s:25:39:25:44":2,"s:26:27:26:30":3,"s:49:6:507:Infinity":4,"f:50:2:50:3":0,"b:50:60:50:61":0,"b:50:97:50:99":1,"s:51:10:51:Infinity":5,"s:52:35:52:Infinity":6,"s:53:43:53:Infinity":7,"s:54:45:54:Infinity":8,"s:55:23:55:Infinity":9,"s:56:10:56:Infinity":10,"s:57:10:57:Infinity":11,"s:58:10:58:Infinity":12,"s:67:27:114:Infinity":13,"f:67:27:67:28":1,"b:67:65:67:83":2,"b:68:6:68:Infinity:undefined:undefined:undefined:undefined":3,"s:68:6:68:Infinity":14,"s:68:30:68:Infinity":15,"s:71:37:96:Infinity":16,"f:71:37:71:38":2,"b:72:8:72:Infinity:undefined:undefined:undefined:undefined":4,"s:72:8:72:Infinity":17,"s:72:29:72:Infinity":18,"s:75:26:75:Infinity":19,"s:76:23:76:Infinity":20,"s:77:22:77:28":21,"s:78:20:78:39":22,"s:80:8:86:Infinity":23,"s:80:21:80:24":24,"s:81:27:81:Infinity":25,"b:82:10:85:Infinity:undefined:undefined:undefined:undefined":5,"s:82:10:85:Infinity":26,"s:83:12:83:Infinity":27,"s:84:12:84:Infinity":28,"b:89:8:95:Infinity:93:15:95:Infinity":6,"s:89:8:95:Infinity":29,"s:90:23:90:Infinity":30,"s:91:24:91:Infinity":31,"s:92:10:92:Infinity":32,"s:94:10:94:Infinity":33,"s:99:36:111:Infinity":34,"f:99:36:99:37":3,"s:100:19:100:42":35,"s:101:19:101:42":36,"s:102:21:102:Infinity":37,"b:104:8:108:Infinity:undefined:undefined:undefined:undefined":7,"s:104:8:108:Infinity":38,"s:105:10:106:Infinity":39,"s:110:8:110:Infinity":40,"s:113:6:113:Infinity":41,"s:119:26:134:Infinity":42,"f:119:26:119:27":4,"s:120:18:120:Infinity":43,"s:121:34:121:65":44,"b:124:6:126:Infinity:undefined:undefined:undefined:undefined":8,"s:124:6:126:Infinity":45,"b:124:10:124:38:124:38:124:64":9,"s:125:8:125:Infinity":46,"s:128:6:128:Infinity":47,"s:129:6:133:Infinity":48,"f:129:28:129:Infinity":5,"s:130:8:130:Infinity":49,"s:131:8:131:Infinity":50,"s:132:8:132:Infinity":51,"s:137:4:164:Infinity":52,"f:137:14:137:Infinity":6,"s:138:21:138:38":53,"b:139:6:139:Infinity:undefined:undefined:undefined:undefined":10,"s:139:6:139:Infinity":54,"s:139:19:139:Infinity":55,"s:141:6:163:Infinity":56,"s:142:20:142:Infinity":57,"b:143:8:148:Infinity:undefined:undefined:undefined:undefined":11,"s:143:8:148:Infinity":58,"s:144:10:144:Infinity":59,"s:145:10:145:Infinity":60,"s:146:10:146:Infinity":61,"s:147:10:147:Infinity":62,"s:151:8:151:Infinity":63,"s:152:8:152:Infinity":64,"s:155:8:155:Infinity":65,"s:158:8:158:Infinity":66,"s:160:8:160:Infinity":67,"s:161:8:161:Infinity":68,"s:162:8:162:Infinity":69,"s:167:4:179:Infinity":70,"f:167:14:167:Infinity":7,"s:168:21:168:38":71,"b:169:6:169:Infinity:undefined:undefined:undefined:undefined":12,"s:169:6:169:Infinity":72,"s:169:19:169:Infinity":73,"s:171:6:178:Infinity":74,"s:172:20:172:Infinity":75,"b:173:8:173:Infinity:undefined:undefined:undefined:undefined":13,"s:173:8:173:Infinity":76,"s:173:18:173:Infinity":77,"s:175:8:175:Infinity":78,"s:177:8:177:Infinity":79,"s:185:29:209:Infinity":80,"f:185:29:185:30":8,"s:186:6:208:Infinity":81,"s:188:8:188:Infinity":82,"s:191:32:193:Infinity":83,"b:192:12:192:Infinity:193:12:193:Infinity":14,"b:196:8:198:Infinity:undefined:undefined:undefined:undefined":15,"s:196:8:198:Infinity":84,"b:196:12:196:53:196:53:196:92":16,"s:197:10:197:Infinity":85,"s:201:8:201:Infinity":86,"s:202:8:204:Infinity":87,"f:202:32:202:Infinity":9,"s:203:10:203:Infinity":88,"s:205:8:205:Infinity":89,"s:207:8:207:Infinity":90,"s:214:25:248:Infinity":91,"f:214:25:214:26":10,"s:215:6:247:Infinity":92,"b:216:8:216:Infinity:undefined:undefined:undefined:undefined":17,"s:216:8:216:Infinity":93,"s:216:38:216:Infinity":94,"s:218:8:218:Infinity":95,"b:221:8:233:Infinity:227:15:233:Infinity":18,"s:221:8:233:Infinity":96,"s:222:10:222:Infinity":97,"s:223:10:223:Infinity":98,"s:224:10:224:Infinity":99,"s:225:10:225:Infinity":100,"s:226:10:226:Infinity":101,"b:227:15:233:Infinity:undefined:undefined:undefined:undefined":19,"s:227:15:233:Infinity":102,"s:228:10:228:Infinity":103,"s:229:10:229:50":104,"s:230:10:230:33":105,"s:231:10:231:Infinity":106,"s:232:10:232:Infinity":107,"s:236:8:236:Infinity":108,"s:237:8:237:Infinity":109,"s:239:8:241:Infinity":110,"s:239:21:239:24":111,"s:240:10:240:Infinity":112,"s:243:8:243:Infinity":113,"s:244:8:244:Infinity":114,"s:246:8:246:Infinity":115,"s:253:28:273:Infinity":116,"f:253:28:253:29":11,"b:255:6:257:Infinity:undefined:undefined:undefined:undefined":20,"s:255:6:257:Infinity":117,"b:255:10:255:28:255:28:255:54:255:54:255:73":21,"s:256:8:256:Infinity":118,"s:259:21:259:38":119,"b:260:6:260:Infinity:undefined:undefined:undefined:undefined":22,"s:260:6:260:Infinity":120,"s:260:19:260:Infinity":121,"s:262:19:262:Infinity":122,"s:263:16:263:37":123,"s:264:16:264:36":124,"s:266:6:266:Infinity":125,"s:267:6:267:Infinity":126,"b:270:6:272:Infinity:undefined:undefined:undefined:undefined":23,"s:270:6:272:Infinity":127,"s:271:8:271:Infinity":128,"s:278:28:330:Infinity":129,"f:278:28:278:29":12,"b:279:6:279:Infinity:undefined:undefined:undefined:undefined":24,"s:279:6:279:Infinity":130,"s:279:22:279:Infinity":131,"s:281:21:281:38":132,"b:282:6:282:Infinity:undefined:undefined:undefined:undefined":25,"s:282:6:282:Infinity":133,"s:282:19:282:Infinity":134,"s:284:6:329:Infinity":135,"s:285:20:285:Infinity":136,"b:286:8:286:Infinity:undefined:undefined:undefined:undefined":26,"s:286:8:286:Infinity":137,"s:286:18:286:Infinity":138,"s:288:21:288:Infinity":139,"s:289:18:289:39":140,"s:290:18:290:38":141,"b:292:8:326:Infinity:296:15:326:Infinity":27,"s:292:8:326:Infinity":142,"s:294:10:294:Infinity":143,"s:295:10:295:Infinity":144,"f:295:27:295:35":13,"s:295:35:295:Infinity":145,"b:296:15:326:Infinity:undefined:undefined:undefined:undefined":28,"s:296:15:326:Infinity":146,"b:296:19:296:37:296:37:296:61":29,"s:298:10:298:Infinity":147,"b:301:10:325:Infinity:319:17:325:Infinity":30,"s:301:10:325:Infinity":148,"s:302:32:302:Infinity":149,"s:303:12:303:Infinity":150,"s:306:12:318:Infinity":151,"f:306:29:306:Infinity":14,"s:307:32:307:Infinity":152,"s:310:14:315:Infinity":153,"f:310:34:310:35":15,"s:311:34:313:42":154,"b:312:21:312:Infinity:313:20:313:42":31,"b:312:39:312:60:312:63:312:Infinity":32,"s:314:16:314:Infinity":155,"s:317:14:317:Infinity":156,"s:321:30:323:Infinity":157,"b:322:16:322:55:323:16:323:Infinity":33,"s:324:12:324:Infinity":158,"s:328:8:328:Infinity":159,"s:335:26:366:Infinity":160,"f:335:26:335:Infinity":16,"b:336:6:336:Infinity:undefined:undefined:undefined:undefined":34,"s:336:6:336:Infinity":161,"s:336:22:336:Infinity":162,"s:338:6:338:Infinity":163,"b:341:6:344:Infinity:undefined:undefined:undefined:undefined":35,"s:341:6:344:Infinity":164,"s:342:8:342:Infinity":165,"f:342:25:342:33":17,"s:342:33:342:Infinity":166,"s:343:8:343:Infinity":167,"b:347:6:363:Infinity:undefined:undefined:undefined:undefined":36,"s:347:6:363:Infinity":168,"b:347:11:347:29:347:29:347:50:347:56:347:82":37,"s:349:28:351:Infinity":169,"b:350:12:350:Infinity:351:12:351:Infinity":38,"s:353:41:360:Infinity":170,"s:362:8:362:Infinity":171,"s:365:6:365:Infinity":172,"s:371:31:398:Infinity":173,"f:371:31:371:32":18,"s:372:6:397:Infinity":174,"s:373:8:373:Infinity":175,"b:375:8:387:Infinity:381:15:387:Infinity":39,"s:375:8:387:Infinity":176,"s:376:10:376:Infinity":177,"s:377:10:377:Infinity":178,"s:378:10:378:Infinity":179,"s:379:10:379:Infinity":180,"s:380:10:380:Infinity":181,"b:381:15:387:Infinity:undefined:undefined:undefined:undefined":40,"s
[...]
ne":74,"column":4},"end":{"line":74,"column":null}},"22":{"start":{"line":76,"column":4},"end":{"line":76,"column":null}},"23":{"start":{"line":84,"column":2},"end":{"line":90,"column":null}},"24":{"start":{"line":85,"column":17},"end":{"line":85,"column":null}},"25":{"start":{"line":86,"column":4},"end":{"line":86,"column":null}},"26":{"start":{"line":88,"column":4},"end":{"line":88,"column":null}},"27":{"start":{"line":89,"column":4},"end":{"line":89,"column":null}},"28":{"start":{"line":97,"column":2},"end":{"line":101,"column":null}},"29":{"start":{"line":98,"column":4},"end":{"line":98,"column":null}},"30":{"start":{"line":100,"column":4},"end":{"line":100,"column":null}},"31":{"start":{"line":108,"column":2},"end":{"line":117,"column":null}},"32":{"start":{"line":110,"column":31},"end":{"line":113,"column":null}},"33":{"start":{"line":110,"column":52},"end":{"line":113,"column":null}},"34":{"start":{"line":114,"column":4},"end":{"line":114,"column":null}},"35":{"start":{"line":116,"column":4},"end":{"line":116,"column":null}},"36":{"start":{"line":124,"column":2},"end":{"line":137,"column":null}},"37":{"start":{"line":125,"column":17},"end":{"line":125,"column":null}},"38":{"start":{"line":126,"column":4},"end":{"line":126,"column":null}},"39":{"start":{"line":126,"column":15},"end":{"line":126,"column":null}},"40":{"start":{"line":128,"column":21},"end":{"line":128,"column":null}},"41":{"start":{"line":130,"column":4},"end":{"line":133,"column":null}},"42":{"start":{"line":130,"column":39},"end":{"line":133,"column":null}},"43":{"start":{"line":135,"column":4},"end":{"line":135,"column":null}},"44":{"start":{"line":136,"column":4},"end":{"line":136,"column":null}},"45":{"start":{"line":144,"column":2},"end":{"line":148,"column":null}},"46":{"start":{"line":145,"column":4},"end":{"line":145,"column":null}},"47":{"start":{"line":147,"column":4},"end":{"line":147,"column":null}},"48":{"start":{"line":155,"column":2},"end":{"line":161,"column":null}},"49":{"start":{"line":156,"column":4},"end":{"line":156,"column":null}},"50":{"start":{"line":157,"column":4},"end":{"line":157,"column":null}},"51":{"start":{"line":158,"column":4},"end":{"line":158,"column":null}},"52":{"start":{"line":160,"column":4},"end":{"line":160,"column":null}},"53":{"start":{"line":168,"column":2},"end":{"line":183,"column":null}},"54":{"start":{"line":169,"column":17},"end":{"line":169,"column":null}},"55":{"start":{"line":170,"column":17},"end":{"line":170,"column":null}},"56":{"start":{"line":171,"column":17},"end":{"line":171,"column":null}},"57":{"start":{"line":173,"column":4},"end":{"line":173,"column":null}},"58":{"start":{"line":173,"column":15},"end":{"line":173,"column":null}},"59":{"start":{"line":175,"column":4},"end":{"line":179,"column":null}},"60":{"start":{"line":181,"column":4},"end":{"line":181,"column":null}},"61":{"start":{"line":182,"column":4},"end":{"line":182,"column":null}},"62":{"start":{"line":190,"column":2},"end":{"line":196,"column":null}},"63":{"start":{"line":191,"column":4},"end":{"line":191,"column":null}},"64":{"start":{"line":192,"column":4},"end":{"line":192,"column":null}},"65":{"start":{"line":193,"column":4},"end":{"line":193,"column":null}},"66":{"start":{"line":195,"column":4},"end":{"line":195,"column":null}},"67":{"start":{"line":203,"column":2},"end":{"line":207,"column":null}},"68":{"start":{"line":204,"column":4},"end":{"line":204,"column":null}},"69":{"start":{"line":206,"column":4},"end":{"line":206,"column":null}},"70":{"start":{"line":214,"column":2},"end":{"line":220,"column":null}},"71":{"start":{"line":215,"column":17},"end":{"line":215,"column":null}},"72":{"start":{"line":216,"column":4},"end":{"line":216,"column":null}},"73":{"start":{"line":218,"column":4},"end":{"line":218,"column":null}},"74":{"start":{"line":219,"column":4},"end":{"line":219,"column":null}},"75":{"start":{"line":227,"column":2},"end":{"line":231,"column":null}},"76":{"start":{"line":228,"column":4},"end":{"line":228,"column":null}},"77":{"start":{"line":230,"column":4},"end":{"line":230,"column":null}},"78":{"start":{"line":238,"column":2},"end":{"line":238,"column":null}},"79":{"start":{"line":239,"column":2},"end":{"line":239,"column":null}},"80":{"start":{"line":240,"column":2},"end":{"line":240,"column":null}},"81":{"start":{"line":241,"column":2},"end":{"line":241,"column":null}},"82":{"start":{"line":242,"column":2},"end":{"line":242,"column":null}},"83":{"start":{"line":249,"column":2},"end":{"line":249,"column":null}},"84":{"start":{"line":256,"column":2},"end":{"line":264,"column":null}},"85":{"start":{"line":257,"column":20},"end":{"line":257,"column":null}},"86":{"start":{"line":258,"column":4},"end":{"line":258,"column":null}},"87":{"start":{"line":258,"column":40},"end":{"line":258,"column":null}},"88":{"start":{"line":260,"column":4},"end":{"line":260,"column":null}},"89":{"start":{"line":262,"column":4},"end":{"line":262,"column":null}},"90":{"start":{"line":263,"column":4},"end":{"line":263,"column":null}},"91":{"start":{"line":271,"column":14},"end":{"line":271,"column":null}},"92":{"start":{"line":272,"column":2},"end":{"line":272,"column":null}},"93":{"start":{"line":272,"column":20},"end":{"line":272,"column":null}},"94":{"start":{"line":274,"column":26},"end":{"line":274,"column":47}},"95":{"start":{"line":275,"column":2},"end":{"line":275,"column":null}}},"fnMap":{"0":{"name":"saveSession","decl":{"start":{"line":24,"column":16},"end":{"line":24,"column":28}},"loc":{"start":{"line":24,"column":48},"end":{"line":30,"column":null}},"line":24},"1":{"name":"loadSession","decl":{"start":{"line":35,"column":16},"end":{"line":35,"column":null}},"loc":{"start":{"line":35,"column":16},"end":{"line":56,"column":null}},"line":35},"2":{"name":"(anonymous_2)","decl":{"start":{"line":46,"column":54},"end":{"line":46,"column":55}},"loc":{"start":{"line":46,"column":67},"end":{"line":49,"column":null}},"line":46},"3":{"name":"clearSession","decl":{"start":{"line":61,"column":16},"end":{"line":61,"column":null}},"loc":{"start":{"line":61,"column":16},"end":{"line":67,"column":null}},"line":61},"4":{"name":"saveVideoConfig","decl":{"start":{"line":72,"column":16},"end":{"line":72,"column":32}},"loc":{"start":{"line":72,"column":55},"end":{"line":78,"column":null}},"line":72},"5":{"name":"loadVideoConfig","decl":{"start":{"line":83,"column":16},"end":{"line":83,"column":null}},"loc":{"start":{"line":83,"column":16},"end":{"line":91,"column":null}},"line":83},"6":{"name":"clearVideoConfig","decl":{"start":{"line":96,"column":16},"end":{"line":96,"column":null}},"loc":{"start":{"line":96,"column":16},"end":{"line":102,"column":null}},"line":96},"7":{"name":"saveAIMessages","decl":{"start":{"line":107,"column":16},"end":{"line":107,"column":31}},"loc":{"start":{"line":107,"column":52},"end":{"line":118,"column":null}},"line":107},"8":{"name":"(anonymous_8)","decl":{"start":{"line":110,"column":44},"end":{"line":110,"column":52}},"loc":{"start":{"line":110,"column":52},"end":{"line":113,"column":null}},"line":110},"9":{"name":"loadAIMessages","decl":{"start":{"line":123,"column":16},"end":{"line":123,"column":null}},"loc":{"start":{"line":123,"column":16},"end":{"line":138,"column":null}},"line":123},"10":{"name":"(anonymous_10)","decl":{"start":{"line":130,"column":24},"end":{"line":130,"column":25}},"loc":{"start":{"line":130,"column":39},"end":{"line":133,"column":null}},"line":130},"11":{"name":"clearAIMessages","decl":{"start":{"line":143,"column":16},"end":{"line":143,"column":null}},"loc":{"start":{"line":143,"column":16},"end":{"line":149,"column":null}},"line":143},"12":{"name":"savePresentationState","decl":{"start":{"line":154,"column":16},"end":{"line":154,"column":38}},"loc":{"start":{"line":154,"column":88},"end":{"line":162,"column":null}},"line":154},"13":{"name":"loadPresentationState","decl":{"start":{"line":167,"column":16},"end":{"line":167,"column":null}},"loc":{"start":{"line":167,"column":16},"end":{"line":184,"column":null}},"line":167},"14":{"name":"clearPresentationState","decl":{"start":{"line":189,"column":16},"end":{"line":189,"column":null}},"loc":{"start":{"line":189,"column":16},"end":{"line":197,"column":null}},"line":189},"15":{"name":"saveUIState","decl":{"start":{"line":202,"column":16},"end":{"line":202,"column":28}},"loc":{"start":{"line":202,"column":89},"end":{"line":208,"column":null}},"line":202},"16":{"name":"loadUIState","decl":{"start":{"line":213,"column":16},"end":{"line":213,"column":null}},"loc":{"start":{"line":213,"column":16},"end":{"line":221,"column":null}},"line":213},"17":{"name":"clearUIState","decl":{"start":{"line":226,"column":16},"end":{"line":226,"column":null}},"loc":{"start":{"line":226,"column":16},"end":{"line":232,"column":null}},"line":226},"18":{"name":"clearAllPersistedState","decl":{"start":{"line":237,"column":16},"end":{"line":237,"column":null}},"loc":{"start":{"line":237,"column":16},"end":{"line":243,"column":null}},"line":237},"19":{"name":"hasPersistedSession","decl":{"start":{"line":248,"column":16},"end":{"line":248,"column":null}},"loc":{"start":{"line":248,"column":16},"end":{"line":250,"column":null}},"line":248},"20":{"name":"getSessionAge","decl":{"start":{"line":255,"column":16},"end":{"line":255,"column":null}},"loc":{"start":{"line":255,"column":16},"end":{"line":265,"column":null}},"line":255},"21":{"name":"isSessionValid","decl":{"start":{"line":270,"column":16},"end":{"line":270,"column":null}},"loc":{"start":{"line":270,"column":16},"end":{"line":276,"column":null}},"line":270}},"branchMap":{"0":{"loc":{"start":{"line":38,"column":4},"end":{"line":38,"column":null}},"type":"if","locations":[{"start":{"line":38,"column":4},"end":{"line":38,"column":null}},{"start":{},"end":{}}],"line":38},"1":{"loc":{"start":{"line":42,"column":4},"end":{"line":44,"column":null}},"type":"if","locations":[{"start":{"line":42,"column":4},"end":{"line":44,"column":null}},{"start":{},"end":{}}],"line":42},"2":{"loc":{"start":{"line":45,"column":4},"end":{"line":50,"column":null}},"type":"if","locations":[{"start":{"line":45,"column":4},"end":{"line":50,"column":null}},{"start":{},"end":{}}],"line":45},"3":{"loc":{"start":{"line":86,"column":11},"end":{"line":86,"column":null}},"type":"cond-expr","locations":[{"start":{"line":86,"column":18},"end":{"line":86,"column":37}},{"start":{"line":86,"column":37},"end":{"line":86,"column":null}}],"line":86},"4":{"loc":{"start":{"line":126,"column":4},"end":{"line":126,"column":null}},"type":"if","locations":[{"start":{"line":126,"column":4},"end":{"line":126,"column":null}},{"start":{},"end":{}}],"line":126},"5":{"loc":{"start":{"line":173,"column":4},"end":{"line":173,"column":null}},"type":"if","locations":[{"start":{"line":173,"column":4},"end":{"line":173,"column":null}},{"start":{},"end":{}}],"line":173},"6":{"loc":{"start":{"line":177,"column":12},"end":{"line":177,"column":null}},"type":"cond-expr","locations":[{"start":{"line":177,"column":19},"end":{"line":177,"column":40}},{"start":{"line":177,"column":40},"end":{"line":177,"column":null}}],"line":177},"7":{"loc":{"start":{"line":178,"column":12},"end":{"line":178,"column":null}},"type":"cond-expr","locations":[{"start":{"line":178,"column":19},"end":{"line":178,"column":38}},{"start":{"line":178,"column":38},"end":{"line":178,"column":null}}],"line":178},"8":{"loc":{"start":{"line":216,"column":11},"end":{"line":216,"column":null}},"type":"cond-expr","locations":[{"start":{"line":216,"column":18},"end":{"line":216,"column":37}},{"start":{"line":216,"column":37},"end":{"line":216,"column":null}}],"line":216},"9":{"loc":{"start":{"line":258,"column":4},"end":{"line":258,"column":null}},"type":"if","locations":[{"start":{"line":258,"column":4},"end":{"line":258,"column":null}},{"start":{},"end":{}}],"line":258},"10":{"loc":{"start":{"line":258,"column":8},"end":{"line":258,"column":38}},"type":"binary-expr","locations":[{"start":{"line":258,"column":8},"end":{"line":258,"column":20}},{"start":{"line":258,"column":20},"end":{"line":258,"column":38}}],"line":258},"11":{"loc":{"start":{"line":272,"column":2},"end":{"line":272,"column":null}},"type":"if","locations":[{"start":{"line":272,"column":2},"end":{"line":272,"column":null}},{"start":{},"end":{}}],"line":272}},"s":{"0":0,"1":0,"2":0,"3":0,"4":0,"5":0,"6":0,"7":0,"8":0,"9":0,"10":0,"11":0,"12":0,"13":0,"14":0,"15":0,"16":0,"17":0,"18":0,"19":0,"20":0,"21":0,"22":0,"23":0,"24":0,"25":0,"26":0,"27":0,"28":0,"29":0,"30":0,"31":0,"32":0,"33":0,"34":0,"35":0,"36":0,"37":0,"38":0,"39":0,"40":0,"41":0,"42":0,"43":0,"44":0,"45":0,"46":0,"47":0,"48":0,"49":0,"50":0,"51":0,"52":0,"53":0,"54":0,"55":0,"56":0,"57":0,"58":0,"59":0,"60":0,"61":0,"62":0,"63":0,"64":0,"65":0,"66":0,"67":0,"68":0,"69":0,"70":0,"71":0,"72":0,"73":0,"74":0,"75":0,"76":0,"77":0,"78":0,"79":0,"80":0,"81":0,"82":0,"83":0,"84":0,"85":0,"86":0,"87":0,"88":0,"89":0,"90":0,"91":0,"92":0,"93":0,"94":0,"95":0},"f":{"0":0,"1":0,"2":0,"3":0,"4":0,"5":0,"6":0,"7":0,"8":0,"9":0,"10":0,"11":0,"12":0,"13":0,"14":0,"15":0,"16":0,"17":0,"18":0,"19":0,"20":0,"21":0},"b":{"0":[0,0],"1":[0,0],"2":[0,0],"3":[0,0],"4":[0,0],"5":[0,0],"6":[0,0],"7":[0,0],"8":[0,0],"9":[0,0],"10":[0,0],"11":[0,0]},"meta":{"lastBranch":12,"lastFunction":22,"lastStatement":96,"seen":{"s:11:21:19:Infinity":0,"f:24:16:24:28":0,"s:25:2:29:Infinity":1,"s:26:4:26:Infinity":2,"s:28:4:28:Infinity":3,"f:35:16:35:Infinity":1,"s:36:2:55:Infinity":4,"s:37:17:37:Infinity":5,"b:38:4:38:Infinity:undefined:undefined:undefined:undefined":0,"s:38:4:38:Infinity":6,"s:38:15:38:Infinity":7,"s:40:20:40:Infinity":8,"b:42:4:44:Infinity:undefined:undefined:undefined:undefined":1,"s:42:4:44:Infinity":9,"s:43:6:43:Infinity":10,"b:45:4:50:Infinity:undefined:undefined:undefined:undefined":2,"s:45:4:50:Infinity":11,"s:46:6:49:Infinity":12,"f:46:54:46:55":2,"s:46:67:49:Infinity":13,"s:51:4:51:Infinity":14,"s:53:4:53:Infinity":15,"s:54:4:54:Infinity":16,"f:61:16:61:Infinity":3,"s:62:2:66:Infinity":17,"s:63:4:63:Infinity":18,"s:65:4:65:Infinity":19,"f:72:16:72:32":4,"s:73:2:77:Infinity":20,"s:74:4:74:Infinity":21,"s:76:4:76:Infinity":22,"f:83:16:83:Infinity":5,"s:84:2:90:Infinity":23,"s:85:17:85:Infinity":24,"s:86:4:86:Infinity":25,"b:86:18:86:37:86:37:86:Infinity":3,"s:88:4:88:Infinity":26,"s:89:4:89:Infinity":27,"f:96:16:96:Infinity":6,"s:97:2:101:Infinity":28,"s:98:4:98:Infinity":29,"s:100:4:100:Infinity":30,"f:107:16:107:31":7,"s:108:2:117:Infinity":31,"s:110:31:113:Infinity":32,"f:110:44:110:52":8,"s:110:52:113:Infinity":33,"s:114:4:114:Infinity":34,"s:116:4:116:Infinity":35,"f:123:16:123:Infinity":9,"s:124:2:137:Infinity":36,"s:125:17:125:Infinity":37,"b:126:4:126:Infinity:undefined:undefined:undefined:undefined":4,"s:126:4:126:Infinity":38,"s:126:15:126:Infinity":39,"s:128:21:128:Infinity":40,"s:130:4:133:Infinity":41,"f:130:24:130:25":10,"s:130:39:133:Infinity":42,"s:135:4:135:Infinity":43,"s:136:4:136:Infinity":44,"f:143:16:143:Infinity":11,"s:144:2:148:Infinity":45,"s:145:4:145:Infinity":46,"s:147:4:147:Infinity":47,"f:154:16:154:38":12,"s:155:2:161:Infinity":48,"s:156:4:156:Infinity":49,"s:157:4:157:Infinity":50,"s:158:4:158:Infinity":51,"s:160:4:160:Infinity":52,"f:167:16:167:Infinity":13,"s:168:2:183:Infinity":53,"s:169:17:169:Infinity":54,"s:170:17:170:Infinity":55,"s:171:17:171:Infinity":56,"b:173:4:173:Infinity:undefined:undefined:undefined:undefined":5,"s:173:4:173:Infinity":57,"s:173:15:173:Infinity":58,"s:175:4:179:Infinity":59,"b:177:19:177:40:177:40:177:Infinity":6,"b:178:19:178:38:178:38:178:Infinity":7,"s:181:4:181:Infinity":60,"s:182:4:182:Infinity":61,"f:189:16:189:Infinity":14,"s:190:2:196:Infinity":62,"s:191:4:191:Infinity":63,"s:192:4:192:Infinity":64,"s:193:4:193:Infinity":65,"s:195:4:195:Infinity":66,"f:202:16:202:28":15,"s:203:2:207:Infinity":67,"s:204:4:204:Infinity":68,"s:206:4:206:Infinity":69,"f:213:16:213:Infinity":16,"s:214:2:220:Infinity":70,"s:215:17:215:Infinity":71,"s:216:4:216:Infinity":72,"b:216:18:216:37:216:37:216:Infinity":8,"s:218:4:218:Infinity":73,"s:219:4:219:Infinity":74,"f:226:16:226:Infinity":17,"s:227:2:231:Infinity":75,"s:228:4:228:Infinity":76,"s:230:4:230:Infinity":77,"f:237:16:237:Infinity":18,"s:238:2:238:Infinity":78,"s:239:2:239:Infinity":79,"s:240:2:240:Infinity":80,"s:241:2:241:Infinity":81,"s:242:2:242:Infinity":82,"f:248:16:248:Infinity":19,"s:249:2:249:Infinity":83,"f:255:16:255:Infinity":20,"s:256:2:264:Infinity":84,"s:257:20:257:Infinity":85,"b:258:4:258:Infinity:undefined:undefined:undefined:undefined":9,"s:258:4:258:Infinity":86,"b:258:8:258:20:258:20:258:38":10,"s:258:40:258:Infinity":87,"s:260:4:260:Infinity":88,"s:262:4:262:Infinity":89,"s:263:4:263:Infinity":90,"f:270:16:270:Infinity":21,"s:271:14:271:Infinity":91,"b:272:2:272:Infinity:undefined:undefined:undefined:undefined":11,"s:272:2:272:Infinity":92,"s:272:20:272:Infinity":93,"s:274:26:274:47":94,"s:275:2:275:Infinity":95}}}
,"/Users/dark_sanjan/coding/virtual-classroom/virtual-classroom/src/utils/whiteboardTokens.ts": {"path":"/Users/dark_sanjan/coding/virtual-classroom/virtual-classroom/src/utils/whiteboardTokens.ts","statementMap":{"0":{"start":{"line":12,"column":2},"end":{"line":30,"column":null}},"1":{"start":{"line":13,"column":21},"end":{"line":16,"column":null}},"2":{"start":{"line":18,"column":4},"end":{"line":18,"column":null}},"3":{"start":{"line":20,"column":4},"end":{"line":20,"column":null}},"4":{"start":{"line":24,"column":4},"end":{"line":27,"column":null}},"5":{"start":{"line":25,"column":6},"end":{"line":25,"column":null}},"6":{"start":{"line":26,"column":6},"end":{"line":26,"column":null}},"7":{"start":{"line":29,"column":4},"end":{"line":29,"column":null}},"8":{"start":{"line":41,"column":2},"end":{"line":63,"column":null}},"9":{"start":{"line":42,"column":21},"end":{"line":44,"column":null}},"10":{"start":{"line":46,"column":4},"end":{"line":49,"column":null}},"11":{"start":{"line":51,"column":4},"end":{"line":51,"column":null}},"12":{"start":{"line":54,"column":4},"end":{"line":60,"column":null}},"13":{"start":{"line":55,"column":6},"end":{"line":55,"column":null}},"14":{"start":{"line":56,"column":6},"end":{"line":59,"column":null}},"15":{"start":{"line":62,"column":4},"end":{"line":62,"column":null}}},"fnMap":{"0":{"name":"generateWhiteboardToken","decl":{"start":{"line":7,"column":22},"end":{"line":7,"column":null}},"loc":{"start":{"line":10,"column":47},"end":{"line":31,"column":null}},"line":10},"1":{"name":"createWhiteboardRoom","decl":{"start":{"line":37,"column":22},"end":{"line":37,"column":43}},"loc":{"start":{"line":37,"column":60},"end":{"line":64,"column":null}},"line":37}},"branchMap":{"0":{"loc":{"start":{"line":10,"column":2},"end":{"line":10,"column":47}},"type":"default-arg","locations":[{"start":{"line":10,"column":40},"end":{"line":10,"column":47}}],"line":10},"1":{"loc":{"start":{"line":24,"column":4},"end":{"line":27,"column":null}},"type":"if","locations":[{"start":{"line":24,"column":4},"end":{"line":27,"column":null}},{"start":{},"end":{}}],"line":24},"2":{"loc":{"start":{"line":54,"column":4},"end":{"line":60,"column":null}},"type":"if","locations":[{"start":{"line":54,"column":4},"end":{"line":60,"column":null}},{"start":{},"end":{}}],"line":54}},"s":{"0":0,"1":0,"2":0,"3":0,"4":0,"5":0,"6":0,"7":0,"8":0,"9":0,"10":0,"11":0,"12":0,"13":0,"14":0,"15":0},"f":{"0":0,"1":0},"b":{"0":[0],"1":[0,0],"2":[0,0]},"meta":{"lastBranch":3,"lastFunction":2,"lastStatement":16,"seen":{"f:7:22:7:Infinity":0,"b:10:40:10:47":0,"s:12:2:30:Infinity":0,"s:13:21:16:Infinity":1,"s:18:4:18:Infinity":2,"s:20:4:20:Infinity":3,"b:24:4:27:Infinity:undefined:undefined:undefined:undefined":1,"s:24:4:27:Infinity":4,"s:25:6:25:Infinity":5,"s:26:6:26:Infinity":6,"s:29:4:29:Infinity":7,"f:37:22:37:43":1,"s:41:2:63:Infinity":8,"s:42:21:44:Infinity":9,"s:46:4:49:Infinity":10,"s:51:4:51:Infinity":11,"b:54:4:60:Infinity:undefined:undefined:undefined:undefined":2,"s:54:4:60:Infinity":12,"s:55:6:55:Infinity":13,"s:56:6:59:Infinity":14,"s:62:4:62:Infinity":15}}}
}
