TN:
SF:src/App.tsx
FN:10,(anonymous_0)
FN:11,(anonymous_1)
FN:12,(anonymous_2)
FN:15,PageLoader
FN:26,App
FNF:5
FNH:0
FNDA:0,(anonymous_0)
FNDA:0,(anonymous_1)
FNDA:0,(anonymous_2)
FNDA:0,PageLoader
FNDA:0,App
DA:10,0
DA:11,0
DA:12,0
LF:3
LH:0
BRF:0
BRH:0
end_of_record
TN:
SF:src/main.tsx
FNF:0
FNH:0
LF:0
LH:0
BRF:0
BRH:0
end_of_record
TN:
SF:src/components/AIAssistant.tsx
FN:15,AIAssistant
FN:25,(anonymous_1)
FN:35,(anonymous_2)
FN:107,(anonymous_3)
FN:111,(anonymous_4)
FN:171,(anonymous_5)
FN:182,(anonymous_6)
FN:213,(anonymous_7)
FNF:8
FNH:0
FNDA:0,AIAssistant
FNDA:0,(anonymous_1)
FNDA:0,(anonymous_2)
FNDA:0,(anonymous_3)
FNDA:0,(anonymous_4)
FNDA:0,(anonymous_5)
FNDA:0,(anonymous_6)
FNDA:0,(anonymous_7)
DA:16,0
DA:17,0
DA:18,0
DA:19,0
DA:20,0
DA:21,0
DA:22,0
DA:25,0
DA:26,0
DA:27,0
DA:28,0
DA:30,0
DA:31,0
DA:35,0
DA:36,0
DA:37,0
DA:38,0
DA:39,0
DA:43,0
DA:44,0
DA:45,0
DA:46,0
DA:47,0
DA:48,0
DA:49,0
DA:53,0
DA:54,0
DA:60,0
DA:61,0
DA:64,0
DA:65,0
DA:66,0
DA:67,0
DA:70,0
DA:72,0
DA:75,0
DA:81,0
DA:88,0
DA:89,0
DA:91,0
DA:92,0
DA:95,0
DA:97,0
DA:98,0
DA:101,0
DA:102,0
DA:103,0
DA:104,0
DA:106,0
DA:107,0
DA:108,0
DA:109,0
DA:111,0
DA:112,0
DA:114,0
DA:116,0
DA:118,0
DA:119,0
DA:120,0
DA:121,0
DA:123,0
DA:127,0
DA:133,0
DA:136,0
DA:137,0
DA:171,0
DA:183,0
DA:184,0
DA:196,0
DA:214,0
DA:215,0
LF:71
LH:0
BRDA:15,0,0,0
BRDA:35,1,0,0
BRDA:36,2,0,0
BRDA:36,2,1,0
BRDA:44,3,0,0
BRDA:44,3,1,0
BRDA:53,4,0,0
BRDA:53,4,1,0
BRDA:66,5,0,0
BRDA:66,5,1,0
BRDA:84,6,0,0
BRDA:84,6,1,0
BRDA:91,7,0,0
BRDA:91,7,1,0
BRDA:98,8,0,0
BRDA:98,8,1,0
BRDA:101,9,0,0
BRDA:101,9,1,0
BRDA:104,10,0,0
BRDA:104,10,1,0
BRDA:104,11,0,0
BRDA:104,11,1,0
BRDA:118,12,0,0
BRDA:118,12,1,0
BRDA:120,13,0,0
BRDA:120,13,1,0
BRDA:130,14,0,0
BRDA:130,14,1,0
BRDA:182,15,0,0
BRDA:182,15,1,0
BRDA:184,16,0,0
BRDA:184,16,1,0
BRDA:184,17,0,0
BRDA:184,17,1,0
BRDA:229,18,0,0
BRDA:229,18,1,0
BRDA:229,18,2,0
BRDA:231,19,0,0
BRDA:231,19,1,0
BRDA:233,20,0,0
BRDA:233,20,1,0
BRDA:237,21,0,0
BRDA:237,21,1,0
BRF:43
BRH:0
end_of_record
TN:
SF:src/components/AIOutputPanel.tsx
FN:43,EmptyState
FN:77,AIOutputPanel
FN:86,(anonymous_2)
FN:96,(anonymous_3)
FN:101,(anonymous_4)
FN:118,(anonymous_5)
FN:131,(anonymous_6)
FN:140,(anonymous_7)
FN:147,(anonymous_8)
FN:164,(anonymous_9)
FN:180,(anonymous_10)
FN:189,(anonymous_11)
FN:200,(anonymous_12)
FN:210,(anonymous_13)
FN:288,(anonymous_14)
FNF:15
FNH:0
FNDA:0,EmptyState
FNDA:0,AIOutputPanel
FNDA:0,(anonymous_2)
FNDA:0,(anonymous_3)
FNDA:0,(anonymous_4)
FNDA:0,(anonymous_5)
FNDA:0,(anonymous_6)
FNDA:0,(anonymous_7)
FNDA:0,(anonymous_8)
FNDA:0,(anonymous_9)
FNDA:0,(anonymous_10)
FNDA:0,(anonymous_11)
FNDA:0,(anonymous_12)
FNDA:0,(anonymous_13)
FNDA:0,(anonymous_14)
DA:78,0
DA:79,0
DA:80,0
DA:81,0
DA:82,0
DA:83,0
DA:86,0
DA:87,0
DA:88,0
DA:89,0
DA:90,0
DA:91,0
DA:96,0
DA:97,0
DA:98,0
DA:101,0
DA:102,0
DA:103,0
DA:106,0
DA:118,0
DA:119,0
DA:120,0
DA:122,0
DA:123,0
DA:126,0
DA:131,0
DA:132,0
DA:133,0
DA:134,0
DA:135,0
DA:140,0
DA:141,0
DA:144,0
DA:148,0
DA:149,0
DA:150,0
DA:152,0
DA:158,0
DA:159,0
DA:160,0
DA:161,0
DA:164,0
DA:165,0
DA:166,0
DA:167,0
DA:168,0
DA:169,0
DA:171,0
DA:172,0
DA:180,0
DA:181,0
DA:184,0
DA:185,0
DA:189,0
DA:190,0
DA:195,0
DA:196,0
DA:200,0
DA:201,0
DA:205,0
DA:210,0
DA:211,0
DA:288,0
LF:63
LH:0
BRDA:87,0,0,0
BRDA:87,0,1,0
BRDA:87,1,0,0
BRDA:87,1,1,0
BRDA:97,2,0,0
BRDA:97,2,1,0
BRDA:97,3,0,0
BRDA:97,3,1,0
BRDA:97,3,2,0
BRDA:97,3,3,0
BRDA:102,4,0,0
BRDA:102,4,1,0
BRDA:102,5,0,0
BRDA:102,5,1,0
BRDA:119,6,0,0
BRDA:119,6,1,0
BRDA:119,7,0,0
BRDA:119,7,1,0
BRDA:122,8,0,0
BRDA:122,8,1,0
BRDA:132,9,0,0
BRDA:132,9,1,0
BRDA:132,10,0,0
BRDA:132,10,1,0
BRDA:149,11,0,0
BRDA:149,11,1,0
BRDA:171,12,0,0
BRDA:171,12,1,0
BRDA:181,13,0,0
BRDA:181,13,1,0
BRDA:181,14,0,0
BRDA:181,14,1,0
BRDA:184,15,0,0
BRDA:184,15,1,0
BRDA:195,16,0,0
BRDA:195,16,1,0
BRDA:195,17,0,0
BRDA:195,17,1,0
BRDA:201,18,0,0
BRDA:201,18,1,0
BRDA:205,19,0,0
BRDA:205,19,1,0
BRDA:259,20,0,0
BRDA:259,20,1,0
BRDA:273,21,0,0
BRDA:273,21,1,0
BRDA:276,22,0,0
BRDA:276,22,1,0
BRDA:280,23,0,0
BRDA:280,23,1,0
BRDA:290,24,0,0
BRDA:290,24,1,0
BRDA:294,25,0,0
BRDA:294,25,1,0
BRDA:335,26,0,0
BRDA:335,26,1,0
BRF:56
BRH:0
end_of_record
TN:
SF:src/components/AnnotationCanvas.tsx
FN:50,(anonymous_0)
FN:67,(anonymous_1)
FN:71,(anonymous_2)
FN:99,(anonymous_3)
FN:119,(anonymous_4)
FN:129,(anonymous_5)
FN:137,(anonymous_6)
FN:167,(anonymous_7)
FN:185,(anonymous_8)
FN:202,(anonymous_9)
FN:214,(anonymous_10)
FN:253,(anonymous_11)
FN:278,(anonymous_12)
FN:295,(anonymous_13)
FN:306,(anonymous_14)
FN:310,(anonymous_15)
FN:335,(anonymous_16)
FN:342,(anonymous_17)
FN:371,(anonymous_18)
FN:403,(anonymous_19)
FN:428,(anonymous_20)
FN:445,(anonymous_21)
FN:460,(anonymous_22)
FN:466,(anonymous_23)
FNF:24
FNH:0
FNDA:0,(anonymous_0)
FNDA:0,(anonymous_1)
FNDA:0,(anonymous_2)
FNDA:0,(anonymous_3)
FNDA:0,(anonymous_4)
FNDA:0,(anonymous_5)
FNDA:0,(anonymous_6)
FNDA:0,(anonymous_7)
FNDA:0,(anonymous_8)
FNDA:0,(anonymous_9)
FNDA:0,(anonymous_10)
FNDA:0,(anonymous_11)
FNDA:0,(anonymous_12)
FNDA:0,(anonymous_13)
FNDA:0,(anonymous_14)
FNDA:0,(anonymous_15)
FNDA:0,(anonymous_16)
FNDA:0,(anonymous_17)
FNDA:0,(anonymous_18)
FNDA:0,(anonymous_19)
FNDA:0,(anonymous_20)
FNDA:0,(anonymous_21)
FNDA:0,(anonymous_22)
FNDA:0,(anonymous_23)
DA:23,0
DA:24,0
DA:25,0
DA:26,0
DA:49,0
DA:51,0
DA:52,0
DA:53,0
DA:54,0
DA:55,0
DA:56,0
DA:57,0
DA:58,0
DA:67,0
DA:68,0
DA:71,0
DA:72,0
DA:75,0
DA:76,0
DA:77,0
DA:78,0
DA:80,0
DA:81,0
DA:82,0
DA:83,0
DA:84,0
DA:89,0
DA:90,0
DA:91,0
DA:92,0
DA:94,0
DA:99,0
DA:100,0
DA:101,0
DA:102,0
DA:104,0
DA:105,0
DA:110,0
DA:113,0
DA:119,0
DA:120,0
DA:121,0
DA:124,0
DA:125,0
DA:128,0
DA:129,0
DA:130,0
DA:131,0
DA:132,0
DA:137,0
DA:138,0
DA:139,0
DA:141,0
DA:142,0
DA:143,0
DA:144,0
DA:145,0
DA:146,0
DA:147,0
DA:151,0
DA:152,0
DA:155,0
DA:158,0
DA:160,0
DA:161,0
DA:162,0
DA:167,0
DA:168,0
DA:169,0
DA:171,0
DA:172,0
DA:173,0
DA:175,0
DA:177,0
DA:185,0
DA:186,0
DA:188,0
DA:191,0
DA:196,0
DA:197,0
DA:201,0
DA:202,0
DA:203,0
DA:205,0
DA:207,0
DA:214,0
DA:215,0
DA:216,0
DA:218,0
DA:221,0
DA:222,0
DA:223,0
DA:224,0
DA:225,0
DA:226,0
DA:227,0
DA:228,0
DA:229,0
DA:230,0
DA:231,0
DA:232,0
DA:236,0
DA:237,0
DA:239,0
DA:240,0
DA:243,0
DA:244,0
DA:246,0
DA:253,0
DA:255,0
DA:256,0
DA:259,0
DA:260,0
DA:262,0
DA:263,0
DA:264,0
DA:266,0
DA:267,0
DA:270,0
DA:271,0
DA:278,0
DA:279,0
DA:281,0
DA:282,0
DA:284,0
DA:285,0
DA:286,0
DA:288,0
DA:289,0
DA:290,0
DA:292,0
DA:294,0
DA:295,0
DA:296,0
DA:298,0
DA:301,0
DA:302,0
DA:303,0
DA:306,0
DA:307,0
DA:310,0
DA:311,0
DA:314,0
DA:317,0
DA:321,0
DA:324,0
DA:328,0
DA:335,0
DA:336,0
DA:338,0
DA:341,0
DA:342,0
DA:343,0
DA:347,0
DA:349,0
DA:353,0
DA:362,0
DA:365,0
DA:371,0
DA:372,0
DA:373,0
DA:375,0
DA:376,0
DA:377,0
DA:378,0
DA:379,0
DA:380,0
DA:381,0
DA:382,0
DA:383,0
DA:384,0
DA:385,0
DA:386,0
DA:389,0
DA:390,0
DA:391,0
DA:392,0
DA:394,0
DA:396,0
DA:403,0
DA:404,0
DA:405,0
DA:407,0
DA:408,0
DA:409,0
DA:411,0
DA:414,0
DA:415,0
DA:416,0
DA:417,0
DA:418,0
DA:419,0
DA:421,0
DA:428,0
DA:429,0
DA:430,0
DA:432,0
DA:433,0
DA:434,0
DA:436,0
DA:438,0
DA:445,0
DA:446,0
DA:447,0
DA:449,0
DA:450,0
DA:451,0
DA:453,0
DA:455,0
DA:460,0
DA:466,0
DA:467,0
DA:469,0
DA:471,0
DA:473,0
DA:475,0
DA:477,0
DA:479,0
DA:484,0
DA:485,0
DA:510,0
LF:221
LH:0
BRDA:50,0,0,0
BRDA:50,1,0,0
BRDA:67,2,0,0
BRDA:68,3,0,0
BRDA:68,3,1,0
BRDA:72,4,0,0
BRDA:72,4,1,0
BRDA:82,5,0,0
BRDA:82,5,1,0
BRDA:89,6,0,0
BRDA:89,6,1,0
BRDA:104,7,0,0
BRDA:104,7,1,0
BRDA:124,8,0,0
BRDA:124,8,1,0
BRDA:124,9,0,0
BRDA:124,9,1,0
BRDA:139,10,0,0
BRDA:139,10,1,0
BRDA:143,11,0,0
BRDA:143,11,1,0
BRDA:169,12,0,0
BRDA:169,12,1,0
BRDA:173,13,0,0
BRDA:173,13,1,0
BRDA:191,14,0,0
BRDA:191,14,1,0
BRDA:196,15,0,0
BRDA:196,15,1,0
BRDA:196,16,0,0
BRDA:196,16,1,0
BRDA:216,17,0,0
BRDA:216,17,1,0
BRDA:221,18,0,0
BRDA:221,18,1,0
BRDA:227,19,0,0
BRDA:227,19,1,0
BRDA:255,20,0,0
BRDA:255,20,1,0
BRDA:255,21,0,0
BRDA:255,21,1,0
BRDA:255,21,2,0
BRDA:260,22,0,0
BRDA:260,22,1,0
BRDA:270,23,0,0
BRDA:270,23,1,0
BRDA:279,24,0,0
BRDA:279,24,1,0
BRDA:282,25,0,0
BRDA:282,25,1,0
BRDA:286,26,0,0
BRDA:286,26,1,0
BRDA:292,27,0,0
BRDA:292,27,1,0
BRDA:296,28,0,0
BRDA:296,28,1,0
BRDA:296,29,0,0
BRDA:296,29,1,0
BRDA:301,30,0,0
BRDA:301,30,1,0
BRDA:311,31,0,0
BRDA:311,31,1,0
BRDA:312,32,0,0
BRDA:312,32,1,0
BRDA:321,33,0,0
BRDA:321,33,1,0
BRDA:336,34,0,0
BRDA:336,34,1,0
BRDA:341,35,0,0
BRDA:341,35,1,0
BRDA:347,36,0,0
BRDA:347,36,1,0
BRDA:347,37,0,0
BRDA:347,37,1,0
BRDA:347,37,2,0
BRDA:349,38,0,0
BRDA:349,38,1,0
BRDA:375,39,0,0
BRDA:375,39,1,0
BRDA:381,40,0,0
BRDA:381,40,1,0
BRDA:405,41,0,0
BRDA:405,41,1,0
BRDA:409,42,0,0
BRDA:409,42,1,0
BRDA:430,43,0,0
BRDA:430,43,1,0
BRDA:434,44,0,0
BRDA:434,44,1,0
BRDA:447,45,0,0
BRDA:447,45,1,0
BRDA:451,46,0,0
BRDA:451,46,1,0
BRDA:467,47,0,0
BRDA:467,47,1,0
BRDA:467,47,2,0
BRDA:467,47,3,0
BRDA:467,47,4,0
BRDA:467,47,5,0
BRDA:484,48,0,0
BRDA:484,48,1,0
BRF:101
BRH:0
end_of_record
TN:
SF:src/components/AnnotationLayer.tsx
FN:28,AnnotationLayer
FN:45,(anonymous_1)
FN:64,(anonymous_2)
FN:82,(anonymous_3)
FN:110,(anonymous_4)
FN:132,(anonymous_5)
FN:140,(anonymous_6)
FN:141,(anonymous_7)
FN:155,(anonymous_8)
FN:185,(anonymous_9)
FN:208,(anonymous_10)
FN:213,(anonymous_11)
FN:221,(anonymous_12)
FN:229,(anonymous_13)
FN:234,(anonymous_14)
FN:242,(anonymous_15)
FN:250,(anonymous_16)
FN:263,(anonymous_17)
FN:276,(anonymous_18)
FN:285,(anonymous_19)
FNF:20
FNH:0
FNDA:0,AnnotationLayer
FNDA:0,(anonymous_1)
FNDA:0,(anonymous_2)
FNDA:0,(anonymous_3)
FNDA:0,(anonymous_4)
FNDA:0,(anonymous_5)
FNDA:0,(anonymous_6)
FNDA:0,(anonymous_7)
FNDA:0,(anonymous_8)
FNDA:0,(anonymous_9)
FNDA:0,(anonymous_10)
FNDA:0,(anonymous_11)
FNDA:0,(anonymous_12)
FNDA:0,(anonymous_13)
FNDA:0,(anonymous_14)
FNDA:0,(anonymous_15)
FNDA:0,(anonymous_16)
FNDA:0,(anonymous_17)
FNDA:0,(anonymous_18)
FNDA:0,(anonymous_19)
DA:39,0
DA:40,0
DA:41,0
DA:42,0
DA:45,0
DA:46,0
DA:47,0
DA:49,0
DA:50,0
DA:53,0
DA:54,0
DA:57,0
DA:58,0
DA:60,0
DA:64,0
DA:65,0
DA:66,0
DA:68,0
DA:69,0
DA:72,0
DA:73,0
DA:74,0
DA:76,0
DA:81,0
DA:83,0
DA:84,0
DA:86,0
DA:90,0
DA:91,0
DA:92,0
DA:93,0
DA:94,0
DA:95,0
DA:97,0
DA:100,0
DA:109,0
DA:111,0
DA:113,0
DA:114,0
DA:115,0
DA:117,0
DA:118,0
DA:119,0
DA:121,0
DA:122,0
DA:124,0
DA:125,0
DA:131,0
DA:133,0
DA:135,0
DA:136,0
DA:137,0
DA:140,0
DA:141,0
DA:143,0
DA:144,0
DA:146,0
DA:147,0
DA:154,0
DA:156,0
DA:158,0
DA:159,0
DA:161,0
DA:162,0
DA:164,0
DA:167,0
DA:168,0
DA:175,0
DA:178,0
DA:184,0
DA:186,0
DA:188,0
DA:189,0
DA:190,0
DA:192,0
DA:193,0
DA:196,0
DA:197,0
DA:208,0
DA:209,0
DA:210,0
DA:213,0
DA:214,0
DA:215,0
DA:217,0
DA:221,0
DA:222,0
DA:223,0
DA:225,0
DA:229,0
DA:230,0
DA:234,0
DA:235,0
DA:236,0
DA:238,0
DA:242,0
DA:243,0
DA:244,0
DA:246,0
DA:250,0
DA:251,0
DA:254,0
DA:255,0
DA:256,0
DA:257,0
DA:259,0
DA:260,0
DA:261,0
DA:263,0
DA:264,0
DA:265,0
DA:266,0
DA:267,0
DA:269,0
DA:270,0
DA:271,0
DA:276,0
DA:277,0
DA:278,0
DA:279,0
DA:281,0
DA:285,0
DA:286,0
DA:287,0
LF:124
LH:0
BRDA:31,0,0,0
BRDA:32,1,0,0
BRDA:33,2,0,0
BRDA:34,3,0,0
BRDA:37,4,0,0
BRDA:47,5,0,0
BRDA:47,5,1,0
BRDA:50,6,0,0
BRDA:50,6,1,0
BRDA:66,7,0,0
BRDA:66,7,1,0
BRDA:72,8,0,0
BRDA:72,8,1,0
BRDA:84,9,0,0
BRDA:84,9,1,0
BRDA:90,10,0,0
BRDA:90,10,1,0
BRDA:93,11,0,0
BRDA:93,11,1,0
BRDA:93,12,0,0
BRDA:93,12,1,0
BRDA:111,13,0,0
BRDA:111,13,1,0
BRDA:111,14,0,0
BRDA:111,14,1,0
BRDA:111,14,2,0
BRDA:115,15,0,0
BRDA:115,15,1,0
BRDA:122,16,0,0
BRDA:122,16,1,0
BRDA:133,17,0,0
BRDA:133,17,1,0
BRDA:137,18,0,0
BRDA:137,18,1,0
BRDA:144,19,0,0
BRDA:144,19,1,0
BRDA:156,20,0,0
BRDA:156,20,1,0
BRDA:162,21,0,0
BRDA:162,21,1,0
BRDA:167,22,0,0
BRDA:167,22,1,0
BRDA:167,23,0,0
BRDA:167,23,1,0
BRDA:172,24,0,0
BRDA:172,24,1,0
BRDA:186,25,0,0
BRDA:186,25,1,0
BRDA:186,26,0,0
BRDA:186,26,1,0
BRDA:190,27,0,0
BRDA:190,27,1,0
BRDA:193,28,0,0
BRDA:193,28,1,0
BRDA:210,29,0,0
BRDA:210,29,1,0
BRDA:214,30,0,0
BRDA:214,30,1,0
BRDA:222,31,0,0
BRDA:222,31,1,0
BRDA:222,32,0,0
BRDA:222,32,1,0
BRDA:235,33,0,0
BRDA:235,33,1,0
BRDA:243,34,0,0
BRDA:243,34,1,0
BRDA:279,35,0,0
BRDA:279,35,1,0
BRDA:279,36,0,0
BRDA:279,36,1,0
BRDA:286,37,0,0
BRDA:286,37,1,0
BRDA:294,38,0,0
BRDA:294,38,1,0
BRF:74
BRH:0
end_of_record
TN:
SF:src/components/AnnotationToolbar.tsx
FN:36,(anonymous_0)
FN:44,AnnotationToolbar
FN:63,(anonymous_2)
FN:75,(anonymous_3)
FN:76,(anonymous_4)
FN:84,(anonymous_5)
FN:90,(anonymous_6)
FN:99,(anonymous_7)
FN:107,(anonymous_8)
FN:115,(anonymous_9)
FN:134,(anonymous_10)
FN:141,(anonymous_11)
FN:147,(anonymous_12)
FN:148,(anonymous_13)
FN:149,(anonymous_14)
FN:187,(anonymous_15)
FN:192,(anonymous_16)
FN:193,(anonymous_17)
FN:227,(anonymous_18)
FN:239,(anonymous_19)
FN:244,(anonymous_20)
FN:245,(anonymous_21)
FN:286,(anonymous_22)
FN:303,(anonymous_23)
FN:304,(anonymous_24)
FNF:25
FNH:0
FNDA:0,(anonymous_0)
FNDA:0,AnnotationToolbar
FNDA:0,(anonymous_2)
FNDA:0,(anonymous_3)
FNDA:0,(anonymous_4)
FNDA:0,(anonymous_5)
FNDA:0,(anonymous_6)
FNDA:0,(anonymous_7)
FNDA:0,(anonymous_8)
FNDA:0,(anonymous_9)
FNDA:0,(anonymous_10)
FNDA:0,(anonymous_11)
FNDA:0,(anonymous_12)
FNDA:0,(anonymous_13)
FNDA:0,(anonymous_14)
FNDA:0,(anonymous_15)
FNDA:0,(anonymous_16)
FNDA:0,(anonymous_17)
FNDA:0,(anonymous_18)
FNDA:0,(anonymous_19)
FNDA:0,(anonymous_20)
FNDA:0,(anonymous_21)
FNDA:0,(anonymous_22)
FNDA:0,(anonymous_23)
FNDA:0,(anonymous_24)
DA:15,0
DA:36,0
DA:37,0
DA:54,0
DA:55,0
DA:56,0
DA:57,0
DA:58,0
DA:61,0
DA:63,0
DA:64,0
DA:71,0
DA:75,0
DA:76,0
DA:77,0
DA:78,0
DA:79,0
DA:83,0
DA:84,0
DA:85,0
DA:90,0
DA:91,0
DA:92,0
DA:93,0
DA:94,0
DA:95,0
DA:99,0
DA:100,0
DA:101,0
DA:102,0
DA:103,0
DA:107,0
DA:108,0
DA:109,0
DA:110,0
DA:111,0
DA:115,0
DA:116,0
DA:117,0
DA:118,0
DA:135,0
DA:136,0
DA:142,0
DA:144,0
DA:145,0
DA:147,0
DA:148,0
DA:149,0
DA:188,0
DA:189,0
DA:192,0
DA:193,0
DA:228,0
DA:229,0
DA:240,0
DA:241,0
DA:244,0
DA:245,0
DA:287,0
DA:288,0
DA:303,0
DA:304,0
LF:62
LH:0
BRDA:37,0,0,0
BRDA:37,0,1,0
BRDA:52,1,0,0
BRDA:77,2,0,0
BRDA:77,2,1,0
BRDA:77,3,0,0
BRDA:77,3,1,0
BRDA:91,4,0,0
BRDA:91,4,1,0
BRDA:91,5,0,0
BRDA:91,5,1,0
BRDA:100,6,0,0
BRDA:100,6,1,0
BRDA:100,7,0,0
BRDA:100,7,1,0
BRDA:108,8,0,0
BRDA:108,8,1,0
BRDA:108,9,0,0
BRDA:108,9,1,0
BRDA:116,10,0,0
BRDA:116,10,1,0
BRDA:116,11,0,0
BRDA:116,11,1,0
BRDA:154,12,0,0
BRDA:154,12,1,0
BRDA:156,13,0,0
BRDA:156,13,1,0
BRDA:198,14,0,0
BRDA:198,14,1,0
BRDA:200,15,0,0
BRDA:200,15,1,0
BRDA:250,16,0,0
BRDA:250,16,1,0
BRDA:252,17,0,0
BRDA:252,17,1,0
BRDA:264,18,0,0
BRDA:264,18,1,0
BRDA:309,19,0,0
BRDA:309,19,1,0
BRF:39
BRH:0
end_of_record
TN:
SF:src/components/Button.tsx
FN:10,(anonymous_0)
FN:22,(anonymous_1)
FN:26,(anonymous_2)
FNF:3
FNH:0
FNDA:0,(anonymous_0)
FNDA:0,(anonymous_1)
FNDA:0,(anonymous_2)
DA:10,0
DA:20,0
DA:22,0
DA:24,0
DA:25,0
DA:26,0
DA:27,0
DA:32,0
DA:33,0
DA:40,0
DA:42,0
DA:49,0
LF:12
LH:0
BRDA:11,0,0,0
BRDA:12,1,0,0
BRDA:13,2,0,0
BRDA:16,3,0,0
BRDA:24,4,0,0
BRDA:24,4,1,0
BRDA:24,5,0,0
BRDA:24,5,1,0
BRDA:28,6,0,0
BRDA:28,6,1,0
BRDA:32,7,0,0
BRDA:32,7,1,0
BRDA:50,8,0,0
BRDA:50,8,1,0
BRDA:51,9,0,0
BRDA:51,9,1,0
BRDA:52,10,0,0
BRDA:52,10,1,0
BRF:18
BRH:0
end_of_record
TN:
SF:src/components/Card.tsx
FN:10,(anonymous_0)
FNF:1
FNH:0
FNDA:0,(anonymous_0)
DA:10,0
DA:18,0
DA:20,0
DA:26,0
DA:33,0
LF:5
LH:0
BRDA:11,0,0,0
BRDA:12,1,0,0
BRDA:13,2,0,0
BRDA:14,3,0,0
BRF:4
BRH:0
end_of_record
TN:
SF:src/components/Chat.tsx
FN:13,(anonymous_0)
FN:22,(anonymous_1)
FN:36,Chat
FN:46,(anonymous_3)
FN:56,(anonymous_4)
FN:60,(anonymous_5)
FN:71,(anonymous_6)
FN:91,(anonymous_7)
FN:104,(anonymous_8)
FN:111,(anonymous_9)
FN:144,(anonymous_10)
FN:235,(anonymous_11)
FN:256,(anonymous_12)
FN:276,(anonymous_13)
FN:298,(anonymous_14)
FNF:15
FNH:0
FNDA:0,(anonymous_0)
FNDA:0,(anonymous_1)
FNDA:0,Chat
FNDA:0,(anonymous_3)
FNDA:0,(anonymous_4)
FNDA:0,(anonymous_5)
FNDA:0,(anonymous_6)
FNDA:0,(anonymous_7)
FNDA:0,(anonymous_8)
FNDA:0,(anonymous_9)
FNDA:0,(anonymous_10)
FNDA:0,(anonymous_11)
FNDA:0,(anonymous_12)
FNDA:0,(anonymous_13)
FNDA:0,(anonymous_14)
DA:13,0
DA:14,0
DA:22,0
DA:23,0
DA:24,0
DA:25,0
DA:27,0
DA:28,0
DA:29,0
DA:30,0
DA:32,0
DA:37,0
DA:38,0
DA:39,0
DA:40,0
DA:41,0
DA:42,0
DA:43,0
DA:46,0
DA:47,0
DA:48,0
DA:49,0
DA:51,0
DA:56,0
DA:57,0
DA:60,0
DA:61,0
DA:62,0
DA:65,0
DA:71,0
DA:72,0
DA:75,0
DA:76,0
DA:77,0
DA:79,0
DA:80,0
DA:85,0
DA:91,0
DA:93,0
DA:94,0
DA:95,0
DA:98,0
DA:104,0
DA:106,0
DA:111,0
DA:112,0
DA:113,0
DA:114,0
DA:145,0
DA:236,0
DA:237,0
DA:256,0
DA:276,0
DA:299,0
DA:300,0
DA:301,0
DA:303,0
LF:57
LH:0
BRDA:27,0,0,0
BRDA:27,0,1,0
BRDA:29,1,0,0
BRDA:29,1,1,0
BRDA:62,2,0,0
BRDA:62,2,1,0
BRDA:75,3,0,0
BRDA:75,3,1,0
BRDA:75,4,0,0
BRDA:75,4,1,0
BRDA:88,5,0,0
BRDA:88,5,1,0
BRDA:95,6,0,0
BRDA:95,6,1,0
BRDA:101,7,0,0
BRDA:101,7,1,0
BRDA:112,8,0,0
BRDA:112,8,1,0
BRDA:112,9,0,0
BRDA:112,9,1,0
BRDA:137,10,0,0
BRDA:137,10,1,0
BRDA:145,11,0,0
BRDA:145,11,1,0
BRDA:163,12,0,0
BRDA:163,12,1,0
BRDA:165,13,0,0
BRDA:165,13,1,0
BRDA:165,14,0,0
BRDA:165,14,1,0
BRDA:169,15,0,0
BRDA:169,15,1,0
BRDA:171,16,0,0
BRDA:171,16,1,0
BRDA:203,17,0,0
BRDA:203,17,1,0
BRDA:205,18,0,0
BRDA:205,18,1,0
BRDA:270,19,0,0
BRDA:270,19,1,0
BRDA:278,20,0,0
BRDA:278,20,1,0
BRDA:280,21,0,0
BRDA:280,21,1,0
BRDA:287,22,0,0
BRDA:287,22,1,0
BRDA:299,23,0,0
BRDA:299,23,1,0
BRDA:307,24,0,0
BRDA:307,24,1,0
BRF:50
BRH:0
end_of_record
TN:
SF:src/components/ColorPicker.tsx
FN:30,ColorPicker
FN:38,(anonymous_1)
FN:55,(anonymous_2)
FN:62,(anonymous_3)
FN:63,(anonymous_4)
FN:64,(anonymous_5)
FN:65,(anonymous_6)
FNF:7
FNH:0
FNDA:0,ColorPicker
FNDA:0,(anonymous_1)
FNDA:0,(anonymous_2)
FNDA:0,(anonymous_3)
FNDA:0,(anonymous_4)
FNDA:0,(anonymous_5)
FNDA:0,(anonymous_6)
DA:5,0
DA:35,0
DA:38,0
DA:39,0
DA:40,0
DA:41,0
DA:56,0
DA:57,0
DA:62,0
DA:63,0
DA:64,0
DA:65,0
LF:12
LH:0
BRDA:33,0,0,0
BRDA:39,1,0,0
BRDA:39,1,1,0
BRDA:39,2,0,0
BRDA:39,2,1,0
BRDA:69,3,0,0
BRDA:69,3,1,0
BRDA:69,4,0,0
BRDA:69,4,1,0
BRDA:70,5,0,0
BRDA:70,5,1,0
BRDA:74,6,0,0
BRDA:74,6,1,0
BRDA:76,7,0,0
BRDA:76,7,1,0
BRDA:89,8,0,0
BRDA:89,8,1,0
BRDA:89,9,0,0
BRDA:89,9,1,0
BRDA:89,9,2,0
BRF:20
BRH:0
end_of_record
TN:
SF:src/components/ConnectionQualityIndicator.tsx
FN:9,ConnectionQualityIndicator
FN:15,(anonymous_1)
FN:21,(anonymous_2)
FN:25,(anonymous_3)
FN:31,(anonymous_4)
FNF:5
FNH:0
FNDA:0,ConnectionQualityIndicator
FNDA:0,(anonymous_1)
FNDA:0,(anonymous_2)
FNDA:0,(anonymous_3)
FNDA:0,(anonymous_4)
DA:13,0
DA:15,0
DA:17,0
DA:18,0
DA:21,0
DA:22,0
DA:25,0
DA:27,0
DA:31,0
DA:32,0
DA:34,0
DA:40,0
DA:46,0
DA:52,0
DA:58,0
DA:66,0
LF:16
LH:0
BRDA:11,0,0,0
BRDA:17,1,0,0
BRDA:17,1,1,0
BRDA:17,2,0,0
BRDA:17,2,1,0
BRDA:32,3,0,0
BRDA:32,3,1,0
BRDA:32,3,2,0
BRDA:32,3,3,0
BRDA:32,3,4,0
BRDA:81,4,0,0
BRDA:81,4,1,0
BRDA:82,5,0,0
BRDA:82,5,1,0
BRDA:82,6,0,0
BRDA:82,6,1,0
BRDA:82,6,2,0
BRDA:116,7,0,0
BRDA:116,7,1,0
BRDA:119,8,0,0
BRDA:119,8,1,0
BRF:21
BRH:0
end_of_record
TN:
SF:src/components/ControlToolbar.tsx
FN:27,ControlToolbar
FN:43,(anonymous_1)
FN:47,(anonymous_2)
FN:52,(anonymous_3)
FN:56,(anonymous_4)
FN:61,(anonymous_5)
FN:66,(anonymous_6)
FN:84,(anonymous_7)
FN:205,(anonymous_8)
FN:222,(anonymous_9)
FNF:10
FNH:0
FNDA:0,ControlToolbar
FNDA:0,(anonymous_1)
FNDA:0,(anonymous_2)
FNDA:0,(anonymous_3)
FNDA:0,(anonymous_4)
FNDA:0,(anonymous_5)
FNDA:0,(anonymous_6)
FNDA:0,(anonymous_7)
FNDA:0,(anonymous_8)
FNDA:0,(anonymous_9)
DA:38,0
DA:39,0
DA:40,0
DA:41,0
DA:43,0
DA:45,0
DA:46,0
DA:47,0
DA:49,0
DA:52,0
DA:54,0
DA:55,0
DA:56,0
DA:58,0
DA:61,0
DA:62,0
DA:64,0
DA:65,0
DA:66,0
DA:68,0
DA:84,0
DA:205,0
DA:222,0
LF:23
LH:0
BRDA:32,0,0,0
BRDA:45,1,0,0
BRDA:45,1,1,0
BRDA:54,2,0,0
BRDA:54,2,1,0
BRDA:62,3,0,0
BRDA:62,3,1,0
BRDA:64,4,0,0
BRDA:64,4,1,0
BRDA:76,5,0,0
BRDA:76,5,1,0
BRDA:82,6,0,0
BRDA:82,6,1,0
BRDA:87,7,0,0
BRDA:87,7,1,0
BRDA:93,8,0,0
BRDA:93,8,1,0
BRDA:106,9,0,0
BRDA:106,9,1,0
BRDA:113,10,0,0
BRDA:113,10,1,0
BRDA:117,11,0,0
BRDA:117,11,1,0
BRDA:120,12,0,0
BRDA:120,12,1,0
BRDA:122,13,0,0
BRDA:122,13,1,0
BRDA:127,14,0,0
BRDA:127,14,1,0
BRDA:131,15,0,0
BRDA:131,15,1,0
BRDA:131,16,0,0
BRDA:131,16,1,0
BRDA:132,17,0,0
BRDA:132,17,1,0
BRDA:140,18,0,0
BRDA:140,18,1,0
BRDA:144,19,0,0
BRDA:144,19,1,0
BRDA:147,20,0,0
BRDA:147,20,1,0
BRDA:149,21,0,0
BRDA:149,21,1,0
BRDA:154,22,0,0
BRDA:154,22,1,0
BRDA:158,23,0,0
BRDA:158,23,1,0
BRDA:158,24,0,0
BRDA:158,24,1,0
BRDA:159,25,0,0
BRDA:159,25,1,0
BRDA:170,26,0,0
BRDA:170,26,1,0
BRDA:174,27,0,0
BRDA:174,27,1,0
BRDA:177,28,0,0
BRDA:177,28,1,0
BRDA:179,29,0,0
BRDA:179,29,1,0
BRDA:184,30,0,0
BRDA:184,30,1,0
BRDA:188,31,0,0
BRDA:188,31,1,0
BRDA:188,32,0,0
BRDA:188,32,1,0
BRDA:189,33,0,0
BRDA:189,33,1,0
BRDA:207,34,0,0
BRDA:207,34,1,0
BRDA:224,35,0,0
BRDA:224,35,1,0
BRF:71
BRH:0
end_of_record
TN:
SF:src/components/ErrorBoundary.tsx
FN:31,(anonymous_0)
FN:40,(anonymous_1)
FN:63,(anonymous_2)
FN:129,(anonymous_3)
FN:22,(anonymous_4)
FN:55,(anonymous_5)
FNF:6
FNH:0
FNDA:0,(anonymous_0)
FNDA:0,(anonymous_1)
FNDA:0,(anonymous_2)
FNDA:0,(anonymous_3)
FNDA:0,(anonymous_4)
FNDA:0,(anonymous_5)
DA:20,0
DA:23,0
DA:24,0
DA:33,0
DA:42,0
DA:45,0
DA:50,0
DA:51,0
DA:56,0
DA:64,0
DA:66,0
DA:67,0
DA:129,0
DA:141,0
LF:14
LH:0
BRDA:50,0,0,0
BRDA:50,0,1,0
BRDA:64,1,0,0
BRDA:64,1,1,0
BRDA:66,2,0,0
BRDA:66,2,1,0
BRF:6
BRH:0
end_of_record
TN:
SF:src/components/IconButton.tsx
FN:11,(anonymous_0)
FNF:1
FNH:0
FNDA:0,(anonymous_0)
DA:11,0
DA:21,0
DA:23,0
DA:35,0
LF:4
LH:0
BRDA:13,0,0,0
BRDA:14,1,0,0
BRDA:15,2,0,0
BRDA:17,3,0,0
BRDA:24,4,0,0
BRDA:24,4,1,0
BRDA:27,5,0,0
BRDA:27,5,1,0
BRDA:30,6,0,0
BRDA:30,6,1,0
BRF:10
BRH:0
end_of_record
TN:
SF:src/components/Input.tsx
FN:9,(anonymous_0)
FNF:1
FNH:0
FNDA:0,(anonymous_0)
DA:9,0
DA:17,0
DA:19,0
DA:20,0
DA:21,0
DA:22,0
LF:6
LH:0
BRDA:12,0,0,0
BRDA:13,1,0,0
BRDA:17,2,0,0
BRDA:17,2,1,0
BRDA:21,3,0,0
BRDA:21,3,1,0
BRDA:22,4,0,0
BRDA:22,4,1,0
BRDA:25,5,0,0
BRDA:25,5,1,0
BRF:10
BRH:0
end_of_record
TN:
SF:src/components/LaserPointerIndicator.tsx
FN:21,(anonymous_0)
FNF:1
FNH:0
FNDA:0,(anonymous_0)
DA:21,0
DA:25,0
DA:26,0
LF:3
LH:0
BRDA:25,0,0,0
BRDA:25,0,1,0
BRF:2
BRH:0
end_of_record
TN:
SF:src/components/LoginForm.tsx
FN:11,LoginForm
FN:16,(anonymous_1)
FN:74,(anonymous_2)
FN:97,(anonymous_3)
FN:105,(anonymous_4)
FNF:5
FNH:0
FNDA:0,LoginForm
FNDA:0,(anonymous_1)
FNDA:0,(anonymous_2)
FNDA:0,(anonymous_3)
FNDA:0,(anonymous_4)
DA:12,0
DA:13,0
DA:14,0
DA:16,0
DA:17,0
DA:19,0
DA:20,0
DA:23,0
DA:74,0
DA:97,0
DA:105,0
LF:11
LH:0
BRDA:19,0,0,0
BRDA:19,0,1,0
BRDA:19,1,0,0
BRDA:19,1,1,0
BRDA:95,2,0,0
BRDA:95,2,1,0
BRDA:125,3,0,0
BRDA:125,3,1,0
BRDA:125,3,2,0
BRDA:128,4,0,0
BRDA:128,4,1,0
BRF:11
BRH:0
end_of_record
TN:
SF:src/components/MediaRenderer.tsx
FN:9,MediaRenderer
FN:10,(anonymous_1)
FNF:2
FNH:0
FNDA:0,MediaRenderer
FNDA:0,(anonymous_1)
DA:10,0
DA:11,0
DA:12,0
LF:3
LH:0
BRDA:11,0,0,0
BRDA:11,0,1,0
BRDA:19,1,0,0
BRDA:19,1,1,0
BRDA:23,2,0,0
BRDA:23,2,1,0
BRDA:29,3,0,0
BRDA:29,3,1,0
BRDA:35,4,0,0
BRDA:35,4,1,0
BRF:10
BRH:0
end_of_record
TN:
SF:src/components/MessageInput.tsx
FN:11,MessageInput
FN:19,(anonymous_1)
FN:27,(anonymous_2)
FN:39,(anonymous_3)
FNF:4
FNH:0
FNDA:0,MessageInput
FNDA:0,(anonymous_1)
FNDA:0,(anonymous_2)
FNDA:0,(anonymous_3)
DA:17,0
DA:19,0
DA:20,0
DA:21,0
DA:22,0
DA:23,0
DA:27,0
DA:28,0
DA:29,0
DA:30,0
DA:39,0
LF:11
LH:0
BRDA:13,0,0,0
BRDA:14,1,0,0
BRDA:15,2,0,0
BRDA:21,3,0,0
BRDA:21,3,1,0
BRDA:21,4,0,0
BRDA:21,4,1,0
BRDA:28,5,0,0
BRDA:28,5,1,0
BRDA:28,6,0,0
BRDA:28,6,1,0
BRDA:48,7,0,0
BRDA:48,7,1,0
BRDA:62,8,0,0
BRDA:62,8,1,0
BRF:15
BRH:0
end_of_record
TN:
SF:src/components/MessageList.tsx
FN:48,MessageList
FN:53,(anonymous_1)
FN:58,(anonymous_2)
FNF:3
FNH:0
FNDA:0,MessageList
FNDA:0,(anonymous_1)
FNDA:0,(anonymous_2)
DA:46,0
DA:49,0
DA:50,0
DA:53,0
DA:54,0
DA:58,0
DA:60,0
DA:61,0
DA:64,0
LF:9
LH:0
BRDA:14,0,0,0
BRDA:14,0,1,0
BRDA:18,1,0,0
BRDA:18,1,1,0
BRDA:60,2,0,0
BRDA:60,2,1,0
BRF:6
BRH:0
end_of_record
TN:
SF:src/components/Modal.tsx
FN:20,(anonymous_0)
FN:32,(anonymous_1)
FN:33,(anonymous_2)
FN:45,(anonymous_3)
FN:52,(anonymous_4)
FNF:5
FNH:0
FNDA:0,(anonymous_0)
FNDA:0,(anonymous_1)
FNDA:0,(anonymous_2)
FNDA:0,(anonymous_3)
FNDA:0,(anonymous_4)
DA:20,0
DA:28,0
DA:29,0
DA:32,0
DA:33,0
DA:34,0
DA:35,0
DA:39,0
DA:40,0
DA:42,0
DA:45,0
DA:46,0
DA:47,0
DA:52,0
DA:53,0
DA:54,0
DA:58,0
DA:60,0
DA:67,0
LF:19
LH:0
BRDA:25,0,0,0
BRDA:26,1,0,0
BRDA:34,2,0,0
BRDA:34,2,1,0
BRDA:34,3,0,0
BRDA:34,3,1,0
BRDA:39,4,0,0
BRDA:39,4,1,0
BRDA:53,5,0,0
BRDA:53,5,1,0
BRDA:58,6,0,0
BRDA:58,6,1,0
BRDA:69,7,0,0
BRDA:69,7,1,0
BRDA:73,8,0,0
BRDA:73,8,1,0
BRDA:81,9,0,0
BRDA:81,9,1,0
BRDA:83,10,0,0
BRDA:83,10,1,0
BRF:20
BRH:0
end_of_record
TN:
SF:src/components/PDFAnnotationLayer.tsx
FN:32,PDFAnnotationLayer
FN:50,(anonymous_1)
FN:58,(anonymous_2)
FN:64,(anonymous_3)
FN:72,(anonymous_4)
FN:87,(anonymous_5)
FN:99,(anonymous_6)
FN:125,(anonymous_7)
FN:136,(anonymous_8)
FN:142,(anonymous_9)
FN:152,(anonymous_10)
FN:153,(anonymous_11)
FN:173,(anonymous_12)
FN:186,(anonymous_13)
FN:187,(anonymous_14)
FN:202,(anonymous_15)
FN:242,(anonymous_16)
FN:262,(anonymous_17)
FN:270,(anonymous_18)
FN:276,(anonymous_19)
FN:301,(anonymous_20)
FN:307,(anonymous_21)
FN:376,clearAllPDFAnnotations
FNF:23
FNH:0
FNDA:0,PDFAnnotationLayer
FNDA:0,(anonymous_1)
FNDA:0,(anonymous_2)
FNDA:0,(anonymous_3)
FNDA:0,(anonymous_4)
FNDA:0,(anonymous_5)
FNDA:0,(anonymous_6)
FNDA:0,(anonymous_7)
FNDA:0,(anonymous_8)
FNDA:0,(anonymous_9)
FNDA:0,(anonymous_10)
FNDA:0,(anonymous_11)
FNDA:0,(anonymous_12)
FNDA:0,(anonymous_13)
FNDA:0,(anonymous_14)
FNDA:0,(anonymous_15)
FNDA:0,(anonymous_16)
FNDA:0,(anonymous_17)
FNDA:0,(anonymous_18)
FNDA:0,(anonymous_19)
FNDA:0,(anonymous_20)
FNDA:0,(anonymous_21)
FNDA:0,clearAllPDFAnnotations
DA:30,0
DA:43,0
DA:44,0
DA:45,0
DA:46,0
DA:47,0
DA:50,0
DA:51,0
DA:52,0
DA:54,0
DA:58,0
DA:59,0
DA:60,0
DA:64,0
DA:65,0
DA:66,0
DA:71,0
DA:73,0
DA:74,0
DA:76,0
DA:78,0
DA:79,0
DA:81,0
DA:87,0
DA:88,0
DA:89,0
DA:91,0
DA:92,0
DA:95,0
DA:98,0
DA:99,0
DA:100,0
DA:102,0
DA:103,0
DA:104,0
DA:105,0
DA:106,0
DA:108,0
DA:109,0
DA:111,0
DA:114,0
DA:115,0
DA:116,0
DA:118,0
DA:121,0
DA:125,0
DA:126,0
DA:127,0
DA:129,0
DA:130,0
DA:132,0
DA:136,0
DA:137,0
DA:141,0
DA:143,0
DA:145,0
DA:147,0
DA:149,0
DA:150,0
DA:152,0
DA:153,0
DA:154,0
DA:157,0
DA:161,0
DA:162,0
DA:164,0
DA:165,0
DA:172,0
DA:174,0
DA:177,0
DA:178,0
DA:182,0
DA:183,0
DA:184,0
DA:186,0
DA:187,0
DA:188,0
DA:191,0
DA:195,0
DA:196,0
DA:197,0
DA:201,0
DA:202,0
DA:205,0
DA:206,0
DA:208,0
DA:209,0
DA:211,0
DA:212,0
DA:213,0
DA:214,0
DA:215,0
DA:217,0
DA:218,0
DA:219,0
DA:220,0
DA:221,0
DA:222,0
DA:225,0
DA:242,0
DA:243,0
DA:245,0
DA:252,0
DA:253,0
DA:254,0
DA:257,0
DA:258,0
DA:262,0
DA:263,0
DA:264,0
DA:265,0
DA:270,0
DA:271,0
DA:272,0
DA:273,0
DA:276,0
DA:277,0
DA:278,0
DA:280,0
DA:283,0
DA:290,0
DA:291,0
DA:293,0
DA:294,0
DA:296,0
DA:300,0
DA:301,0
DA:302,0
DA:307,0
DA:308,0
DA:310,0
DA:313,0
DA:315,0
DA:317,0
DA:377,0
DA:378,0
LF:136
LH:0
BRDA:51,0,0,0
BRDA:51,0,1,0
BRDA:65,1,0,0
BRDA:65,1,1,0
BRDA:74,2,0,0
BRDA:74,2,1,0
BRDA:89,3,0,0
BRDA:89,3,1,0
BRDA:92,4,0,0
BRDA:92,4,1,0
BRDA:100,5,0,0
BRDA:100,5,1,0
BRDA:108,6,0,0
BRDA:108,6,1,0
BRDA:127,7,0,0
BRDA:127,7,1,0
BRDA:143,8,0,0
BRDA:143,8,1,0
BRDA:147,9,0,0
BRDA:147,9,1,0
BRDA:177,10,0,0
BRDA:177,10,1,0
BRDA:182,11,0,0
BRDA:182,11,1,0
BRDA:182,12,0,0
BRDA:182,12,1,0
BRDA:201,13,0,0
BRDA:201,13,1,0
BRDA:201,14,0,0
BRDA:201,14,1,0
BRDA:201,14,2,0
BRDA:206,15,0,0
BRDA:206,15,1,0
BRDA:209,16,0,0
BRDA:209,16,1,0
BRDA:212,17,0,0
BRDA:212,17,1,0
BRDA:215,18,0,0
BRDA:215,18,1,0
BRDA:217,19,0,0
BRDA:217,19,1,0
BRDA:243,20,0,0
BRDA:243,20,1,0
BRDA:243,21,0,0
BRDA:243,21,1,0
BRDA:248,22,0,0
BRDA:248,22,1,0
BRDA:264,23,0,0
BRDA:264,23,1,0
BRDA:271,24,0,0
BRDA:271,24,1,0
BRDA:278,25,0,0
BRDA:278,25,1,0
BRDA:283,26,0,0
BRDA:283,26,1,0
BRDA:284,27,0,0
BRDA:284,27,1,0
BRDA:284,27,2,0
BRDA:284,27,3,0
BRDA:308,28,0,0
BRDA:308,28,1,0
BRDA:308,28,2,0
BRDA:308,28,3,0
BRDA:308,28,4,0
BRDA:332,29,0,0
BRDA:332,29,1,0
BRDA:332,30,0,0
BRDA:332,30,1,0
BRDA:332,30,2,0
BRDA:377,31,0,0
BRDA:377,31,1,0
BRDA:377,32,0,0
BRDA:377,32,1,0
BRF:73
BRH:0
end_of_record
TN:
SF:src/components/PDFViewer.tsx
FN:27,PDFViewer
FN:50,(anonymous_1)
FN:51,(anonymous_2)
FN:71,(anonymous_3)
FN:79,(anonymous_4)
FN:84,(anonymous_5)
FN:87,(anonymous_6)
FN:133,(anonymous_7)
FN:140,(anonymous_8)
FN:146,(anonymous_9)
FN:152,(anonymous_10)
FN:160,(anonymous_11)
FN:168,(anonymous_12)
FN:175,(anonymous_13)
FN:227,(anonymous_14)
FNF:15
FNH:0
FNDA:0,PDFViewer
FNDA:0,(anonymous_1)
FNDA:0,(anonymous_2)
FNDA:0,(anonymous_3)
FNDA:0,(anonymous_4)
FNDA:0,(anonymous_5)
FNDA:0,(anonymous_6)
FNDA:0,(anonymous_7)
FNDA:0,(anonymous_8)
FNDA:0,(anonymous_9)
FNDA:0,(anonymous_10)
FNDA:0,(anonymous_11)
FNDA:0,(anonymous_12)
FNDA:0,(anonymous_13)
FNDA:0,(anonymous_14)
DA:9,0
DA:39,0
DA:40,0
DA:41,0
DA:42,0
DA:43,0
DA:44,0
DA:45,0
DA:46,0
DA:47,0
DA:50,0
DA:51,0
DA:52,0
DA:53,0
DA:54,0
DA:55,0
DA:56,0
DA:57,0
DA:58,0
DA:59,0
DA:61,0
DA:62,0
DA:63,0
DA:67,0
DA:68,0
DA:71,0
DA:72,0
DA:73,0
DA:79,0
DA:80,0
DA:84,0
DA:85,0
DA:87,0
DA:88,0
DA:90,0
DA:91,0
DA:92,0
DA:93,0
DA:95,0
DA:98,0
DA:99,0
DA:103,0
DA:104,0
DA:105,0
DA:106,0
DA:109,0
DA:114,0
DA:119,0
DA:120,0
DA:121,0
DA:124,0
DA:125,0
DA:130,0
DA:133,0
DA:134,0
DA:135,0
DA:140,0
DA:141,0
DA:142,0
DA:146,0
DA:147,0
DA:148,0
DA:152,0
DA:153,0
DA:154,0
DA:155,0
DA:156,0
DA:160,0
DA:161,0
DA:162,0
DA:163,0
DA:164,0
DA:168,0
DA:169,0
DA:170,0
DA:171,0
DA:175,0
DA:176,0
DA:177,0
DA:178,0
DA:182,0
DA:193,0
DA:228,0
DA:229,0
DA:231,0
LF:85
LH:0
BRDA:31,0,0,0
BRDA:33,1,0,0
BRDA:34,2,0,0
BRDA:35,3,0,0
BRDA:36,4,0,0
BRDA:67,5,0,0
BRDA:67,5,1,0
BRDA:72,6,0,0
BRDA:72,6,1,0
BRDA:88,7,0,0
BRDA:88,7,1,0
BRDA:88,8,0,0
BRDA:88,8,1,0
BRDA:95,9,0,0
BRDA:95,9,1,0
BRDA:98,10,0,0
BRDA:98,10,1,0
BRDA:124,11,0,0
BRDA:124,11,1,0
BRDA:134,12,0,0
BRDA:134,12,1,0
BRDA:141,13,0,0
BRDA:141,13,1,0
BRDA:147,14,0,0
BRDA:147,14,1,0
BRDA:155,15,0,0
BRDA:155,15,1,0
BRDA:163,16,0,0
BRDA:163,16,1,0
BRDA:170,17,0,0
BRDA:170,17,1,0
BRDA:177,18,0,0
BRDA:177,18,1,0
BRDA:182,19,0,0
BRDA:182,19,1,0
BRDA:193,20,0,0
BRDA:193,20,1,0
BRDA:228,21,0,0
BRDA:228,21,1,0
BRDA:266,22,0,0
BRDA:266,22,1,0
BRDA:289,23,0,0
BRDA:289,23,1,0
BRF:43
BRH:0
end_of_record
TN:
SF:src/components/PDFViewerWithAnnotations.tsx
FN:43,(anonymous_0)
FN:78,(anonymous_1)
FN:91,(anonymous_2)
FN:110,(anonymous_3)
FN:117,(anonymous_4)
FN:129,(anonymous_5)
FN:136,(anonymous_6)
FN:154,(anonymous_7)
FN:163,(anonymous_8)
FN:170,(anonymous_9)
FN:174,(anonymous_10)
FN:188,(anonymous_11)
FN:214,(anonymous_12)
FN:230,(anonymous_13)
FN:237,(anonymous_14)
FN:266,(anonymous_15)
FN:285,(anonymous_16)
FN:293,(anonymous_17)
FN:311,(anonymous_18)
FN:341,(anonymous_19)
FN:355,(anonymous_20)
FN:370,(anonymous_21)
FN:436,(anonymous_22)
FNF:23
FNH:0
FNDA:0,(anonymous_0)
FNDA:0,(anonymous_1)
FNDA:0,(anonymous_2)
FNDA:0,(anonymous_3)
FNDA:0,(anonymous_4)
FNDA:0,(anonymous_5)
FNDA:0,(anonymous_6)
FNDA:0,(anonymous_7)
FNDA:0,(anonymous_8)
FNDA:0,(anonymous_9)
FNDA:0,(anonymous_10)
FNDA:0,(anonymous_11)
FNDA:0,(anonymous_12)
FNDA:0,(anonymous_13)
FNDA:0,(anonymous_14)
FNDA:0,(anonymous_15)
FNDA:0,(anonymous_16)
FNDA:0,(anonymous_17)
FNDA:0,(anonymous_18)
FNDA:0,(anonymous_19)
FNDA:0,(anonymous_20)
FNDA:0,(anonymous_21)
FNDA:0,(anonymous_22)
DA:42,0
DA:55,0
DA:56,0
DA:57,0
DA:58,0
DA:59,0
DA:60,0
DA:61,0
DA:62,0
DA:63,0
DA:64,0
DA:65,0
DA:66,0
DA:67,0
DA:69,0
DA:70,0
DA:71,0
DA:72,0
DA:75,0
DA:78,0
DA:79,0
DA:80,0
DA:82,0
DA:83,0
DA:85,0
DA:91,0
DA:92,0
DA:94,0
DA:95,0
DA:96,0
DA:99,0
DA:100,0
DA:103,0
DA:104,0
DA:105,0
DA:110,0
DA:111,0
DA:112,0
DA:117,0
DA:118,0
DA:125,0
DA:129,0
DA:130,0
DA:136,0
DA:137,0
DA:138,0
DA:139,0
DA:140,0
DA:141,0
DA:144,0
DA:145,0
DA:146,0
DA:147,0
DA:150,0
DA:154,0
DA:155,0
DA:156,0
DA:157,0
DA:163,0
DA:164,0
DA:165,0
DA:166,0
DA:169,0
DA:170,0
DA:171,0
DA:174,0
DA:175,0
DA:176,0
DA:177,0
DA:179,0
DA:180,0
DA:182,0
DA:188,0
DA:189,0
DA:190,0
DA:192,0
DA:194,0
DA:195,0
DA:198,0
DA:199,0
DA:200,0
DA:203,0
DA:205,0
DA:206,0
DA:214,0
DA:215,0
DA:216,0
DA:217,0
DA:218,0
DA:219,0
DA:221,0
DA:224,0
DA:225,0
DA:230,0
DA:231,0
DA:237,0
DA:238,0
DA:239,0
DA:242,0
DA:243,0
DA:244,0
DA:247,0
DA:250,0
DA:251,0
DA:252,0
DA:253,0
DA:255,0
DA:258,0
DA:259,0
DA:266,0
DA:267,0
DA:268,0
DA:270,0
DA:271,0
DA:274,0
DA:275,0
DA:276,0
DA:279,0
DA:280,0
DA:285,0
DA:293,0
DA:294,0
DA:295,0
DA:297,0
DA:298,0
DA:299,0
DA:304,0
DA:311,0
DA:312,0
DA:314,0
DA:315,0
DA:316,0
DA:324,0
DA:325,0
DA:326,0
DA:327,0
DA:331,0
DA:334,0
DA:341,0
DA:342,0
DA:343,0
DA:344,0
DA:345,0
DA:348,0
DA:355,0
DA:356,0
DA:357,0
DA:358,0
DA:359,0
DA:360,0
DA:363,0
DA:370,0
DA:371,0
DA:373,0
DA:374,0
DA:376,0
DA:378,0
DA:379,0
DA:381,0
DA:382,0
DA:384,0
DA:388,0
DA:437,0
DA:438,0
DA:530,0
LF:165
LH:0
BRDA:79,0,0,0
BRDA:79,0,1,0
BRDA:92,1,0,0
BRDA:92,1,1,0
BRDA:99,2,0,0
BRDA:99,2,1,0
BRDA:111,3,0,0
BRDA:111,3,1,0
BRDA:111,4,0,0
BRDA:111,4,1,0
BRDA:130,5,0,0
BRDA:130,5,1,0
BRDA:130,6,0,0
BRDA:130,6,1,0
BRDA:146,7,0,0
BRDA:146,7,1,0
BRDA:164,8,0,0
BRDA:164,8,1,0
BRDA:190,9,0,0
BRDA:190,9,1,0
BRDA:198,10,0,0
BRDA:198,10,1,0
BRDA:198,11,0,0
BRDA:198,11,1,0
BRDA:216,12,0,0
BRDA:216,12,1,0
BRDA:216,13,0,0
BRDA:216,13,1,0
BRDA:218,14,0,0
BRDA:218,14,1,0
BRDA:243,15,0,0
BRDA:243,15,1,0
BRDA:243,16,0,0
BRDA:243,16,1,0
BRDA:250,17,0,0
BRDA:250,17,1,0
BRDA:250,18,0,0
BRDA:250,18,1,0
BRDA:252,19,0,0
BRDA:252,19,1,0
BRDA:270,20,0,0
BRDA:270,20,1,0
BRDA:274,21,0,0
BRDA:274,21,1,0
BRDA:274,22,0,0
BRDA:274,22,1,0
BRDA:295,23,0,0
BRDA:295,23,1,0
BRDA:297,24,0,0
BRDA:297,24,1,0
BRDA:314,25,0,0
BRDA:314,25,1,0
BRDA:315,26,0,0
BRDA:315,26,1,0
BRDA:315,27,0,0
BRDA:315,27,1,0
BRDA:324,28,0,0
BRDA:324,28,1,0
BRDA:326,29,0,0
BRDA:326,29,1,0
BRDA:343,30,0,0
BRDA:343,30,1,0
BRDA:358,31,0,0
BRDA:358,31,1,0
BRDA:371,32,0,0
BRDA:371,32,1,0
BRDA:373,33,0,0
BRDA:373,33,1,0
BRDA:374,34,0,0
BRDA:374,34,1,0
BRDA:378,35,0,0
BRDA:378,35,1,0
BRDA:381,36,0,0
BRDA:381,36,1,0
BRDA:381,37,0,0
BRDA:381,37,1,0
BRDA:381,37,2,0
BRDA:388,38,0,0
BRDA:388,38,1,0
BRDA:400,39,0,0
BRDA:400,39,1,0
BRDA:408,40,0,0
BRDA:408,40,1,0
BRDA:465,41,0,0
BRDA:465,41,1,0
BRDA:465,42,0,0
BRDA:465,42,1,0
BRDA:465,43,0,0
BRDA:465,43,1,0
BRF:89
BRH:0
end_of_record
TN:
SF:src/components/PageTransition.tsx
FN:11,(anonymous_0)
FNF:1
FNH:0
FNDA:0,(anonymous_0)
DA:11,0
LF:1
LH:0
BRF:0
BRH:0
end_of_record
TN:
SF:src/components/PanZoomContainer.tsx
FN:15,PanZoomContainer
FN:32,(anonymous_1)
FN:38,(anonymous_2)
FN:49,(anonymous_3)
FN:61,(anonymous_4)
FN:65,(anonymous_5)
FN:69,(anonymous_6)
FNF:7
FNH:0
FNDA:0,PanZoomContainer
FNDA:0,(anonymous_1)
FNDA:0,(anonymous_2)
FNDA:0,(anonymous_3)
FNDA:0,(anonymous_4)
FNDA:0,(anonymous_5)
FNDA:0,(anonymous_6)
DA:25,0
DA:26,0
DA:27,0
DA:28,0
DA:29,0
DA:32,0
DA:33,0
DA:34,0
DA:38,0
DA:40,0
DA:42,0
DA:43,0
DA:49,0
DA:50,0
DA:52,0
DA:57,0
DA:58,0
DA:61,0
DA:62,0
DA:65,0
DA:66,0
DA:69,0
DA:71,0
DA:72,0
DA:73,0
DA:74,0
DA:75,0
DA:76,0
DA:80,0
DA:81,0
DA:85,0
DA:86,0
DA:87,0
DA:91,0
DA:92,0
DA:93,0
DA:94,0
LF:37
LH:0
BRDA:21,0,0,0
BRDA:22,1,0,0
BRDA:23,2,0,0
BRDA:33,3,0,0
BRDA:33,3,1,0
BRDA:40,4,0,0
BRDA:40,4,1,0
BRDA:50,5,0,0
BRDA:50,5,1,0
BRDA:71,6,0,0
BRDA:71,6,1,0
BRDA:71,7,0,0
BRDA:71,7,1,0
BRDA:73,8,0,0
BRDA:73,8,1,0
BRDA:80,9,0,0
BRDA:80,9,1,0
BRDA:91,10,0,0
BRDA:91,10,1,0
BRDA:93,11,0,0
BRDA:93,11,1,0
BRDA:108,12,0,0
BRDA:108,12,1,0
BRDA:108,13,0,0
BRDA:108,13,1,0
BRDA:117,14,0,0
BRDA:117,14,1,0
BRF:27
BRH:0
end_of_record
TN:
SF:src/components/PresentationContainer.tsx
FN:9,PresentationContainer
FNF:1
FNH:0
FNDA:0,PresentationContainer
DA:14,0
LF:1
LH:0
BRDA:24,0,0,0
BRDA:24,0,1,0
BRF:2
BRH:0
end_of_record
TN:
SF:src/components/PresentationPanel.tsx
FN:14,(anonymous_0)
FN:15,(anonymous_1)
FN:16,(anonymous_2)
FN:19,HeavyComponentLoader
FN:30,PresentationPanel
FN:71,(anonymous_5)
FN:75,(anonymous_6)
FN:83,(anonymous_7)
FN:97,(anonymous_8)
FN:126,(anonymous_9)
FN:151,(anonymous_10)
FN:166,(anonymous_11)
FN:202,(anonymous_12)
FN:222,(anonymous_13)
FN:229,(anonymous_14)
FN:236,(anonymous_15)
FN:244,(anonymous_16)
FN:248,(anonymous_17)
FN:265,(anonymous_18)
FN:279,(anonymous_19)
FN:371,(anonymous_20)
FNF:21
FNH:0
FNDA:0,(anonymous_0)
FNDA:0,(anonymous_1)
FNDA:0,(anonymous_2)
FNDA:0,HeavyComponentLoader
FNDA:0,PresentationPanel
FNDA:0,(anonymous_5)
FNDA:0,(anonymous_6)
FNDA:0,(anonymous_7)
FNDA:0,(anonymous_8)
FNDA:0,(anonymous_9)
FNDA:0,(anonymous_10)
FNDA:0,(anonymous_11)
FNDA:0,(anonymous_12)
FNDA:0,(anonymous_13)
FNDA:0,(anonymous_14)
FNDA:0,(anonymous_15)
FNDA:0,(anonymous_16)
FNDA:0,(anonymous_17)
FNDA:0,(anonymous_18)
FNDA:0,(anonymous_19)
FNDA:0,(anonymous_20)
DA:14,0
DA:15,0
DA:16,0
DA:31,0
DA:34,0
DA:37,0
DA:38,0
DA:39,0
DA:40,0
DA:41,0
DA:42,0
DA:43,0
DA:46,0
DA:47,0
DA:50,0
DA:51,0
DA:53,0
DA:54,0
DA:57,0
DA:67,0
DA:71,0
DA:73,0
DA:75,0
DA:77,0
DA:78,0
DA:83,0
DA:84,0
DA:87,0
DA:88,0
DA:92,0
DA:93,0
DA:97,0
DA:98,0
DA:99,0
DA:101,0
DA:104,0
DA:107,0
DA:108,0
DA:110,0
DA:118,0
DA:120,0
DA:122,0
DA:126,0
DA:127,0
DA:129,0
DA:131,0
DA:132,0
DA:133,0
DA:134,0
DA:136,0
DA:143,0
DA:144,0
DA:146,0
DA:147,0
DA:151,0
DA:152,0
DA:154,0
DA:155,0
DA:156,0
DA:157,0
DA:159,0
DA:166,0
DA:168,0
DA:169,0
DA:170,0
DA:174,0
DA:175,0
DA:176,0
DA:177,0
DA:181,0
DA:183,0
DA:185,0
DA:188,0
DA:189,0
DA:193,0
DA:194,0
DA:197,0
DA:200,0
DA:201,0
DA:202,0
DA:205,0
DA:206,0
DA:207,0
DA:208,0
DA:210,0
DA:212,0
DA:213,0
DA:215,0
DA:222,0
DA:223,0
DA:229,0
DA:230,0
DA:236,0
DA:237,0
DA:238,0
DA:244,0
DA:245,0
DA:248,0
DA:249,0
DA:266,0
DA:280,0
DA:281,0
DA:282,0
DA:339,0
DA:350,0
DA:371,0
DA:376,0
LF:107
LH:0
BRDA:57,0,0,0
BRDA:57,0,1,0
BRDA:77,1,0,0
BRDA:77,1,1,0
BRDA:87,2,0,0
BRDA:87,2,1,0
BRDA:87,3,0,0
BRDA:87,3,1,0
BRDA:87,3,2,0
BRDA:92,4,0,0
BRDA:92,4,1,0
BRDA:92,5,0,0
BRDA:92,5,1,0
BRDA:111,6,0,0
BRDA:111,6,1,0
BRDA:127,7,0,0
BRDA:127,7,1,0
BRDA:131,8,0,0
BRDA:131,8,1,0
BRDA:152,9,0,0
BRDA:152,9,1,0
BRDA:168,10,0,0
BRDA:168,10,1,0
BRDA:175,11,0,0
BRDA:175,11,1,0
BRDA:188,12,0,0
BRDA:188,12,1,0
BRDA:201,13,0,0
BRDA:201,13,1,0
BRDA:249,14,0,0
BRDA:249,14,1,NaN
BRDA:249,14,2,NaN
BRDA:249,14,3,NaN
BRDA:281,15,0,0
BRDA:281,15,1,0
BRDA:339,16,0,0
BRDA:339,16,1,0
BRDA:350,17,0,0
BRDA:350,17,1,0
BRF:39
BRH:0
end_of_record
TN:
SF:src/components/ProtectedRoute.tsx
FN:8,ProtectedRoute
FNF:1
FNH:0
FNDA:0,ProtectedRoute
DA:9,0
DA:10,0
DA:13,0
DA:25,0
LF:4
LH:0
BRDA:13,0,0,0
BRDA:13,0,1,0
BRDA:25,1,0,0
BRDA:25,1,1,0
BRF:4
BRH:0
end_of_record
TN:
SF:src/components/ReactPDFViewer.tsx
FN:19,ReactPDFViewer
FN:36,(anonymous_1)
FN:42,(anonymous_2)
FN:46,(anonymous_3)
FN:53,(anonymous_4)
FN:66,(anonymous_5)
FN:88,(anonymous_6)
FN:106,(anonymous_7)
FN:113,(anonymous_8)
FN:120,(anonymous_9)
FN:121,(anonymous_10)
FN:124,(anonymous_11)
FN:125,(anonymous_12)
FN:129,(anonymous_13)
FN:130,(anonymous_14)
FN:133,(anonymous_15)
FN:134,(anonymous_16)
FN:137,(anonymous_17)
FN:142,(anonymous_18)
FNF:19
FNH:0
FNDA:0,ReactPDFViewer
FNDA:0,(anonymous_1)
FNDA:0,(anonymous_2)
FNDA:0,(anonymous_3)
FNDA:0,(anonymous_4)
FNDA:0,(anonymous_5)
FNDA:0,(anonymous_6)
FNDA:0,(anonymous_7)
FNDA:0,(anonymous_8)
FNDA:0,(anonymous_9)
FNDA:0,(anonymous_10)
FNDA:0,(anonymous_11)
FNDA:0,(anonymous_12)
FNDA:0,(anonymous_13)
FNDA:0,(anonymous_14)
FNDA:0,(anonymous_15)
FNDA:0,(anonymous_16)
FNDA:0,(anonymous_17)
FNDA:0,(anonymous_18)
DA:25,0
DA:26,0
DA:27,0
DA:28,0
DA:29,0
DA:32,0
DA:33,0
DA:34,0
DA:36,0
DA:37,0
DA:38,0
DA:39,0
DA:42,0
DA:43,0
DA:46,0
DA:47,0
DA:48,0
DA:49,0
DA:53,0
DA:54,0
DA:55,0
DA:56,0
DA:57,0
DA:58,0
DA:59,0
DA:60,0
DA:66,0
DA:67,0
DA:69,0
DA:70,0
DA:72,0
DA:73,0
DA:74,0
DA:76,0
DA:77,0
DA:78,0
DA:81,0
DA:82,0
DA:83,0
DA:84,0
DA:85,0
DA:88,0
DA:89,0
DA:91,0
DA:92,0
DA:94,0
DA:95,0
DA:96,0
DA:98,0
DA:99,0
DA:101,0
DA:102,0
DA:106,0
DA:107,0
DA:108,0
DA:110,0
DA:113,0
DA:114,0
DA:115,0
DA:120,0
DA:121,0
DA:124,0
DA:125,0
DA:129,0
DA:130,0
DA:133,0
DA:134,0
DA:137,0
DA:138,0
DA:142,0
DA:143,0
DA:144,0
DA:145,0
LF:73
LH:0
BRDA:21,0,0,0
BRDA:22,1,0,0
BRDA:23,2,0,0
BRDA:54,3,0,0
BRDA:54,3,1,0
BRDA:54,4,0,0
BRDA:54,4,1,0
BRDA:54,4,2,0
BRDA:59,5,0,0
BRDA:59,5,1,0
BRDA:67,6,0,0
BRDA:67,6,1,0
BRDA:67,7,0,0
BRDA:67,7,1,0
BRDA:70,8,0,0
BRDA:70,8,1,0
BRDA:82,9,0,0
BRDA:82,9,1,0
BRDA:85,10,0,0
BRDA:85,10,1,0
BRDA:89,11,0,0
BRDA:89,11,1,0
BRDA:89,12,0,0
BRDA:89,12,1,0
BRDA:89,12,2,0
BRDA:92,13,0,0
BRDA:92,13,1,0
BRDA:98,14,0,0
BRDA:98,14,1,0
BRDA:107,15,0,0
BRDA:107,15,1,0
BRDA:114,16,0,0
BRDA:114,16,1,0
BRDA:114,17,0,0
BRDA:114,17,1,0
BRDA:143,18,0,0
BRDA:143,18,1,0
BRDA:144,19,0,0
BRDA:144,19,1,0
BRDA:193,20,0,0
BRDA:193,20,1,0
BRDA:213,21,0,0
BRDA:213,21,1,0
BRDA:234,22,0,0
BRDA:234,22,1,0
BRDA:271,23,0,0
BRDA:271,23,1,0
BRDA:292,24,0,0
BRDA:292,24,1,0
BRF:49
BRH:0
end_of_record
TN:
SF:src/components/ReconnectionNotification.tsx
FN:10,ReconnectionNotification
FN:18,(anonymous_1)
FN:24,(anonymous_2)
FN:25,(anonymous_3)
FN:28,(anonymous_4)
FN:125,(anonymous_5)
FNF:6
FNH:0
FNDA:0,ReconnectionNotification
FNDA:0,(anonymous_1)
FNDA:0,(anonymous_2)
FNDA:0,(anonymous_3)
FNDA:0,(anonymous_4)
FNDA:0,(anonymous_5)
DA:16,0
DA:18,0
DA:19,0
DA:20,0
DA:21,0
DA:24,0
DA:25,0
DA:28,0
DA:31,0
DA:33,0
DA:34,0
LF:11
LH:0
BRDA:19,0,0,0
BRDA:19,0,1,0
BRDA:31,1,0,0
BRDA:31,1,1,0
BRDA:88,2,0,0
BRDA:88,2,1,0
BRDA:96,3,0,0
BRDA:96,3,1,0
BRF:8
BRH:0
end_of_record
TN:
SF:src/components/SVGAnnotationLayer.tsx
FN:10,(anonymous_0)
FN:30,(anonymous_1)
FN:47,(anonymous_2)
FN:72,(anonymous_3)
FN:109,(anonymous_4)
FN:123,(anonymous_5)
FN:132,(anonymous_6)
FN:139,(anonymous_7)
FN:158,(anonymous_8)
FN:188,(anonymous_9)
FN:234,(anonymous_10)
FNF:11
FNH:0
FNDA:0,(anonymous_0)
FNDA:0,(anonymous_1)
FNDA:0,(anonymous_2)
FNDA:0,(anonymous_3)
FNDA:0,(anonymous_4)
FNDA:0,(anonymous_5)
FNDA:0,(anonymous_6)
FNDA:0,(anonymous_7)
FNDA:0,(anonymous_8)
FNDA:0,(anonymous_9)
FNDA:0,(anonymous_10)
DA:10,0
DA:23,0
DA:24,0
DA:25,0
DA:26,0
DA:30,0
DA:31,0
DA:33,0
DA:34,0
DA:35,0
DA:36,0
DA:39,0
DA:40,0
DA:42,0
DA:43,0
DA:47,0
DA:48,0
DA:50,0
DA:51,0
DA:53,0
DA:54,0
DA:56,0
DA:58,0
DA:68,0
DA:72,0
DA:73,0
DA:74,0
DA:77,0
DA:78,0
DA:81,0
DA:90,0
DA:91,0
DA:95,0
DA:96,0
DA:97,0
DA:99,0
DA:104,0
DA:109,0
DA:110,0
DA:112,0
DA:115,0
DA:116,0
DA:119,0
DA:123,0
DA:124,0
DA:125,0
DA:126,0
DA:127,0
DA:132,0
DA:133,0
DA:134,0
DA:139,0
DA:140,0
DA:141,0
DA:143,0
DA:147,0
DA:150,0
DA:151,0
DA:154,0
DA:158,0
DA:159,0
DA:167,0
DA:169,0
DA:175,0
DA:183,0
DA:188,0
DA:189,0
DA:190,0
DA:191,0
DA:192,0
DA:234,0
LF:71
LH:0
BRDA:31,0,0,0
BRDA:31,0,1,0
BRDA:40,1,0,0
BRDA:40,1,1,0
BRDA:48,2,0,0
BRDA:48,2,1,0
BRDA:48,3,0,0
BRDA:48,3,1,0
BRDA:54,4,0,0
BRDA:54,4,1,0
BRDA:74,5,0,0
BRDA:74,5,1,0
BRDA:77,6,0,0
BRDA:77,6,1,0
BRDA:95,7,0,0
BRDA:95,7,1,0
BRDA:95,8,0,0
BRDA:95,8,1,0
BRDA:95,8,2,0
BRDA:95,8,3,0
BRDA:110,9,0,0
BRDA:110,9,1,0
BRDA:110,10,0,0
BRDA:110,10,1,0
BRDA:115,11,0,0
BRDA:115,11,1,0
BRDA:115,12,0,0
BRDA:115,12,1,0
BRDA:124,13,0,0
BRDA:124,13,1,0
BRDA:133,14,0,0
BRDA:133,14,1,0
BRDA:140,15,0,0
BRDA:140,15,1,0
BRDA:141,16,0,0
BRDA:141,16,1,0
BRDA:167,17,0,0
BRDA:167,17,1,0
BRDA:167,17,2,0
BRDA:189,18,0,0
BRDA:189,18,1,0
BRDA:190,19,0,0
BRDA:190,19,1,0
BRDA:191,20,0,0
BRDA:191,20,1,0
BRDA:206,21,0,0
BRDA:206,21,1,0
BRDA:236,22,0,0
BRDA:236,22,1,0
BRDA:237,23,0,0
BRDA:237,23,1,0
BRF:51
BRH:0
end_of_record
TN:
SF:src/components/ScreenShareDisplay.tsx
FN:12,ScreenShareDisplay
FN:33,(anonymous_1)
FN:46,(anonymous_2)
FN:64,(anonymous_3)
FN:72,(anonymous_4)
FNF:5
FNH:0
FNDA:0,ScreenShareDisplay
FNDA:0,(anonymous_1)
FNDA:0,(anonymous_2)
FNDA:0,(anonymous_3)
FNDA:0,(anonymous_4)
DA:17,0
DA:18,0
DA:19,0
DA:20,0
DA:29,0
DA:33,0
DA:34,0
DA:35,0
DA:36,0
DA:39,0
DA:41,0
DA:42,0
DA:43,0
DA:46,0
DA:47,0
DA:48,0
DA:49,0
DA:50,0
DA:59,0
DA:62,0
DA:64,0
DA:65,0
DA:68,0
DA:69,0
DA:72,0
DA:73,0
DA:74,0
DA:75,0
DA:78,0
DA:83,0
LF:30
LH:0
BRDA:14,0,0,0
BRDA:15,1,0,0
BRDA:34,2,0,0
BRDA:34,2,1,0
BRDA:34,3,0,0
BRDA:34,3,1,0
BRDA:47,4,0,0
BRDA:47,4,1,0
BRDA:49,5,0,0
BRDA:49,5,1,0
BRDA:51,6,0,0
BRDA:51,6,1,0
BRDA:52,7,0,0
BRDA:52,7,1,0
BRDA:74,8,0,0
BRDA:74,8,1,0
BRDA:83,9,0,0
BRDA:83,9,1,0
BRDA:97,10,0,0
BRDA:97,10,1,0
BRDA:100,11,0,0
BRDA:100,11,1,0
BRDA:139,12,0,0
BRDA:139,12,1,0
BRF:24
BRH:0
end_of_record
TN:
SF:src/components/StrokeWidthSelector.tsx
FN:21,StrokeWidthSelector
FN:30,(anonymous_1)
FN:46,(anonymous_2)
FN:53,(anonymous_3)
FN:54,(anonymous_4)
FN:55,(anonymous_5)
FN:56,(anonymous_6)
FNF:7
FNH:0
FNDA:0,StrokeWidthSelector
FNDA:0,(anonymous_1)
FNDA:0,(anonymous_2)
FNDA:0,(anonymous_3)
FNDA:0,(anonymous_4)
FNDA:0,(anonymous_5)
FNDA:0,(anonymous_6)
DA:4,0
DA:27,0
DA:30,0
DA:31,0
DA:32,0
DA:33,0
DA:47,0
DA:48,0
DA:53,0
DA:54,0
DA:55,0
DA:56,0
LF:12
LH:0
BRDA:24,0,0,0
BRDA:25,1,0,0
BRDA:31,2,0,0
BRDA:31,2,1,0
BRDA:31,3,0,0
BRDA:31,3,1,0
BRDA:61,4,0,0
BRDA:61,4,1,0
BRDA:63,5,0,0
BRDA:63,5,1,0
BRDA:78,6,0,0
BRDA:78,6,1,0
BRDA:78,7,0,0
BRDA:78,7,1,0
BRDA:79,8,0,0
BRDA:79,8,1,0
BRDA:79,9,0,0
BRDA:79,9,1,0
BRDA:80,10,0,0
BRDA:80,10,1,0
BRF:20
BRH:0
end_of_record
TN:
SF:src/components/TabButton.tsx
FN:12,TabButton
FNF:1
FNH:0
FNDA:0,TabButton
LF:0
LH:0
BRDA:26,0,0,0
BRDA:26,0,1,0
BRDA:28,1,0,0
BRDA:28,1,1,0
BRDA:30,2,0,0
BRDA:30,2,1,0
BRDA:40,3,0,0
BRDA:40,3,1,0
BRF:8
BRH:0
end_of_record
TN:
SF:src/components/Toast.tsx
FN:13,(anonymous_0)
FN:14,(anonymous_1)
FN:16,(anonymous_2)
FN:20,(anonymous_3)
FN:23,(anonymous_4)
FN:96,(anonymous_5)
FN:116,(anonymous_6)
FNF:7
FNH:0
FNDA:0,(anonymous_0)
FNDA:0,(anonymous_1)
FNDA:0,(anonymous_2)
FNDA:0,(anonymous_3)
FNDA:0,(anonymous_4)
FNDA:0,(anonymous_5)
FNDA:0,(anonymous_6)
DA:13,0
DA:14,0
DA:15,0
DA:16,0
DA:17,0
DA:20,0
DA:23,0
DA:24,0
DA:26,0
DA:39,0
DA:52,0
DA:65,0
DA:80,0
DA:96,0
DA:116,0
LF:15
LH:0
BRDA:15,0,0,0
BRDA:15,0,1,0
BRDA:24,1,0,0
BRDA:24,1,1,0
BRDA:24,1,2,0
BRDA:24,1,3,0
BRDA:85,2,0,0
BRDA:85,2,1,0
BRDA:86,3,0,0
BRDA:86,3,1,0
BRF:10
BRH:0
end_of_record
TN:
SF:src/components/ToolPalette.tsx
FN:32,ToolPalette
FN:46,(anonymous_1)
FN:53,(anonymous_2)
FN:54,(anonymous_3)
FN:55,(anonymous_4)
FNF:5
FNH:0
FNDA:0,ToolPalette
FNDA:0,(anonymous_1)
FNDA:0,(anonymous_2)
FNDA:0,(anonymous_3)
FNDA:0,(anonymous_4)
DA:11,0
DA:37,0
DA:47,0
DA:48,0
DA:53,0
DA:54,0
DA:55,0
LF:7
LH:0
BRDA:35,0,0,0
BRDA:61,1,0,0
BRDA:61,1,1,0
BRDA:63,2,0,0
BRDA:63,2,1,0
BRF:5
BRH:0
end_of_record
TN:
SF:src/components/Tooltip.tsx
FN:11,(anonymous_0)
FN:21,(anonymous_1)
FN:22,(anonymous_2)
FN:28,(anonymous_3)
FNF:4
FNH:0
FNDA:0,(anonymous_0)
FNDA:0,(anonymous_1)
FNDA:0,(anonymous_2)
FNDA:0,(anonymous_3)
DA:11,0
DA:18,0
DA:19,0
DA:21,0
DA:22,0
DA:23,0
DA:25,0
DA:28,0
DA:29,0
DA:30,0
DA:32,0
DA:35,0
LF:12
LH:0
BRDA:14,0,0,0
BRDA:15,1,0,0
BRDA:29,2,0,0
BRDA:29,2,1,0
BRF:4
BRH:0
end_of_record
TN:
SF:src/components/TopToolbar.tsx
FN:17,TopToolbar
FN:31,(anonymous_1)
FN:42,(anonymous_2)
FN:48,(anonymous_3)
FN:54,(anonymous_4)
FN:60,(anonymous_5)
FN:66,(anonymous_6)
FN:79,(anonymous_7)
FN:94,(anonymous_8)
FN:109,(anonymous_9)
FN:205,(anonymous_10)
FNF:11
FNH:0
FNDA:0,TopToolbar
FNDA:0,(anonymous_1)
FNDA:0,(anonymous_2)
FNDA:0,(anonymous_3)
FNDA:0,(anonymous_4)
FNDA:0,(anonymous_5)
FNDA:0,(anonymous_6)
FNDA:0,(anonymous_7)
FNDA:0,(anonymous_8)
FNDA:0,(anonymous_9)
FNDA:0,(anonymous_10)
DA:29,0
DA:31,0
DA:32,0
DA:33,0
DA:34,0
DA:37,0
DA:38,0
DA:42,0
DA:43,0
DA:44,0
DA:48,0
DA:49,0
DA:50,0
DA:54,0
DA:55,0
DA:56,0
DA:60,0
DA:61,0
DA:62,0
DA:66,0
DA:67,0
DA:79,0
DA:94,0
DA:109,0
DA:205,0
LF:25
LH:0
BRDA:27,0,0,0
BRDA:33,1,0,0
BRDA:33,1,1,0
BRDA:33,2,0,0
BRDA:33,2,1,0
BRDA:37,3,0,0
BRDA:37,3,1,0
BRDA:43,4,0,0
BRDA:43,4,1,0
BRDA:49,5,0,0
BRDA:49,5,1,0
BRDA:55,6,0,0
BRDA:55,6,1,0
BRDA:61,7,0,0
BRDA:61,7,1,0
BRDA:81,8,0,0
BRDA:81,8,1,0
BRDA:96,9,0,0
BRDA:96,9,1,0
BRDA:111,10,0,0
BRDA:111,10,1,0
BRF:21
BRH:0
end_of_record
TN:
SF:src/components/VideoCallModule.tsx
FN:24,VideoCallModule
FN:37,(anonymous_1)
FN:54,(anonymous_2)
FN:60,(anonymous_3)
FN:66,(anonymous_4)
FN:77,(anonymous_5)
FN:81,(anonymous_6)
FN:86,(anonymous_7)
FN:90,(anonymous_8)
FN:158,(anonymous_9)
FN:162,(anonymous_10)
FN:171,(anonymous_11)
FN:173,(anonymous_12)
FN:180,(anonymous_13)
FN:182,(anonymous_14)
FN:190,(anonymous_15)
FN:212,(anonymous_16)
FN:216,(anonymous_17)
FN:222,(anonymous_18)
FN:225,(anonymous_19)
FN:259,(anonymous_20)
FN:262,(anonymous_21)
FN:271,(anonymous_22)
FN:281,(anonymous_23)
FN:287,(anonymous_24)
FN:336,(anonymous_25)
FNF:26
FNH:0
FNDA:0,VideoCallModule
FNDA:0,(anonymous_1)
FNDA:0,(anonymous_2)
FNDA:0,(anonymous_3)
FNDA:0,(anonymous_4)
FNDA:0,(anonymous_5)
FNDA:0,(anonymous_6)
FNDA:0,(anonymous_7)
FNDA:0,(anonymous_8)
FNDA:0,(anonymous_9)
FNDA:0,(anonymous_10)
FNDA:0,(anonymous_11)
FNDA:0,(anonymous_12)
FNDA:0,(anonymous_13)
FNDA:0,(anonymous_14)
FNDA:0,(anonymous_15)
FNDA:0,(anonymous_16)
FNDA:0,(anonymous_17)
FNDA:0,(anonymous_18)
FNDA:0,(anonymous_19)
FNDA:0,(anonymous_20)
FNDA:0,(anonymous_21)
FNDA:0,(anonymous_22)
FNDA:0,(anonymous_23)
FNDA:0,(anonymous_24)
FNDA:0,(anonymous_25)
DA:36,0
DA:37,0
DA:38,0
DA:39,0
DA:40,0
DA:41,0
DA:42,0
DA:43,0
DA:44,0
DA:45,0
DA:46,0
DA:47,0
DA:48,0
DA:49,0
DA:52,0
DA:54,0
DA:58,0
DA:60,0
DA:64,0
DA:67,0
DA:68,0
DA:70,0
DA:75,0
DA:77,0
DA:81,0
DA:82,0
DA:83,0
DA:86,0
DA:87,0
DA:90,0
DA:91,0
DA:92,0
DA:93,0
DA:95,0
DA:96,0
DA:97,0
DA:98,0
DA:99,0
DA:100,0
DA:101,0
DA:105,0
DA:106,0
DA:109,0
DA:122,0
DA:123,0
DA:124,0
DA:127,0
DA:128,0
DA:129,0
DA:130,0
DA:131,0
DA:135,0
DA:136,0
DA:137,0
DA:138,0
DA:140,0
DA:141,0
DA:142,0
DA:145,0
DA:146,0
DA:147,0
DA:148,0
DA:150,0
DA:152,0
DA:156,0
DA:157,0
DA:158,0
DA:159,0
DA:160,0
DA:161,0
DA:162,0
DA:163,0
DA:164,0
DA:165,0
DA:167,0
DA:171,0
DA:172,0
DA:173,0
DA:174,0
DA:175,0
DA:176,0
DA:180,0
DA:181,0
DA:182,0
DA:183,0
DA:184,0
DA:185,0
DA:187,0
DA:190,0
DA:191,0
DA:192,0
DA:193,0
DA:194,0
DA:195,0
DA:196,0
DA:197,0
DA:202,0
DA:203,0
DA:205,0
DA:206,0
DA:207,0
DA:208,0
DA:212,0
DA:213,0
DA:216,0
DA:217,0
DA:222,0
DA:223,0
DA:225,0
DA:226,0
DA:227,0
DA:230,0
DA:231,0
DA:232,0
DA:233,0
DA:237,0
DA:238,0
DA:239,0
DA:240,0
DA:241,0
DA:242,0
DA:244,0
DA:246,0
DA:247,0
DA:251,0
DA:252,0
DA:259,0
DA:262,0
DA:263,0
DA:264,0
DA:266,0
DA:267,0
DA:271,0
DA:272,0
DA:273,0
DA:275,0
DA:276,0
DA:281,0
DA:282,0
DA:283,0
DA:287,0
DA:288,0
DA:289,0
DA:336,0
LF:144
LH:0
BRDA:34,0,0,0
BRDA:54,1,0,0
BRDA:54,1,1,0
BRDA:60,2,0,0
BRDA:60,2,1,0
BRDA:67,3,0,0
BRDA:67,3,1,0
BRDA:67,4,0,0
BRDA:67,4,1,0
BRDA:77,5,0,0
BRDA:77,5,1,0
BRDA:96,6,0,0
BRDA:96,6,1,0
BRDA:113,7,0,0
BRDA:113,7,1,0
BRDA:122,8,0,0
BRDA:122,8,1,0
BRDA:122,9,0,0
BRDA:122,9,1,0
BRDA:127,10,0,0
BRDA:127,10,1,0
BRDA:140,11,0,0
BRDA:140,11,1,0
BRDA:145,12,0,0
BRDA:145,12,1,0
BRDA:145,13,0,0
BRDA:145,13,1,0
BRDA:147,14,0,0
BRDA:147,14,1,0
BRDA:157,15,0,0
BRDA:157,15,1,0
BRDA:161,16,0,0
BRDA:161,16,1,0
BRDA:192,17,0,0
BRDA:192,17,1,0
BRDA:195,18,0,0
BRDA:195,18,1,0
BRDA:195,19,0,0
BRDA:195,19,1,0
BRDA:205,20,0,0
BRDA:205,20,1,0
BRDA:223,21,0,0
BRDA:223,21,1,0
BRDA:230,22,0,0
BRDA:230,22,1,0
BRDA:237,23,0,0
BRDA:237,23,1,0
BRDA:237,24,0,0
BRDA:237,24,1,0
BRDA:237,24,2,0
BRDA:239,25,0,0
BRDA:239,25,1,0
BRDA:241,26,0,0
BRDA:241,26,1,0
BRDA:244,27,0,0
BRDA:244,27,1,0
BRDA:244,28,0,0
BRDA:244,28,1,0
BRDA:246,29,0,0
BRDA:246,29,1,0
BRDA:251,30,0,0
BRDA:251,30,1,0
BRDA:266,31,0,0
BRDA:266,31,1,0
BRDA:275,32,0,0
BRDA:275,32,1,0
BRDA:282,33,0,0
BRDA:282,33,1,0
BRDA:282,34,0,0
BRDA:282,34,1,0
BRDA:288,35,0,0
BRDA:288,35,1,0
BRDA:288,36,0,0
BRDA:288,36,1,0
BRDA:349,37,0,0
BRDA:349,37,1,0
BRDA:353,38,0,0
BRDA:353,38,1,0
BRDA:356,39,0,0
BRDA:356,39,1,0
BRDA:365,40,0,0
BRDA:365,40,1,0
BRDA:381,41,0,0
BRDA:381,41,1,0
BRDA:396,42,0,0
BRDA:396,42,1,0
BRDA:399,43,0,0
BRDA:399,43,1,0
BRDA:408,44,0,0
BRDA:408,44,1,0
BRDA:424,45,0,0
BRDA:424,45,1,0
BRF:92
BRH:0
end_of_record
TN:
SF:src/components/VideoControls.tsx
FN:12,VideoControls
FN:29,(anonymous_1)
FN:35,(anonymous_2)
FN:44,(anonymous_3)
FN:50,(anonymous_4)
FNF:5
FNH:0
FNDA:0,VideoControls
FNDA:0,(anonymous_1)
FNDA:0,(anonymous_2)
FNDA:0,(anonymous_3)
FNDA:0,(anonymous_4)
DA:21,0
DA:22,0
DA:23,0
DA:24,0
DA:26,0
DA:27,0
DA:29,0
DA:30,0
DA:33,0
DA:34,0
DA:35,0
DA:38,0
DA:39,0
DA:41,0
DA:44,0
DA:45,0
DA:48,0
DA:49,0
DA:50,0
DA:53,0
DA:54,0
DA:56,0
LF:22
LH:0
BRDA:15,0,0,0
BRDA:16,1,0,0
BRDA:26,2,0,0
BRDA:26,2,1,0
BRDA:27,3,0,0
BRDA:27,3,1,0
BRDA:33,4,0,0
BRDA:33,4,1,0
BRDA:38,5,0,0
BRDA:38,5,1,0
BRDA:48,6,0,0
BRDA:48,6,1,0
BRDA:53,7,0,0
BRDA:53,7,1,0
BRDA:69,8,0,0
BRDA:69,8,1,0
BRDA:73,9,0,0
BRDA:73,9,1,0
BRDA:76,10,0,0
BRDA:76,10,1,0
BRDA:95,11,0,0
BRDA:95,11,1,0
BRDA:107,12,0,0
BRDA:107,12,1,0
BRDA:107,13,0,0
BRDA:107,13,1,0
BRDA:108,14,0,0
BRDA:108,14,1,0
BRDA:114,15,0,0
BRDA:114,15,1,0
BRDA:126,16,0,0
BRDA:126,16,1,0
BRDA:130,17,0,0
BRDA:130,17,1,0
BRDA:133,18,0,0
BRDA:133,18,1,0
BRDA:152,19,0,0
BRDA:152,19,1,0
BRDA:164,20,0,0
BRDA:164,20,1,0
BRDA:164,21,0,0
BRDA:164,21,1,0
BRDA:165,22,0,0
BRDA:165,22,1,0
BRDA:171,23,0,0
BRDA:171,23,1,0
BRF:46
BRH:0
end_of_record
TN:
SF:src/components/VideoPlayer.tsx
FN:13,VideoPlayer
FN:23,(anonymous_1)
FN:29,(anonymous_2)
FN:36,(anonymous_3)
FNF:4
FNH:0
FNDA:0,VideoPlayer
FNDA:0,(anonymous_1)
FNDA:0,(anonymous_2)
FNDA:0,(anonymous_3)
DA:21,0
DA:23,0
DA:24,0
DA:26,0
DA:29,0
DA:30,0
DA:31,0
DA:36,0
DA:37,0
DA:40,0
DA:42,0
DA:44,0
DA:46,0
DA:51,0
LF:14
LH:0
BRDA:16,0,0,0
BRDA:17,1,0,0
BRDA:18,2,0,0
BRDA:19,3,0,0
BRDA:24,4,0,0
BRDA:24,4,1,0
BRDA:24,5,0,0
BRDA:24,5,1,0
BRDA:30,6,0,0
BRDA:30,6,1,0
BRDA:30,7,0,0
BRDA:30,7,1,0
BRDA:37,8,0,0
BRDA:37,8,1,0
BRDA:37,8,2,0
BRDA:37,8,3,0
BRDA:37,8,4,0
BRDA:51,9,0,0
BRDA:51,9,1,0
BRDA:51,10,0,0
BRDA:51,10,1,0
BRDA:51,11,0,0
BRDA:51,11,1,0
BRDA:134,12,0,0
BRDA:134,12,1,0
BRF:25
BRH:0
end_of_record
TN:
SF:src/components/Whiteboard.tsx
FN:21,Whiteboard
FN:34,(anonymous_1)
FN:37,(anonymous_2)
FN:46,(anonymous_3)
FN:53,(anonymous_4)
FN:58,(anonymous_5)
FN:67,(anonymous_6)
FN:71,(anonymous_7)
FN:76,(anonymous_8)
FN:81,(anonymous_9)
FN:86,(anonymous_10)
FN:90,(anonymous_11)
FN:94,(anonymous_12)
FN:98,(anonymous_13)
FN:118,(anonymous_14)
FN:119,(anonymous_15)
FN:134,(anonymous_16)
FNF:17
FNH:0
FNDA:0,Whiteboard
FNDA:0,(anonymous_1)
FNDA:0,(anonymous_2)
FNDA:0,(anonymous_3)
FNDA:0,(anonymous_4)
FNDA:0,(anonymous_5)
FNDA:0,(anonymous_6)
FNDA:0,(anonymous_7)
FNDA:0,(anonymous_8)
FNDA:0,(anonymous_9)
FNDA:0,(anonymous_10)
FNDA:0,(anonymous_11)
FNDA:0,(anonymous_12)
FNDA:0,(anonymous_13)
FNDA:0,(anonymous_14)
FNDA:0,(anonymous_15)
FNDA:0,(anonymous_16)
DA:26,0
DA:27,0
DA:28,0
DA:29,0
DA:30,0
DA:31,0
DA:34,0
DA:35,0
DA:37,0
DA:38,0
DA:39,0
DA:43,0
DA:46,0
DA:47,0
DA:51,0
DA:53,0
DA:54,0
DA:58,0
DA:59,0
DA:62,0
DA:63,0
DA:64,0
DA:67,0
DA:68,0
DA:71,0
DA:72,0
DA:73,0
DA:76,0
DA:77,0
DA:78,0
DA:81,0
DA:82,0
DA:83,0
DA:86,0
DA:87,0
DA:90,0
DA:91,0
DA:94,0
DA:95,0
DA:98,0
DA:99,0
DA:100,0
DA:103,0
DA:104,0
DA:105,0
DA:106,0
DA:107,0
DA:108,0
DA:110,0
DA:112,0
DA:113,0
DA:118,0
DA:119,0
DA:121,0
DA:122,0
DA:123,0
DA:127,0
DA:128,0
DA:129,0
DA:133,0
DA:134,0
LF:61
LH:0
BRDA:24,0,0,0
BRDA:35,1,0,0
BRDA:35,1,1,0
BRDA:121,2,0,0
BRDA:121,2,1,0
BRDA:121,3,0,0
BRDA:121,3,1,0
BRDA:121,3,2,0
BRDA:121,3,3,0
BRDA:123,4,0,0
BRDA:123,4,1,0
BRDA:127,5,0,0
BRDA:127,5,1,0
BRDA:127,6,0,0
BRDA:127,6,1,0
BRDA:127,6,2,0
BRDA:127,6,3,0
BRDA:127,6,4,0
BRDA:129,7,0,0
BRDA:129,7,1,0
BRF:20
BRH:0
end_of_record
TN:
SF:src/components/WhiteboardActions.tsx
FN:18,WhiteboardActions
FN:30,(anonymous_1)
FN:34,(anonymous_2)
FN:41,(anonymous_3)
FN:62,(anonymous_4)
FN:63,(anonymous_5)
FN:87,(anonymous_6)
FN:88,(anonymous_7)
FN:118,(anonymous_8)
FN:119,(anonymous_9)
FN:141,(anonymous_10)
FN:142,(anonymous_11)
FNF:12
FNH:0
FNDA:0,WhiteboardActions
FNDA:0,(anonymous_1)
FNDA:0,(anonymous_2)
FNDA:0,(anonymous_3)
FNDA:0,(anonymous_4)
FNDA:0,(anonymous_5)
FNDA:0,(anonymous_6)
FNDA:0,(anonymous_7)
FNDA:0,(anonymous_8)
FNDA:0,(anonymous_9)
FNDA:0,(anonymous_10)
FNDA:0,(anonymous_11)
DA:27,0
DA:28,0
DA:30,0
DA:31,0
DA:32,0
DA:34,0
DA:36,0
DA:37,0
DA:41,0
DA:42,0
DA:43,0
DA:46,0
DA:62,0
DA:63,0
DA:87,0
DA:88,0
DA:118,0
DA:119,0
DA:141,0
DA:142,0
LF:20
LH:0
BRDA:25,0,0,0
BRDA:31,1,0,0
BRDA:31,1,1,0
BRDA:69,2,0,0
BRDA:69,2,1,0
BRDA:71,3,0,0
BRDA:71,3,1,0
BRDA:94,4,0,0
BRDA:94,4,1,0
BRDA:96,5,0,0
BRDA:96,5,1,0
BRDA:113,6,0,0
BRDA:113,6,1,0
BRDA:124,7,0,0
BRDA:124,7,1,0
BRDA:126,8,0,0
BRDA:126,8,1,0
BRDA:147,9,0,0
BRDA:147,9,1,0
BRF:19
BRH:0
end_of_record
TN:
SF:src/components/WhiteboardCanvas.tsx
FN:18,WhiteboardCanvas
FN:30,(anonymous_1)
FN:34,(anonymous_2)
FN:50,(anonymous_3)
FN:92,(anonymous_4)
FN:96,(anonymous_5)
FN:136,(anonymous_6)
FNF:7
FNH:0
FNDA:0,WhiteboardCanvas
FNDA:0,(anonymous_1)
FNDA:0,(anonymous_2)
FNDA:0,(anonymous_3)
FNDA:0,(anonymous_4)
FNDA:0,(anonymous_5)
FNDA:0,(anonymous_6)
DA:25,0
DA:26,0
DA:27,0
DA:28,0
DA:30,0
DA:31,0
DA:32,0
DA:34,0
DA:35,0
DA:37,0
DA:38,0
DA:39,0
DA:42,0
DA:43,0
DA:44,0
DA:47,0
DA:50,0
DA:51,0
DA:52,0
DA:54,0
DA:55,0
DA:56,0
DA:57,0
DA:63,0
DA:65,0
DA:67,0
DA:68,0
DA:72,0
DA:74,0
DA:75,0
DA:78,0
DA:80,0
DA:81,0
DA:82,0
DA:83,0
DA:84,0
DA:89,0
DA:92,0
DA:93,0
DA:95,0
DA:96,0
DA:97,0
DA:136,0
LF:43
LH:0
BRDA:23,0,0,0
BRDA:35,1,0,0
BRDA:35,1,1,0
BRDA:43,2,0,0
BRDA:43,2,1,0
BRDA:51,3,0,0
BRDA:51,3,1,0
BRDA:54,4,0,0
BRDA:54,4,1,0
BRDA:56,5,0,0
BRDA:56,5,1,0
BRDA:65,6,0,0
BRDA:65,6,1,0
BRDA:80,7,0,0
BRDA:80,7,1,0
BRDA:81,8,0,0
BRDA:81,8,1,0
BRDA:84,9,0,0
BRDA:84,9,1,0
BRDA:95,10,0,0
BRDA:95,10,1,0
BRDA:120,11,0,0
BRDA:120,11,1,0
BRDA:150,12,0,0
BRDA:150,12,1,0
BRDA:152,13,0,0
BRDA:152,13,1,0
BRDA:158,14,0,0
BRDA:158,14,1,0
BRDA:160,15,0,0
BRDA:160,15,1,0
BRF:31
BRH:0
end_of_record
TN:
SF:src/components/ZoomControls.tsx
FN:13,ZoomControls
FN:30,(anonymous_1)
FN:31,(anonymous_2)
FNF:3
FNH:0
FNDA:0,ZoomControls
FNDA:0,(anonymous_1)
FNDA:0,(anonymous_2)
DA:21,0
DA:22,0
DA:23,0
DA:25,0
DA:30,0
DA:31,0
LF:6
LH:0
BRDA:18,0,0,0
BRDA:19,1,0,0
BRDA:40,2,0,0
BRDA:40,2,1,0
BRDA:65,3,0,0
BRDA:65,3,1,0
BRF:6
BRH:0
end_of_record
TN:
SF:src/components/index.ts
FNF:0
FNH:0
LF:0
LH:0
BRF:0
BRH:0
end_of_record
TN:
SF:src/components/renderers/ChartRenderer.tsx
FN:10,ChartRenderer
FN:11,(anonymous_1)
FNF:2
FNH:0
FNDA:0,ChartRenderer
FNDA:0,(anonymous_1)
DA:11,0
DA:12,0
DA:39,0
LF:3
LH:0
BRDA:12,0,0,0
BRDA:12,0,1,NaN
BRDA:12,0,2,NaN
BRDA:12,0,3,NaN
BRDA:12,0,4,NaN
BRDA:52,1,0,0
BRDA:52,1,1,0
BRDA:55,2,0,0
BRDA:55,2,1,0
BRDA:58,3,0,0
BRDA:58,3,1,0
BRF:11
BRH:0
end_of_record
TN:
SF:src/components/renderers/IframeRenderer.tsx
FN:9,IframeRenderer
FN:17,(anonymous_1)
FN:21,(anonymous_2)
FNF:3
FNH:0
FNDA:0,IframeRenderer
FNDA:0,(anonymous_1)
FNDA:0,(anonymous_2)
DA:14,0
DA:15,0
DA:17,0
DA:18,0
DA:21,0
DA:22,0
DA:23,0
DA:26,0
LF:8
LH:0
BRDA:12,0,0,0
BRDA:26,1,0,0
BRDA:26,1,1,0
BRDA:65,2,0,0
BRDA:65,2,1,0
BRDA:70,3,0,0
BRDA:70,3,1,0
BRF:7
BRH:0
end_of_record
TN:
SF:src/components/renderers/ImageRenderer.tsx
FN:9,ImageRenderer
FN:13,(anonymous_1)
FN:17,(anonymous_2)
FNF:3
FNH:0
FNDA:0,ImageRenderer
FNDA:0,(anonymous_1)
FNDA:0,(anonymous_2)
DA:10,0
DA:11,0
DA:13,0
DA:14,0
DA:17,0
DA:18,0
DA:19,0
DA:22,0
LF:8
LH:0
BRDA:22,0,0,0
BRDA:22,0,1,0
BRDA:53,1,0,0
BRDA:53,1,1,0
BRDA:57,2,0,0
BRDA:57,2,1,0
BRF:6
BRH:0
end_of_record
TN:
SF:src/components/renderers/MapRenderer.tsx
FN:16,MapRenderer
FN:19,(anonymous_1)
FNF:2
FNH:0
FNDA:0,MapRenderer
FNDA:0,(anonymous_1)
DA:17,0
DA:19,0
DA:21,0
DA:22,0
LF:4
LH:0
BRDA:21,0,0,0
BRDA:21,0,1,0
BRDA:48,1,0,0
BRDA:48,1,1,0
BRF:4
BRH:0
end_of_record
TN:
SF:src/components/renderers/VideoRenderer.tsx
FN:9,VideoRenderer
FN:14,(anonymous_1)
FN:25,(anonymous_2)
FNF:3
FNH:0
FNDA:0,VideoRenderer
FNDA:0,(anonymous_1)
FNDA:0,(anonymous_2)
DA:10,0
DA:11,0
DA:12,0
DA:14,0
DA:15,0
DA:16,0
DA:17,0
DA:19,0
DA:21,0
DA:25,0
DA:26,0
DA:29,0
LF:12
LH:0
BRDA:9,0,0,0
BRDA:15,1,0,0
BRDA:15,1,1,0
BRDA:16,2,0,0
BRDA:16,2,1,0
BRDA:29,3,0,0
BRDA:29,3,1,0
BRF:7
BRH:0
end_of_record
TN:
SF:src/components/renderers/index.ts
FNF:0
FNH:0
LF:0
LH:0
BRF:0
BRH:0
end_of_record
TN:
SF:src/components/skeletons/AIOutputSkeleton.tsx
FN:5,AIOutputSkeleton
FNF:1
FNH:0
FNDA:0,AIOutputSkeleton
LF:0
LH:0
BRF:0
BRH:0
end_of_record
TN:
SF:src/components/skeletons/ChatSkeleton.tsx
FN:5,ChatSkeleton
FNF:1
FNH:0
FNDA:0,ChatSkeleton
LF:0
LH:0
BRF:0
BRH:0
end_of_record
TN:
SF:src/components/skeletons/PresentationSkeleton.tsx
FN:5,PresentationSkeleton
FNF:1
FNH:0
FNDA:0,PresentationSkeleton
LF:0
LH:0
BRF:0
BRH:0
end_of_record
TN:
SF:src/components/skeletons/VideoCallSkeleton.tsx
FN:7,VideoCallSkeleton
FNF:1
FNH:0
FNDA:0,VideoCallSkeleton
LF:0
LH:0
BRF:0
BRH:0
end_of_record
TN:
SF:src/components/skeletons/index.ts
FNF:0
FNH:0
LF:0
LH:0
BRF:0
BRH:0
end_of_record
TN:
SF:src/contexts/AuthContext.tsx
FN:24,authReducer
FN:81,AuthProvider
FN:85,(anonymous_2)
FN:86,(anonymous_3)
FN:106,(anonymous_4)
FN:120,(anonymous_5)
FN:131,(anonymous_6)
FN:143,useAuth
FNF:8
FNH:0
FNDA:0,authReducer
FNDA:0,AuthProvider
FNDA:0,(anonymous_2)
FNDA:0,(anonymous_3)
FNDA:0,(anonymous_4)
FNDA:0,(anonymous_5)
FNDA:0,(anonymous_6)
FNDA:0,useAuth
DA:7,0
DA:25,0
DA:27,0
DA:33,0
DA:41,0
DA:50,0
DA:55,0
DA:60,0
DA:73,0
DA:82,0
DA:85,0
DA:86,0
DA:87,0
DA:89,0
DA:90,0
DA:92,0
DA:93,0
DA:95,0
DA:98,0
DA:102,0
DA:106,0
DA:107,0
DA:109,0
DA:110,0
DA:111,0
DA:113,0
DA:114,0
DA:115,0
DA:120,0
DA:121,0
DA:122,0
DA:124,0
DA:126,0
DA:131,0
DA:132,0
DA:144,0
DA:145,0
DA:146,0
DA:148,0
LF:39
LH:0
BRDA:25,0,0,0
BRDA:25,0,1,0
BRDA:25,0,2,0
BRDA:25,0,3,0
BRDA:25,0,4,0
BRDA:25,0,5,0
BRDA:92,1,0,0
BRDA:92,1,1,0
BRDA:113,2,0,0
BRDA:113,2,1,0
BRDA:145,3,0,0
BRDA:145,3,1,0
BRF:12
BRH:0
end_of_record
TN:
SF:src/contexts/ClassroomContext.tsx
FN:71,classroomReducer
FN:169,(anonymous_1)
FN:278,(anonymous_2)
FN:303,ClassroomProvider
FN:317,useClassroomContext
FNF:5
FNH:0
FNDA:0,classroomReducer
FNDA:0,(anonymous_1)
FNDA:0,(anonymous_2)
FNDA:0,ClassroomProvider
FNDA:0,useClassroomContext
DA:14,0
DA:28,0
DA:38,0
DA:47,0
DA:54,0
DA:61,0
DA:72,0
DA:75,0
DA:77,0
DA:81,0
DA:86,0
DA:87,0
DA:88,0
DA:94,0
DA:95,0
DA:96,0
DA:102,0
DA:107,0
DA:112,0
DA:117,0
DA:126,0
DA:133,0
DA:138,0
DA:147,0
DA:152,0
DA:157,0
DA:165,0
DA:169,0
DA:173,0
DA:178,0
DA:185,0
DA:190,0
DA:195,0
DA:200,0
DA:205,0
DA:216,0
DA:224,0
DA:229,0
DA:234,0
DA:239,0
DA:244,0
DA:251,0
DA:256,0
DA:261,0
DA:266,0
DA:274,0
DA:278,0
DA:283,0
DA:294,0
DA:304,0
DA:318,0
DA:319,0
DA:320,0
DA:322,0
LF:54
LH:0
BRDA:72,0,0,0
BRDA:72,0,1,0
BRDA:72,0,2,0
BRDA:72,0,3,0
BRDA:72,0,4,0
BRDA:72,0,5,0
BRDA:72,0,6,0
BRDA:72,0,7,0
BRDA:72,0,8,0
BRDA:72,0,9,0
BRDA:72,0,10,0
BRDA:72,0,11,0
BRDA:72,0,12,0
BRDA:72,0,13,0
BRDA:72,0,14,0
BRDA:72,0,15,0
BRDA:72,0,16,0
BRDA:72,0,17,0
BRDA:72,0,18,0
BRDA:72,0,19,0
BRDA:72,0,20,0
BRDA:72,0,21,0
BRDA:72,0,22,0
BRDA:72,0,23,0
BRDA:72,0,24,0
BRDA:72,0,25,0
BRDA:72,0,26,0
BRDA:72,0,27,0
BRDA:72,0,28,0
BRDA:72,0,29,0
BRDA:72,0,30,0
BRDA:72,0,31,0
BRDA:72,0,32,0
BRDA:72,0,33,0
BRDA:72,0,34,0
BRDA:143,1,0,0
BRDA:143,1,1,0
BRDA:306,2,0,0
BRDA:306,2,1,0
BRDA:319,3,0,0
BRDA:319,3,1,0
BRF:41
BRH:0
end_of_record
TN:
SF:src/contexts/ToastContext.tsx
FN:15,(anonymous_0)
FN:18,(anonymous_1)
FN:27,(anonymous_2)
FN:30,(anonymous_3)
FN:31,(anonymous_4)
FN:31,(anonymous_5)
FN:45,(anonymous_6)
FNF:7
FNH:0
FNDA:0,(anonymous_0)
FNDA:0,(anonymous_1)
FNDA:0,(anonymous_2)
FNDA:0,(anonymous_3)
FNDA:0,(anonymous_4)
FNDA:0,(anonymous_5)
FNDA:0,(anonymous_6)
DA:6,0
DA:15,0
DA:16,0
DA:18,0
DA:19,0
DA:20,0
DA:27,0
DA:30,0
DA:31,0
DA:45,0
DA:46,0
DA:47,0
DA:48,0
DA:50,0
LF:14
LH:0
BRDA:47,0,0,0
BRDA:47,0,1,0
BRF:2
BRH:0
end_of_record
TN:
SF:src/contexts/index.ts
FNF:0
FNH:0
LF:0
LH:0
BRF:0
BRH:0
end_of_record
TN:
SF:src/hooks/index.ts
FNF:0
FNH:0
LF:0
LH:0
BRF:0
BRH:0
end_of_record
TN:
SF:src/hooks/useAI.ts
FN:9,getAIService
FN:22,useAI
FN:28,(anonymous_2)
FN:78,(anonymous_3)
FN:131,(anonymous_4)
FN:150,(anonymous_5)
FN:157,(anonymous_6)
FN:165,(anonymous_7)
FNF:8
FNH:0
FNDA:0,getAIService
FNDA:0,useAI
FNDA:0,(anonymous_2)
FNDA:0,(anonymous_3)
FNDA:0,(anonymous_4)
FNDA:0,(anonymous_5)
FNDA:0,(anonymous_6)
FNDA:0,(anonymous_7)
DA:7,0
DA:10,0
DA:11,0
DA:13,0
DA:14,0
DA:16,0
DA:23,0
DA:28,0
DA:29,0
DA:31,0
DA:37,0
DA:40,0
DA:41,0
DA:44,0
DA:47,0
DA:52,0
DA:55,0
DA:61,0
DA:63,0
DA:65,0
DA:66,0
DA:67,0
DA:68,0
DA:70,0
DA:78,0
DA:79,0
DA:81,0
DA:91,0
DA:94,0
DA:95,0
DA:98,0
DA:101,0
DA:106,0
DA:109,0
DA:115,0
DA:117,0
DA:119,0
DA:120,0
DA:121,0
DA:122,0
DA:124,0
DA:131,0
DA:132,0
DA:135,0
DA:150,0
DA:151,0
DA:157,0
DA:158,0
DA:159,0
DA:165,0
DA:166,0
DA:167,0
DA:168,0
DA:172,0
LF:54
LH:0
BRDA:10,0,0,0
BRDA:10,0,1,0
BRDA:10,1,0,0
BRDA:10,1,1,0
BRDA:13,2,0,0
BRDA:13,2,1,0
BRDA:52,3,0,0
BRDA:52,3,1,0
BRDA:66,4,0,0
BRDA:66,4,1,0
BRDA:106,5,0,0
BRDA:106,5,1,0
BRDA:120,6,0,0
BRDA:120,6,1,0
BRDA:167,7,0,0
BRDA:167,7,1,0
BRDA:167,8,0,0
BRDA:167,8,1,0
BRF:18
BRH:0
end_of_record
TN:
SF:src/hooks/useAIConversation.ts
FN:12,useAIConversation
FN:17,(anonymous_1)
FN:22,(anonymous_2)
FN:29,(anonymous_3)
FN:41,(anonymous_4)
FN:53,(anonymous_5)
FN:54,(anonymous_6)
FN:65,(anonymous_7)
FN:76,(anonymous_8)
FNF:9
FNH:0
FNDA:0,useAIConversation
FNDA:0,(anonymous_1)
FNDA:0,(anonymous_2)
FNDA:0,(anonymous_3)
FNDA:0,(anonymous_4)
FNDA:0,(anonymous_5)
FNDA:0,(anonymous_6)
FNDA:0,(anonymous_7)
FNDA:0,(anonymous_8)
DA:13,0
DA:14,0
DA:17,0
DA:18,0
DA:22,0
DA:23,0
DA:24,0
DA:25,0
DA:26,0
DA:27,0
DA:29,0
DA:33,0
DA:36,0
DA:41,0
DA:42,0
DA:43,0
DA:44,0
DA:45,0
DA:47,0
DA:53,0
DA:54,0
DA:55,0
DA:57,0
DA:58,0
DA:60,0
DA:65,0
DA:66,0
DA:67,0
DA:68,0
DA:69,0
DA:71,0
DA:76,0
DA:77,0
DA:80,0
LF:34
LH:0
BRDA:12,0,0,0
BRDA:13,1,0,0
BRDA:18,2,0,0
BRDA:18,2,1,0
BRDA:26,3,0,0
BRDA:26,3,1,0
BRDA:42,4,0,0
BRDA:42,4,1,0
BRDA:57,5,0,0
BRDA:57,5,1,0
BRDA:76,6,0,0
BRF:11
BRH:0
end_of_record
TN:
SF:src/hooks/useAccessibilityPreferences.ts
FN:15,useAccessibilityPreferences
FN:16,(anonymous_1)
FN:26,(anonymous_2)
FN:34,(anonymous_3)
FN:35,(anonymous_4)
FN:42,(anonymous_5)
FN:43,(anonymous_6)
FN:50,(anonymous_7)
FN:53,(anonymous_8)
FN:66,(anonymous_9)
FN:81,usePrefersReducedMotion
FN:90,usePrefersHighContrast
FN:102,useAnimationDuration
FNF:13
FNH:0
FNDA:0,useAccessibilityPreferences
FNDA:0,(anonymous_1)
FNDA:0,(anonymous_2)
FNDA:0,(anonymous_3)
FNDA:0,(anonymous_4)
FNDA:0,(anonymous_5)
FNDA:0,(anonymous_6)
FNDA:0,(anonymous_7)
FNDA:0,(anonymous_8)
FNDA:0,(anonymous_9)
FNDA:0,usePrefersReducedMotion
FNDA:0,usePrefersHighContrast
FNDA:0,useAnimationDuration
DA:16,0
DA:26,0
DA:28,0
DA:29,0
DA:30,0
DA:31,0
DA:34,0
DA:35,0
DA:42,0
DA:43,0
DA:50,0
DA:51,0
DA:52,0
DA:53,0
DA:60,0
DA:61,0
DA:62,0
DA:63,0
DA:66,0
DA:67,0
DA:68,0
DA:69,0
DA:70,0
DA:74,0
DA:82,0
DA:83,0
DA:91,0
DA:92,0
DA:103,0
DA:104,0
LF:30
LH:0
BRDA:19,0,0,0
BRDA:19,0,1,0
BRDA:21,1,0,0
BRDA:21,1,1,0
BRDA:55,2,0,0
BRDA:55,2,1,0
BRDA:55,3,0,0
BRDA:55,3,1,0
BRDA:104,4,0,0
BRDA:104,4,1,0
BRF:10
BRH:0
end_of_record
TN:
SF:src/hooks/useAnnotations.ts
FN:15,useAnnotations
FN:29,(anonymous_1)
FN:37,(anonymous_2)
FN:59,(anonymous_3)
FN:69,(anonymous_4)
FN:76,(anonymous_5)
FN:86,(anonymous_6)
FN:93,(anonymous_7)
FN:100,(anonymous_8)
FN:107,(anonymous_9)
FNF:10
FNH:0
FNDA:0,useAnnotations
FNDA:0,(anonymous_1)
FNDA:0,(anonymous_2)
FNDA:0,(anonymous_3)
FNDA:0,(anonymous_4)
FNDA:0,(anonymous_5)
FNDA:0,(anonymous_6)
FNDA:0,(anonymous_7)
FNDA:0,(anonymous_8)
FNDA:0,(anonymous_9)
DA:16,0
DA:18,0
DA:19,0
DA:20,0
DA:21,0
DA:23,0
DA:24,0
DA:29,0
DA:30,0
DA:36,0
DA:38,0
DA:40,0
DA:43,0
DA:46,0
DA:47,0
DA:49,0
DA:50,0
DA:59,0
DA:60,0
DA:61,0
DA:63,0
DA:69,0
DA:70,0
DA:76,0
DA:77,0
DA:78,0
DA:79,0
DA:86,0
DA:87,0
DA:93,0
DA:94,0
DA:100,0
DA:101,0
DA:107,0
DA:108,0
DA:111,0
LF:36
LH:0
BRDA:15,0,0,0
BRDA:16,1,0,0
BRDA:40,2,0,0
BRDA:40,2,1,0
BRDA:50,3,0,0
BRDA:50,3,1,0
BRDA:60,4,0,0
BRDA:60,4,1,0
BRDA:77,5,0,0
BRDA:77,5,1,0
BRF:10
BRH:0
end_of_record
TN:
SF:src/hooks/useClassroomControls.ts
FN:14,useClassroomControls
FN:22,(anonymous_1)
FN:27,(anonymous_2)
FN:34,(anonymous_3)
FN:45,(anonymous_4)
FN:58,(anonymous_5)
FN:67,(anonymous_6)
FN:72,(anonymous_7)
FN:77,(anonymous_8)
FNF:9
FNH:0
FNDA:0,useClassroomControls
FNDA:0,(anonymous_1)
FNDA:0,(anonymous_2)
FNDA:0,(anonymous_3)
FNDA:0,(anonymous_4)
FNDA:0,(anonymous_5)
FNDA:0,(anonymous_6)
FNDA:0,(anonymous_7)
FNDA:0,(anonymous_8)
DA:19,0
DA:22,0
DA:23,0
DA:24,0
DA:27,0
DA:28,0
DA:29,0
DA:33,0
DA:35,0
DA:36,0
DA:37,0
DA:44,0
DA:45,0
DA:59,0
DA:60,0
DA:67,0
DA:72,0
DA:78,0
DA:79,0
DA:95,0
DA:100,0
LF:21
LH:0
BRDA:14,0,0,0
BRDA:36,1,0,0
BRDA:36,1,1,0
BRDA:59,2,0,0
BRDA:59,2,1,0
BRDA:78,3,0,0
BRDA:78,3,1,0
BRF:7
BRH:0
end_of_record
TN:
SF:src/hooks/useFeedbackAnimation.ts
FN:9,useFeedbackAnimation
FN:12,(anonymous_1)
FN:32,(anonymous_2)
FN:43,triggerFeedbackAnimation
FN:65,(anonymous_4)
FNF:5
FNH:0
FNDA:0,useFeedbackAnimation
FNDA:0,(anonymous_1)
FNDA:0,(anonymous_2)
FNDA:0,triggerFeedbackAnimation
FNDA:0,(anonymous_4)
DA:10,0
DA:12,0
DA:13,0
DA:14,0
DA:17,0
DA:25,0
DA:28,0
DA:31,0
DA:32,0
DA:33,0
DA:37,0
DA:47,0
DA:50,0
DA:58,0
DA:61,0
DA:64,0
DA:65,0
DA:66,0
LF:18
LH:0
BRDA:14,0,0,0
BRDA:14,0,1,0
BRDA:31,1,0,0
BRDA:31,1,1,0
BRDA:31,2,0,0
BRDA:31,2,1,0
BRDA:47,3,0,0
BRDA:47,3,1,0
BRDA:64,4,0,0
BRDA:64,4,1,0
BRDA:64,5,0,0
BRDA:64,5,1,0
BRF:12
BRH:0
end_of_record
TN:
SF:src/hooks/useFocusTrap.ts
FN:11,useFocusTrap
FN:15,(anonymous_1)
FN:25,(anonymous_2)
FNF:3
FNH:0
FNDA:0,useFocusTrap
FNDA:0,(anonymous_1)
FNDA:0,(anonymous_2)
DA:12,0
DA:13,0
DA:15,0
DA:16,0
DA:19,0
DA:22,0
DA:25,0
DA:26,0
DA:28,0
DA:32,0
LF:10
LH:0
BRDA:11,0,0,0
BRDA:16,1,0,0
BRDA:16,1,1,0
BRDA:16,2,0,0
BRDA:16,2,1,0
BRF:5
BRH:0
end_of_record
TN:
SF:src/hooks/useKeyboardShortcuts.ts
FN:21,useKeyboardShortcuts
FN:26,(anonymous_1)
FN:40,(anonymous_2)
FN:57,(anonymous_3)
FN:62,(anonymous_4)
FN:75,getShortcutDisplay
FNF:6
FNH:0
FNDA:0,useKeyboardShortcuts
FNDA:0,(anonymous_1)
FNDA:0,(anonymous_2)
FNDA:0,(anonymous_3)
FNDA:0,(anonymous_4)
FNDA:0,getShortcutDisplay
DA:25,0
DA:27,0
DA:30,0
DA:31,0
DA:36,0
DA:40,0
DA:41,0
DA:42,0
DA:43,0
DA:44,0
DA:46,0
DA:49,0
DA:50,0
DA:51,0
DA:57,0
DA:58,0
DA:60,0
DA:62,0
DA:63,0
DA:67,0
DA:76,0
DA:78,0
DA:79,0
DA:80,0
DA:81,0
DA:83,0
LF:26
LH:0
BRDA:23,0,0,0
BRDA:27,1,0,0
BRDA:27,1,1,0
BRDA:31,2,0,0
BRDA:31,2,1,0
BRDA:32,3,0,0
BRDA:32,3,1,0
BRDA:32,3,2,0
BRDA:42,4,0,0
BRDA:42,4,1,0
BRDA:43,5,0,0
BRDA:43,5,1,0
BRDA:44,6,0,0
BRDA:44,6,1,0
BRDA:46,7,0,0
BRDA:46,7,1,0
BRDA:46,7,2,0
BRDA:46,7,3,0
BRDA:49,8,0,0
BRDA:49,8,1,0
BRDA:58,9,0,0
BRDA:58,9,1,0
BRDA:78,10,0,0
BRDA:78,10,1,0
BRDA:79,11,0,0
BRDA:79,11,1,0
BRDA:80,12,0,0
BRDA:80,12,1,0
BRF:28
BRH:0
end_of_record
TN:
SF:src/hooks/usePresentation.ts
FN:9,usePresentation
FN:15,(anonymous_1)
FN:22,(anonymous_2)
FN:29,(anonymous_3)
FN:44,(anonymous_4)
FN:54,(anonymous_5)
FN:64,(anonymous_6)
FN:73,(anonymous_7)
FN:81,(anonymous_8)
FN:89,(anonymous_9)
FN:96,(anonymous_10)
FN:103,(anonymous_11)
FN:110,(anonymous_12)
FN:117,(anonymous_13)
FN:124,(anonymous_14)
FN:139,(anonymous_15)
FN:152,(anonymous_16)
FN:156,(anonymous_17)
FN:165,(anonymous_18)
FNF:19
FNH:0
FNDA:0,usePresentation
FNDA:0,(anonymous_1)
FNDA:0,(anonymous_2)
FNDA:0,(anonymous_3)
FNDA:0,(anonymous_4)
FNDA:0,(anonymous_5)
FNDA:0,(anonymous_6)
FNDA:0,(anonymous_7)
FNDA:0,(anonymous_8)
FNDA:0,(anonymous_9)
FNDA:0,(anonymous_10)
FNDA:0,(anonymous_11)
FNDA:0,(anonymous_12)
FNDA:0,(anonymous_13)
FNDA:0,(anonymous_14)
FNDA:0,(anonymous_15)
FNDA:0,(anonymous_16)
FNDA:0,(anonymous_17)
FNDA:0,(anonymous_18)
DA:10,0
DA:15,0
DA:16,0
DA:22,0
DA:23,0
DA:29,0
DA:30,0
DA:33,0
DA:34,0
DA:35,0
DA:38,0
DA:44,0
DA:45,0
DA:46,0
DA:47,0
DA:54,0
DA:55,0
DA:56,0
DA:57,0
DA:64,0
DA:66,0
DA:67,0
DA:73,0
DA:74,0
DA:75,0
DA:81,0
DA:82,0
DA:83,0
DA:89,0
DA:90,0
DA:96,0
DA:97,0
DA:103,0
DA:104,0
DA:110,0
DA:111,0
DA:117,0
DA:118,0
DA:124,0
DA:125,0
DA:131,0
DA:132,0
DA:133,0
DA:139,0
DA:140,0
DA:145,0
DA:146,0
DA:152,0
DA:154,0
DA:155,0
DA:156,0
DA:159,0
DA:165,0
DA:166,0
DA:171,0
DA:172,0
DA:175,0
LF:57
LH:0
BRDA:33,0,0,0
BRDA:33,0,1,0
BRDA:33,1,0,0
BRDA:33,1,1,0
BRDA:33,1,2,0
BRDA:46,2,0,0
BRDA:46,2,1,0
BRDA:46,3,0,0
BRDA:46,3,1,0
BRDA:56,4,0,0
BRDA:56,4,1,0
BRDA:154,5,0,0
BRDA:154,5,1,0
BRF:13
BRH:0
end_of_record
TN:
SF:src/hooks/useScreenReaderAnnouncement.ts
FN:12,useScreenReaderAnnouncement
FN:19,(anonymous_1)
FN:37,useStateChangeAnnouncement
FN:44,(anonymous_3)
FNF:4
FNH:0
FNDA:0,useScreenReaderAnnouncement
FNDA:0,(anonymous_1)
FNDA:0,useStateChangeAnnouncement
FNDA:0,(anonymous_3)
DA:17,0
DA:19,0
DA:20,0
DA:21,0
DA:24,0
DA:25,0
DA:42,0
DA:44,0
DA:46,0
DA:47,0
DA:50,0
DA:51,0
DA:52,0
DA:55,0
LF:14
LH:0
BRDA:14,0,0,0
BRDA:15,1,0,0
BRDA:20,2,0,0
BRDA:20,2,1,0
BRDA:20,3,0,0
BRDA:20,3,1,0
BRDA:20,3,2,0
BRDA:40,4,0,0
BRDA:46,5,0,0
BRDA:46,5,1,0
BRDA:51,6,0,0
BRDA:51,6,1,0
BRF:12
BRH:0
end_of_record
TN:
SF:src/hooks/useSessionCleanup.ts
FN:16,useSessionCleanup
FN:28,(anonymous_1)
FN:58,(anonymous_2)
FN:59,(anonymous_3)
FN:71,(anonymous_4)
FN:79,(anonymous_5)
FN:88,(anonymous_6)
FN:89,(anonymous_7)
FN:99,(anonymous_8)
FNF:9
FNH:0
FNDA:0,useSessionCleanup
FNDA:0,(anonymous_1)
FNDA:0,(anonymous_2)
FNDA:0,(anonymous_3)
FNDA:0,(anonymous_4)
FNDA:0,(anonymous_5)
FNDA:0,(anonymous_6)
FNDA:0,(anonymous_7)
FNDA:0,(anonymous_8)
DA:21,0
DA:22,0
DA:23,0
DA:28,0
DA:30,0
DA:31,0
DA:34,0
DA:36,0
DA:37,0
DA:43,0
DA:45,0
DA:46,0
DA:49,0
DA:51,0
DA:57,0
DA:59,0
DA:61,0
DA:64,0
DA:65,0
DA:66,0
DA:67,0
DA:71,0
DA:73,0
DA:76,0
DA:77,0
DA:79,0
DA:80,0
DA:81,0
DA:87,0
DA:89,0
DA:90,0
DA:91,0
DA:99,0
DA:100,0
DA:101,0
DA:104,0
LF:36
LH:0
BRDA:30,0,0,0
BRDA:30,0,1,0
BRDA:30,1,0,0
BRDA:30,1,1,0
BRDA:45,2,0,0
BRDA:45,2,1,0
BRDA:64,3,0,0
BRDA:64,3,1,0
BRDA:90,4,0,0
BRDA:90,4,1,0
BRF:10
BRH:0
end_of_record
TN:
SF:src/hooks/useSessionPersistence.ts
FN:24,useSessionPersistence
FN:30,(anonymous_1)
FN:31,(anonymous_2)
FN:54,(anonymous_3)
FN:90,(anonymous_4)
FN:101,(anonymous_5)
FN:110,(anonymous_6)
FN:119,(anonymous_7)
FN:130,(anonymous_8)
FN:140,(anonymous_9)
FN:148,(anonymous_10)
FN:149,(anonymous_11)
FN:160,(anonymous_12)
FN:168,(anonymous_13)
FNF:14
FNH:0
FNDA:0,useSessionPersistence
FNDA:0,(anonymous_1)
FNDA:0,(anonymous_2)
FNDA:0,(anonymous_3)
FNDA:0,(anonymous_4)
FNDA:0,(anonymous_5)
FNDA:0,(anonymous_6)
FNDA:0,(anonymous_7)
FNDA:0,(anonymous_8)
FNDA:0,(anonymous_9)
FNDA:0,(anonymous_10)
FNDA:0,(anonymous_11)
FNDA:0,(anonymous_12)
FNDA:0,(anonymous_13)
DA:25,0
DA:29,0
DA:31,0
DA:33,0
DA:35,0
DA:36,0
DA:39,0
DA:41,0
DA:42,0
DA:43,0
DA:47,0
DA:48,0
DA:49,0
DA:53,0
DA:54,0
DA:55,0
DA:59,0
DA:60,0
DA:61,0
DA:62,0
DA:63,0
DA:67,0
DA:68,0
DA:69,0
DA:70,0
DA:72,0
DA:73,0
DA:77,0
DA:79,0
DA:80,0
DA:84,0
DA:89,0
DA:91,0
DA:92,0
DA:94,0
DA:100,0
DA:102,0
DA:103,0
DA:109,0
DA:111,0
DA:112,0
DA:118,0
DA:120,0
DA:129,0
DA:131,0
DA:140,0
DA:141,0
DA:142,0
DA:147,0
DA:149,0
DA:151,0
DA:152,0
DA:153,0
DA:154,0
DA:158,0
DA:160,0
DA:161,0
DA:168,0
DA:169,0
DA:170,0
DA:171,0
DA:173,0
DA:176,0
LF:63
LH:0
BRDA:33,0,0,0
BRDA:33,0,1,0
BRDA:33,1,0,0
BRDA:33,1,1,0
BRDA:42,2,0,0
BRDA:42,2,1,0
BRDA:48,3,0,0
BRDA:48,3,1,0
BRDA:60,4,0,0
BRDA:60,4,1,0
BRDA:68,5,0,0
BRDA:68,5,1,0
BRDA:69,6,0,0
BRDA:69,6,1,0
BRDA:72,7,0,0
BRDA:72,7,1,0
BRDA:91,8,0,0
BRDA:91,8,1,0
BRDA:102,9,0,0
BRDA:102,9,1,0
BRDA:111,10,0,0
BRDA:111,10,1,0
BRDA:151,11,0,0
BRDA:151,11,1,0
BRF:24
BRH:0
end_of_record
TN:
SF:src/hooks/useVideo.ts
FN:10,useVideo
FN:15,(anonymous_1)
FN:20,(anonymous_2)
FN:32,(anonymous_3)
FN:48,(anonymous_4)
FN:68,(anonymous_5)
FN:76,(anonymous_6)
FN:81,(anonymous_7)
FN:102,(anonymous_8)
FN:116,(anonymous_9)
FN:127,(anonymous_10)
FN:142,(anonymous_11)
FN:157,(anonymous_12)
FN:170,(anonymous_13)
FN:171,(anonymous_14)
FN:194,(anonymous_15)
FN:200,(anonymous_16)
FNF:17
FNH:0
FNDA:0,useVideo
FNDA:0,(anonymous_1)
FNDA:0,(anonymous_2)
FNDA:0,(anonymous_3)
FNDA:0,(anonymous_4)
FNDA:0,(anonymous_5)
FNDA:0,(anonymous_6)
FNDA:0,(anonymous_7)
FNDA:0,(anonymous_8)
FNDA:0,(anonymous_9)
FNDA:0,(anonymous_10)
FNDA:0,(anonymous_11)
FNDA:0,(anonymous_12)
FNDA:0,(anonymous_13)
FNDA:0,(anonymous_14)
FNDA:0,(anonymous_15)
FNDA:0,(anonymous_16)
DA:11,0
DA:12,0
DA:15,0
DA:16,0
DA:17,0
DA:20,0
DA:22,0
DA:23,0
DA:24,0
DA:32,0
DA:33,0
DA:34,0
DA:37,0
DA:39,0
DA:45,0
DA:48,0
DA:49,0
DA:56,0
DA:57,0
DA:60,0
DA:66,0
DA:67,0
DA:68,0
DA:69,0
DA:70,0
DA:71,0
DA:72,0
DA:76,0
DA:77,0
DA:78,0
DA:81,0
DA:82,0
DA:83,0
DA:88,0
DA:90,0
DA:91,0
DA:95,0
DA:102,0
DA:103,0
DA:105,0
DA:106,0
DA:109,0
DA:110,0
DA:116,0
DA:117,0
DA:120,0
DA:127,0
DA:128,0
DA:130,0
DA:131,0
DA:132,0
DA:133,0
DA:135,0
DA:142,0
DA:143,0
DA:145,0
DA:146,0
DA:147,0
DA:148,0
DA:150,0
DA:157,0
DA:158,0
DA:160,0
DA:161,0
DA:163,0
DA:170,0
DA:171,0
DA:172,0
DA:173,0
DA:174,0
DA:177,0
DA:180,0
DA:181,0
DA:190,0
DA:194,0
DA:200,0
DA:205,0
DA:206,0
DA:209,0
DA:212,0
LF:80
LH:0
BRDA:16,0,0,0
BRDA:16,0,1,0
BRDA:22,1,0,0
BRDA:22,1,1,0
BRDA:33,2,0,0
BRDA:33,2,1,0
BRDA:67,3,0,0
BRDA:67,3,1,0
BRDA:71,4,0,0
BRDA:71,4,1,0
BRDA:103,5,0,0
BRDA:103,5,1,0
BRDA:128,6,0,0
BRDA:128,6,1,0
BRDA:143,7,0,0
BRDA:143,7,1,0
BRDA:158,8,0,0
BRDA:158,8,1,0
BRDA:172,9,0,0
BRDA:172,9,1,0
BRDA:180,10,0,0
BRDA:180,10,1,0
BRDA:203,11,0,0
BRDA:205,12,0,0
BRDA:205,12,1,0
BRF:25
BRH:0
end_of_record
TN:
SF:src/hooks/useWhiteboard.ts
FN:10,useWhiteboard
FN:17,(anonymous_1)
FN:29,(anonymous_2)
FN:38,(anonymous_3)
FN:49,(anonymous_4)
FN:65,(anonymous_5)
FN:78,(anonymous_6)
FN:86,(anonymous_7)
FN:94,(anonymous_8)
FN:102,(anonymous_9)
FN:117,(anonymous_10)
FN:132,(anonymous_11)
FN:147,(anonymous_12)
FN:159,(anonymous_13)
FN:166,(anonymous_14)
FN:171,(anonymous_15)
FN:172,(anonymous_16)
FNF:17
FNH:0
FNDA:0,useWhiteboard
FNDA:0,(anonymous_1)
FNDA:0,(anonymous_2)
FNDA:0,(anonymous_3)
FNDA:0,(anonymous_4)
FNDA:0,(anonymous_5)
FNDA:0,(anonymous_6)
FNDA:0,(anonymous_7)
FNDA:0,(anonymous_8)
FNDA:0,(anonymous_9)
FNDA:0,(anonymous_10)
FNDA:0,(anonymous_11)
FNDA:0,(anonymous_12)
FNDA:0,(anonymous_13)
FNDA:0,(anonymous_14)
FNDA:0,(anonymous_15)
FNDA:0,(anonymous_16)
DA:11,0
DA:12,0
DA:17,0
DA:18,0
DA:19,0
DA:21,0
DA:22,0
DA:29,0
DA:30,0
DA:31,0
DA:32,0
DA:35,0
DA:38,0
DA:40,0
DA:41,0
DA:42,0
DA:49,0
DA:50,0
DA:51,0
DA:54,0
DA:56,0
DA:57,0
DA:58,0
DA:65,0
DA:66,0
DA:67,0
DA:68,0
DA:69,0
DA:71,0
DA:78,0
DA:79,0
DA:80,0
DA:86,0
DA:87,0
DA:88,0
DA:94,0
DA:95,0
DA:96,0
DA:102,0
DA:103,0
DA:106,0
DA:107,0
DA:108,0
DA:117,0
DA:118,0
DA:121,0
DA:122,0
DA:123,0
DA:132,0
DA:133,0
DA:136,0
DA:137,0
DA:138,0
DA:147,0
DA:148,0
DA:149,0
DA:151,0
DA:152,0
DA:159,0
DA:160,0
DA:166,0
DA:167,0
DA:171,0
DA:172,0
DA:173,0
DA:174,0
DA:179,0
LF:67
LH:0
BRDA:173,0,0,0
BRDA:173,0,1,0
BRF:2
BRH:0
end_of_record
TN:
SF:src/layouts/ClassroomLayout.tsx
FN:16,ClassroomLayout
FN:24,(anonymous_1)
FN:39,(anonymous_2)
FN:45,(anonymous_3)
FN:51,(anonymous_4)
FN:59,(anonymous_5)
FN:64,(anonymous_6)
FN:70,(anonymous_7)
FN:73,(anonymous_8)
FN:84,(anonymous_9)
FN:91,(anonymous_10)
FN:98,(anonymous_11)
FN:161,(anonymous_12)
FN:182,(anonymous_13)
FN:194,(anonymous_14)
FN:206,(anonymous_15)
FNF:16
FNH:0
FNDA:0,ClassroomLayout
FNDA:0,(anonymous_1)
FNDA:0,(anonymous_2)
FNDA:0,(anonymous_3)
FNDA:0,(anonymous_4)
FNDA:0,(anonymous_5)
FNDA:0,(anonymous_6)
FNDA:0,(anonymous_7)
FNDA:0,(anonymous_8)
FNDA:0,(anonymous_9)
FNDA:0,(anonymous_10)
FNDA:0,(anonymous_11)
FNDA:0,(anonymous_12)
FNDA:0,(anonymous_13)
FNDA:0,(anonymous_14)
FNDA:0,(anonymous_15)
DA:24,0
DA:25,0
DA:26,0
DA:29,0
DA:30,0
DA:31,0
DA:34,0
DA:39,0
DA:45,0
DA:51,0
DA:59,0
DA:60,0
DA:64,0
DA:65,0
DA:66,0
DA:70,0
DA:71,0
DA:73,0
DA:74,0
DA:76,0
DA:77,0
DA:80,0
DA:81,0
DA:84,0
DA:85,0
DA:88,0
DA:89,0
DA:91,0
DA:92,0
DA:93,0
DA:98,0
DA:99,0
DA:100,0
DA:101,0
DA:103,0
DA:104,0
DA:162,0
DA:163,0
DA:164,0
DA:165,0
DA:166,0
DA:167,0
DA:182,0
DA:194,0
DA:206,0
LF:45
LH:0
BRDA:26,0,0,0
BRDA:26,0,1,0
BRDA:71,1,0,0
BRDA:71,1,1,0
BRDA:74,2,0,0
BRDA:74,2,1,0
BRDA:99,3,0,0
BRDA:99,3,1,0
BRDA:116,4,0,0
BRDA:116,4,1,0
BRDA:154,5,0,0
BRDA:154,5,1,0
BRDA:162,6,0,0
BRDA:162,6,1,0
BRDA:165,7,0,0
BRDA:165,7,1,0
BRDA:226,8,0,0
BRDA:226,8,1,0
BRDA:241,9,0,0
BRDA:241,9,1,0
BRDA:256,10,0,0
BRDA:256,10,1,0
BRF:22
BRH:0
end_of_record
TN:
SF:src/layouts/index.ts
FNF:0
FNH:0
LF:0
LH:0
BRF:0
BRH:0
end_of_record
TN:
SF:src/pages/ClassroomPage.tsx
FN:13,(anonymous_0)
FN:14,(anonymous_1)
FN:15,(anonymous_2)
FN:16,(anonymous_3)
FN:17,(anonymous_4)
FN:19,ClassroomPage
FN:36,(anonymous_6)
FN:46,(anonymous_7)
FN:71,(anonymous_8)
FN:86,(anonymous_9)
FN:87,(anonymous_10)
FN:91,(anonymous_11)
FN:97,(anonymous_12)
FN:101,(anonymous_13)
FN:141,(anonymous_14)
FNF:15
FNH:0
FNDA:0,(anonymous_0)
FNDA:0,(anonymous_1)
FNDA:0,(anonymous_2)
FNDA:0,(anonymous_3)
FNDA:0,(anonymous_4)
FNDA:0,ClassroomPage
FNDA:0,(anonymous_6)
FNDA:0,(anonymous_7)
FNDA:0,(anonymous_8)
FNDA:0,(anonymous_9)
FNDA:0,(anonymous_10)
FNDA:0,(anonymous_11)
FNDA:0,(anonymous_12)
FNDA:0,(anonymous_13)
FNDA:0,(anonymous_14)
DA:13,0
DA:14,0
DA:15,0
DA:16,0
DA:17,0
DA:20,0
DA:21,0
DA:22,0
DA:23,0
DA:24,0
DA:25,0
DA:28,0
DA:29,0
DA:32,0
DA:33,0
DA:34,0
DA:36,0
DA:38,0
DA:39,0
DA:40,0
DA:41,0
DA:46,0
DA:47,0
DA:49,0
DA:50,0
DA:51,0
DA:53,0
DA:57,0
DA:60,0
DA:62,0
DA:64,0
DA:68,0
DA:71,0
DA:72,0
DA:80,0
DA:82,0
DA:86,0
DA:87,0
DA:91,0
DA:92,0
DA:97,0
DA:98,0
DA:101,0
DA:102,0
DA:112,0
DA:118,0
DA:129,0
DA:141,0
LF:48
LH:0
BRDA:32,0,0,0
BRDA:32,0,1,0
BRDA:33,1,0,0
BRDA:33,1,1,0
BRDA:34,2,0,0
BRDA:34,2,1,0
BRDA:38,3,0,0
BRDA:38,3,1,0
BRDA:38,4,0,0
BRDA:38,4,1,0
BRDA:51,5,0,0
BRDA:51,5,1,0
BRDA:75,6,0,0
BRDA:75,6,1,0
BRDA:118,7,0,0
BRDA:118,7,1,0
BRDA:129,8,0,0
BRDA:129,8,1,0
BRDA:162,9,0,0
BRDA:162,9,1,0
BRDA:170,10,0,0
BRDA:170,10,1,0
[...]
BRDA:29,0,1,0
BRDA:53,1,0,0
BRDA:53,1,1,0
BRDA:83,2,0,0
BRDA:83,2,1,0
BRDA:89,3,0,0
BRDA:89,3,1,0
BRDA:89,4,0,0
BRDA:89,4,1,0
BRDA:97,5,0,0
BRDA:97,5,1,0
BRDA:128,6,0,0
BRDA:128,6,1,0
BRDA:134,7,0,0
BRDA:134,7,1,0
BRF:16
BRH:0
end_of_record
TN:
SF:src/services/SessionCleanupService.ts
FN:16,(anonymous_0)
FN:26,(anonymous_1)
FN:36,(anonymous_2)
FN:37,(anonymous_3)
FN:67,(anonymous_4)
FN:77,(anonymous_5)
FN:86,(anonymous_6)
FN:94,(anonymous_7)
FN:101,(anonymous_8)
FN:113,(anonymous_9)
FN:126,(anonymous_10)
FN:139,(anonymous_11)
FN:151,(anonymous_12)
FN:169,(anonymous_13)
FN:182,(anonymous_14)
FN:217,(anonymous_15)
FN:14,(anonymous_16)
FNF:17
FNH:0
FNDA:0,(anonymous_0)
FNDA:0,(anonymous_1)
FNDA:0,(anonymous_2)
FNDA:0,(anonymous_3)
FNDA:0,(anonymous_4)
FNDA:0,(anonymous_5)
FNDA:0,(anonymous_6)
FNDA:0,(anonymous_7)
FNDA:0,(anonymous_8)
FNDA:0,(anonymous_9)
FNDA:0,(anonymous_10)
FNDA:0,(anonymous_11)
FNDA:0,(anonymous_12)
FNDA:0,(anonymous_13)
FNDA:0,(anonymous_14)
FNDA:0,(anonymous_15)
FNDA:0,(anonymous_16)
DA:10,0
DA:11,0
DA:12,0
DA:17,0
DA:18,0
DA:20,0
DA:31,0
DA:33,0
DA:36,0
DA:37,0
DA:38,0
DA:43,0
DA:45,0
DA:47,0
DA:49,0
DA:50,0
DA:52,0
DA:54,0
DA:57,0
DA:58,0
DA:59,0
DA:72,0
DA:75,0
DA:76,0
DA:78,0
DA:84,0
DA:85,0
DA:87,0
DA:93,0
DA:95,0
DA:100,0
DA:102,0
DA:107,0
DA:114,0
DA:115,0
DA:116,0
DA:118,0
DA:119,0
DA:127,0
DA:128,0
DA:129,0
DA:131,0
DA:132,0
DA:140,0
DA:142,0
DA:144,0
DA:145,0
DA:146,0
DA:147,0
DA:151,0
DA:154,0
DA:155,0
DA:156,0
DA:157,0
DA:159,0
DA:161,0
DA:162,0
DA:170,0
DA:171,0
DA:172,0
DA:174,0
DA:186,0
DA:189,0
DA:190,0
DA:191,0
DA:193,0
DA:198,0
DA:199,0
DA:200,0
DA:202,0
DA:207,0
DA:208,0
DA:210,0
DA:218,0
DA:220,0
DA:221,0
DA:226,0
DA:228,0
LF:78
LH:0
BRDA:17,0,0,0
BRDA:17,0,1,0
BRDA:57,1,0,0
BRDA:57,1,1,0
BRDA:75,2,0,0
BRDA:75,2,1,0
BRDA:84,3,0,0
BRDA:84,3,1,0
BRDA:146,4,0,0
BRDA:146,4,1,0
BRDA:146,5,0,0
BRDA:146,5,1,0
BRDA:189,6,0,0
BRDA:189,6,1,0
BRDA:198,7,0,0
BRDA:198,7,1,0
BRF:16
BRH:0
end_of_record
TN:
SF:src/services/SessionSecurityService.ts
FN:37,(anonymous_0)
FN:47,(anonymous_1)
FN:57,(anonymous_2)
FN:84,(anonymous_3)
FN:111,(anonymous_4)
FN:141,(anonymous_5)
FN:169,(anonymous_6)
FN:187,(anonymous_7)
FN:35,(anonymous_8)
FNF:9
FNH:0
FNDA:0,(anonymous_0)
FNDA:0,(anonymous_1)
FNDA:0,(anonymous_2)
FNDA:0,(anonymous_3)
FNDA:0,(anonymous_4)
FNDA:0,(anonymous_5)
FNDA:0,(anonymous_6)
FNDA:0,(anonymous_7)
FNDA:0,(anonymous_8)
DA:4,0
DA:33,0
DA:38,0
DA:39,0
DA:41,0
DA:48,0
DA:49,0
DA:50,0
DA:51,0
DA:58,0
DA:59,0
DA:66,0
DA:68,0
DA:69,0
DA:74,0
DA:85,0
DA:86,0
DA:88,0
DA:99,0
DA:101,0
DA:102,0
DA:104,0
DA:116,0
DA:117,0
DA:129,0
DA:131,0
DA:132,0
DA:134,0
DA:145,0
DA:146,0
DA:157,0
DA:159,0
DA:160,0
DA:162,0
DA:170,0
DA:171,0
DA:179,0
DA:180,0
DA:188,0
DA:189,0
DA:191,0
DA:192,0
DA:196,0
DA:201,0
DA:202,0
LF:45
LH:0
BRDA:4,0,0,0
BRDA:4,0,1,0
BRDA:38,1,0,0
BRDA:38,1,1,0
BRDA:68,2,0,0
BRDA:68,2,1,0
BRDA:71,3,0,0
BRDA:71,3,1,0
BRDA:101,4,0,0
BRDA:101,4,1,0
BRDA:102,5,0,0
BRDA:102,5,1,0
BRDA:114,6,0,0
BRDA:131,7,0,0
BRDA:131,7,1,0
BRDA:132,8,0,0
BRDA:132,8,1,0
BRDA:159,9,0,0
BRDA:159,9,1,0
BRDA:160,10,0,0
BRDA:160,10,1,0
BRDA:191,11,0,0
BRDA:191,11,1,0
BRDA:191,12,0,0
BRDA:191,12,1,0
BRDA:197,13,0,0
BRDA:197,13,1,0
BRF:27
BRH:0
end_of_record
TN:
SF:src/services/VideoCallService.ts
FN:35,(anonymous_0)
FN:93,(anonymous_1)
FN:127,(anonymous_2)
FN:167,(anonymous_3)
FN:171,(anonymous_4)
FN:198,(anonymous_5)
FN:207,(anonymous_6)
FN:216,(anonymous_7)
FN:241,(anonymous_8)
FN:296,(anonymous_9)
FN:300,(anonymous_10)
FN:306,(anonymous_11)
FN:311,(anonymous_12)
FN:316,(anonymous_13)
FN:321,(anonymous_14)
FN:330,(anonymous_15)
FN:335,(anonymous_16)
FN:343,(anonymous_17)
FN:372,(anonymous_18)
FN:448,(anonymous_19)
FN:464,(anonymous_20)
FN:480,(anonymous_21)
FN:491,(anonymous_22)
FN:532,(anonymous_23)
FN:539,(anonymous_24)
FN:546,(anonymous_25)
FN:24,(anonymous_26)
FNF:27
FNH:0
FNDA:0,(anonymous_0)
FNDA:0,(anonymous_1)
FNDA:0,(anonymous_2)
FNDA:0,(anonymous_3)
FNDA:0,(anonymous_4)
FNDA:0,(anonymous_5)
FNDA:0,(anonymous_6)
FNDA:0,(anonymous_7)
FNDA:0,(anonymous_8)
FNDA:0,(anonymous_9)
FNDA:0,(anonymous_10)
FNDA:0,(anonymous_11)
FNDA:0,(anonymous_12)
FNDA:0,(anonymous_13)
FNDA:0,(anonymous_14)
FNDA:0,(anonymous_15)
FNDA:0,(anonymous_16)
FNDA:0,(anonymous_17)
FNDA:0,(anonymous_18)
FNDA:0,(anonymous_19)
FNDA:0,(anonymous_20)
FNDA:0,(anonymous_21)
FNDA:0,(anonymous_22)
FNDA:0,(anonymous_23)
FNDA:0,(anonymous_24)
FNDA:0,(anonymous_25)
FNDA:0,(anonymous_26)
DA:13,0
DA:14,0
DA:15,0
DA:16,0
DA:17,0
DA:18,0
DA:19,0
DA:20,0
DA:21,0
DA:22,0
DA:26,0
DA:40,0
DA:41,0
DA:48,0
DA:49,0
DA:51,0
DA:52,0
DA:55,0
DA:56,0
DA:59,0
DA:61,0
DA:63,0
DA:70,0
DA:73,0
DA:74,0
DA:75,0
DA:76,0
DA:80,0
DA:81,0
DA:82,0
DA:84,0
DA:85,0
DA:98,0
DA:99,0
DA:107,0
DA:109,0
DA:111,0
DA:112,0
DA:113,0
DA:120,0
DA:128,0
DA:130,0
DA:146,0
DA:147,0
DA:148,0
DA:151,0
DA:159,0
DA:160,0
DA:168,0
DA:170,0
DA:171,0
DA:172,0
DA:175,0
DA:176,0
DA:178,0
DA:179,0
DA:182,0
DA:190,0
DA:191,0
DA:199,0
DA:200,0
DA:208,0
DA:209,0
DA:217,0
DA:219,0
DA:220,0
DA:221,0
DA:222,0
DA:225,0
DA:228,0
DA:229,0
DA:230,0
DA:231,0
DA:233,0
DA:234,0
DA:242,0
DA:244,0
DA:245,0
DA:248,0
DA:255,0
DA:258,0
DA:265,0
DA:268,0
DA:275,0
DA:278,0
DA:285,0
DA:287,0
DA:289,0
DA:297,0
DA:300,0
DA:301,0
DA:302,0
DA:306,0
DA:307,0
DA:311,0
DA:312,0
DA:316,0
DA:317,0
DA:321,0
DA:322,0
DA:324,0
DA:325,0
DA:330,0
DA:331,0
DA:335,0
DA:336,0
DA:345,0
DA:346,0
DA:349,0
DA:350,0
DA:351,0
DA:352,0
DA:353,0
DA:355,0
DA:358,0
DA:359,0
DA:361,0
DA:363,0
DA:364,0
DA:368,0
DA:369,0
DA:372,0
DA:373,0
DA:374,0
DA:375,0
DA:376,0
DA:380,0
DA:381,0
DA:383,0
DA:384,0
DA:385,0
DA:386,0
DA:387,0
DA:389,0
DA:390,0
DA:391,0
DA:394,0
DA:395,0
DA:397,0
DA:401,0
DA:409,0
DA:410,0
DA:413,0
DA:414,0
DA:415,0
DA:417,0
DA:418,0
DA:419,0
DA:422,0
DA:423,0
DA:427,0
DA:430,0
DA:431,0
DA:432,0
DA:433,0
DA:435,0
DA:436,0
DA:437,0
DA:440,0
DA:441,0
DA:443,0
DA:447,0
DA:448,0
DA:449,0
DA:450,0
DA:453,0
DA:454,0
DA:455,0
DA:465,0
DA:466,0
DA:467,0
DA:469,0
DA:470,0
DA:471,0
DA:474,0
DA:481,0
DA:492,0
DA:494,0
DA:495,0
DA:496,0
DA:500,0
DA:501,0
DA:504,0
DA:505,0
DA:506,0
DA:507,0
DA:510,0
DA:511,0
DA:512,0
DA:513,0
DA:517,0
DA:518,0
DA:519,0
DA:520,0
DA:523,0
DA:525,0
DA:533,0
DA:540,0
DA:547,0
LF:199
LH:0
BRDA:40,0,0,0
BRDA:40,0,1,0
BRDA:49,1,0,0
BRDA:49,1,1,0
BRDA:49,2,0,0
BRDA:49,2,1,0
BRDA:49,2,2,0
BRDA:75,3,0,0
BRDA:75,3,1,0
BRDA:80,4,0,0
BRDA:80,4,1,0
BRDA:80,5,0,0
BRDA:80,5,1,0
BRDA:96,6,0,0
BRDA:111,7,0,0
BRDA:111,7,1,0
BRDA:146,8,0,0
BRDA:146,8,1,0
BRDA:152,9,0,0
BRDA:152,9,1,0
BRDA:168,10,0,0
BRDA:168,10,1,0
BRDA:172,11,0,0
BRDA:172,11,1,0
BRDA:175,12,0,0
BRDA:175,12,1,0
BRDA:175,13,0,0
BRDA:175,13,1,0
BRDA:178,14,0,0
BRDA:178,14,1,0
BRDA:178,15,0,0
BRDA:178,15,1,0
BRDA:185,16,0,0
BRDA:185,16,1,0
BRDA:186,17,0,0
BRDA:186,17,1,0
BRDA:199,18,0,0
BRDA:199,18,1,0
BRDA:208,19,0,0
BRDA:208,19,1,0
BRDA:217,20,0,0
BRDA:217,20,1,0
BRDA:221,21,0,0
BRDA:221,21,1,0
BRDA:222,22,0,0
BRDA:222,22,1,0
BRDA:228,23,0,0
BRDA:228,23,1,0
BRDA:229,24,0,0
BRDA:229,24,1,0
BRDA:230,25,0,0
BRDA:230,25,1,0
BRDA:242,26,0,0
BRDA:242,26,1,0
BRDA:245,27,0,0
BRDA:245,27,1,0
BRDA:245,27,2,0
BRDA:245,27,3,0
BRDA:297,28,0,0
BRDA:297,28,1,0
BRDA:324,29,0,0
BRDA:324,29,1,0
BRDA:324,30,0,0
BRDA:324,30,1,0
BRDA:345,31,0,0
BRDA:345,31,1,0
BRDA:349,32,0,0
BRDA:349,32,1,0
BRDA:352,33,0,0
BRDA:352,33,1,0
BRDA:363,34,0,0
BRDA:363,34,1,0
BRDA:368,35,0,0
BRDA:368,35,1,0
BRDA:373,36,0,0
BRDA:373,36,1,0
BRDA:381,37,0,0
BRDA:381,37,1,0
BRDA:381,38,0,0
BRDA:381,38,1,0
BRDA:384,39,0,0
BRDA:384,39,1,0
BRDA:384,40,0,0
BRDA:384,40,1,0
BRDA:389,41,0,0
BRDA:389,41,1,0
BRDA:394,42,0,0
BRDA:394,42,1,0
BRDA:409,43,0,0
BRDA:409,43,1,0
BRDA:409,44,0,0
BRDA:409,44,1,0
BRDA:417,45,0,0
BRDA:417,45,1,0
BRDA:422,46,0,0
BRDA:422,46,1,0
BRDA:430,47,0,0
BRDA:430,47,1,0
BRDA:430,48,0,0
BRDA:430,48,1,0
BRDA:435,49,0,0
BRDA:435,49,1,0
BRDA:440,50,0,0
BRDA:440,50,1,0
BRDA:447,51,0,0
BRDA:447,51,1,0
BRDA:454,52,0,0
BRDA:454,52,1,0
BRDA:469,53,0,0
BRDA:469,53,1,0
BRDA:494,54,0,0
BRDA:494,54,1,0
BRDA:504,55,0,0
BRDA:504,55,1,0
BRDA:510,56,0,0
BRDA:510,56,1,0
BRDA:517,57,0,0
BRDA:517,57,1,0
BRF:118
BRH:0
end_of_record
TN:
SF:src/services/WhiteboardService.ts
FN:19,(anonymous_0)
FN:46,(anonymous_1)
FN:86,(anonymous_2)
FN:106,(anonymous_3)
FN:113,(anonymous_4)
FN:120,(anonymous_5)
FN:181,(anonymous_6)
FN:203,(anonymous_7)
FN:221,(anonymous_8)
FN:237,(anonymous_9)
FN:253,(anonymous_10)
FN:269,(anonymous_11)
FN:277,(anonymous_12)
FN:285,(anonymous_13)
FN:313,(anonymous_14)
FN:320,(anonymous_15)
FN:327,(anonymous_16)
FN:331,(anonymous_17)
FN:338,(anonymous_18)
FN:346,(anonymous_19)
FN:351,(anonymous_20)
FN:359,(anonymous_21)
FN:379,(anonymous_22)
FNF:23
FNH:0
FNDA:0,(anonymous_0)
FNDA:0,(anonymous_1)
FNDA:0,(anonymous_2)
FNDA:0,(anonymous_3)
FNDA:0,(anonymous_4)
FNDA:0,(anonymous_5)
FNDA:0,(anonymous_6)
FNDA:0,(anonymous_7)
FNDA:0,(anonymous_8)
FNDA:0,(anonymous_9)
FNDA:0,(anonymous_10)
FNDA:0,(anonymous_11)
FNDA:0,(anonymous_12)
FNDA:0,(anonymous_13)
FNDA:0,(anonymous_14)
FNDA:0,(anonymous_15)
FNDA:0,(anonymous_16)
FNDA:0,(anonymous_17)
FNDA:0,(anonymous_18)
FNDA:0,(anonymous_19)
FNDA:0,(anonymous_20)
FNDA:0,(anonymous_21)
FNDA:0,(anonymous_22)
DA:10,0
DA:11,0
DA:12,0
DA:13,0
DA:14,0
DA:20,0
DA:21,0
DA:22,0
DA:25,0
DA:26,0
DA:36,0
DA:38,0
DA:39,0
DA:47,0
DA:48,0
DA:51,0
DA:52,0
DA:53,0
DA:56,0
DA:57,0
DA:60,0
DA:70,0
DA:73,0
DA:75,0
DA:76,0
DA:78,0
DA:79,0
DA:87,0
DA:88,0
DA:89,0
DA:92,0
DA:93,0
DA:94,0
DA:95,0
DA:96,0
DA:98,0
DA:99,0
DA:107,0
DA:114,0
DA:121,0
DA:122,0
DA:123,0
DA:126,0
DA:127,0
DA:129,0
DA:131,0
DA:134,0
DA:136,0
DA:139,0
DA:141,0
DA:144,0
DA:146,0
DA:149,0
DA:151,0
DA:154,0
DA:156,0
DA:159,0
DA:161,0
DA:164,0
DA:166,0
DA:169,0
DA:171,0
DA:174,0
DA:182,0
DA:183,0
DA:184,0
DA:187,0
DA:189,0
DA:190,0
DA:191,0
DA:196,0
DA:204,0
DA:205,0
DA:206,0
DA:209,0
DA:210,0
DA:214,0
DA:222,0
DA:223,0
DA:224,0
DA:227,0
DA:228,0
DA:230,0
DA:238,0
DA:239,0
DA:240,0
DA:243,0
DA:244,0
DA:246,0
DA:254,0
DA:255,0
DA:256,0
DA:259,0
DA:260,0
DA:262,0
DA:270,0
DA:271,0
DA:278,0
DA:279,0
DA:286,0
DA:287,0
DA:290,0
DA:292,0
DA:303,0
DA:305,0
DA:306,0
DA:314,0
DA:321,0
DA:328,0
DA:331,0
DA:332,0
DA:333,0
DA:338,0
DA:339,0
DA:340,0
DA:341,0
DA:346,0
DA:347,0
DA:351,0
DA:352,0
DA:361,0
DA:364,0
DA:365,0
DA:366,0
DA:368,0
DA:369,0
DA:370,0
DA:373,0
DA:380,0
DA:381,0
DA:383,0
DA:384,0
DA:385,0
DA:390,0
LF:134
LH:0
BRDA:20,0,0,0
BRDA:20,0,1,0
BRDA:32,1,0,0
BRDA:32,1,1,0
BRDA:33,2,0,0
BRDA:33,2,1,0
BRDA:47,3,0,0
BRDA:47,3,1,0
BRDA:51,4,0,0
BRDA:51,4,1,0
BRDA:65,5,0,0
BRDA:65,5,1,0
BRDA:87,6,0,0
BRDA:87,6,1,0
BRDA:114,7,0,0
BRDA:114,7,1,0
BRDA:121,8,0,0
BRDA:121,8,1,0
BRDA:129,9,0,0
BRDA:129,9,1,0
BRDA:129,9,2,0
BRDA:129,9,3,0
BRDA:129,9,4,0
BRDA:129,9,5,0
BRDA:129,9,6,0
BRDA:129,9,7,0
BRDA:129,9,8,0
BRDA:182,10,0,0
BRDA:182,10,1,0
BRDA:190,11,0,0
BRDA:190,11,1,0
BRDA:204,12,0,0
BRDA:204,12,1,0
BRDA:222,13,0,0
BRDA:222,13,1,0
BRDA:238,14,0,0
BRDA:238,14,1,0
BRDA:254,15,0,0
BRDA:254,15,1,0
BRDA:270,16,0,0
BRDA:270,16,1,0
BRDA:278,17,0,0
BRDA:278,17,1,0
BRDA:286,18,0,0
BRDA:286,18,1,0
BRDA:328,19,0,0
BRDA:328,19,1,0
BRDA:332,20,0,0
BRDA:332,20,1,0
BRDA:332,21,0,0
BRDA:332,21,1,0
BRDA:340,22,0,0
BRDA:340,22,1,0
BRDA:368,23,0,0
BRDA:368,23,1,0
BRDA:368,24,0,0
BRDA:368,24,1,0
BRDA:368,24,2,0
BRDA:380,25,0,0
BRDA:380,25,1,0
BRF:60
BRH:0
end_of_record
TN:
SF:src/types/ai.types.ts
FNF:0
FNH:0
LF:0
LH:0
BRF:0
BRH:0
end_of_record
TN:
SF:src/types/annotation-storage.types.ts
FNF:0
FNH:0
LF:0
LH:0
BRF:0
BRH:0
end_of_record
TN:
SF:src/types/auth.types.ts
FNF:0
FNH:0
LF:0
LH:0
BRF:0
BRH:0
end_of_record
TN:
SF:src/types/index.ts
FNF:0
FNH:0
LF:0
LH:0
BRF:0
BRH:0
end_of_record
TN:
SF:src/types/state.types.ts
FNF:0
FNH:0
LF:0
LH:0
BRF:0
BRH:0
end_of_record
TN:
SF:src/types/svg-annotations.types.ts
FNF:0
FNH:0
LF:0
LH:0
BRF:0
BRH:0
end_of_record
TN:
SF:src/types/toast.types.ts
FNF:0
FNH:0
LF:0
LH:0
BRF:0
BRH:0
end_of_record
TN:
SF:src/types/video.types.ts
FNF:0
FNH:0
LF:0
LH:0
BRF:0
BRH:0
end_of_record
TN:
SF:src/types/whiteboard.types.ts
FNF:0
FNH:0
LF:0
LH:0
BRF:0
BRH:0
end_of_record
TN:
SF:src/utils/accessibility.ts
FN:11,announceToScreenReader
FN:25,(anonymous_1)
FN:70,getKeyboardShortcutsList
FN:73,(anonymous_3)
FN:75,(anonymous_4)
FN:90,meetsContrastRequirements
FN:104,getContrastRatio
FN:117,getRelativeLuminance
FN:121,(anonymous_8)
FN:136,hexToRgb
FN:178,getFocusableElements
FN:197,trapFocus
FN:202,(anonymous_12)
FN:226,(anonymous_13)
FN:235,restoreFocus
FN:238,(anonymous_15)
FN:249,setTabOrder
FN:250,(anonymous_17)
FN:260,isElementFocusable
FNF:19
FNH:0
FNDA:0,announceToScreenReader
FNDA:0,(anonymous_1)
FNDA:0,getKeyboardShortcutsList
FNDA:0,(anonymous_3)
FNDA:0,(anonymous_4)
FNDA:0,meetsContrastRequirements
FNDA:0,getContrastRatio
FNDA:0,getRelativeLuminance
FNDA:0,(anonymous_8)
FNDA:0,hexToRgb
FNDA:0,getFocusableElements
FNDA:0,trapFocus
FNDA:0,(anonymous_12)
FNDA:0,(anonymous_13)
FNDA:0,restoreFocus
FNDA:0,(anonymous_15)
FNDA:0,setTabOrder
FNDA:0,(anonymous_17)
FNDA:0,isElementFocusable
DA:15,0
DA:16,0
DA:17,0
DA:18,0
DA:19,0
DA:20,0
DA:22,0
DA:25,0
DA:26,0
DA:33,0
DA:71,0
DA:73,0
DA:74,0
DA:75,0
DA:76,0
DA:78,0
DA:81,0
DA:94,0
DA:95,0
DA:105,0
DA:106,0
DA:107,0
DA:108,0
DA:109,0
DA:118,0
DA:119,0
DA:121,0
DA:122,0
DA:123,0
DA:128,0
DA:137,0
DA:138,0
DA:150,0
DA:179,0
DA:189,0
DA:198,0
DA:199,0
DA:200,0
DA:202,0
DA:203,0
DA:205,0
DA:207,0
DA:208,0
DA:209,0
DA:213,0
DA:214,0
DA:215,0
DA:220,0
DA:223,0
DA:226,0
DA:227,0
DA:236,0
DA:238,0
DA:239,0
DA:250,0
DA:251,0
DA:261,0
DA:264,0
DA:265,0
DA:270,0
DA:274,0
DA:275,0
DA:279,0
DA:280,0
DA:281,0
DA:284,0
LF:66
LH:0
BRDA:13,0,0,0
BRDA:119,1,0,0
BRDA:119,1,1,0
BRDA:123,2,0,0
BRDA:123,2,1,0
BRDA:138,3,0,0
BRDA:138,3,1,0
BRDA:203,4,0,0
BRDA:203,4,1,0
BRDA:205,5,0,0
BRDA:205,5,1,0
BRDA:207,6,0,0
BRDA:207,6,1,0
BRDA:213,7,0,0
BRDA:213,7,1,0
BRDA:236,8,0,0
BRDA:236,8,1,0
BRDA:236,9,0,0
BRDA:236,9,1,0
BRDA:249,10,0,0
BRDA:261,11,0,0
BRDA:261,11,1,0
BRDA:265,12,0,0
BRDA:265,12,1,0
BRDA:266,13,0,0
BRDA:266,13,1,0
BRDA:266,13,2,0
BRDA:274,14,0,0
BRDA:274,14,1,0
BRDA:274,15,0,0
BRDA:274,15,1,0
BRDA:280,16,0,0
BRDA:280,16,1,0
BRF:33
BRH:0
end_of_record
TN:
SF:src/utils/annotationBatcher.ts
FN:33,(anonymous_0)
FN:40,(anonymous_1)
FN:56,(anonymous_2)
FN:63,(anonymous_3)
FN:71,(anonymous_4)
FN:102,(anonymous_5)
FN:113,(anonymous_6)
FN:22,(anonymous_7)
FNF:8
FNH:0
FNDA:0,(anonymous_0)
FNDA:0,(anonymous_1)
FNDA:0,(anonymous_2)
FNDA:0,(anonymous_3)
FNDA:0,(anonymous_4)
FNDA:0,(anonymous_5)
FNDA:0,(anonymous_6)
FNDA:0,(anonymous_7)
DA:16,0
DA:17,0
DA:18,0
DA:19,0
DA:20,0
DA:23,0
DA:24,0
DA:25,0
DA:26,0
DA:27,0
DA:34,0
DA:41,0
DA:44,0
DA:45,0
DA:46,0
DA:50,0
DA:58,0
DA:59,0
DA:63,0
DA:64,0
DA:73,0
DA:74,0
DA:75,0
DA:79,0
DA:80,0
DA:84,0
DA:85,0
DA:88,0
DA:89,0
DA:90,0
DA:92,0
DA:94,0
DA:103,0
DA:104,0
DA:105,0
DA:106,0
DA:114,0
DA:123,0
LF:38
LH:0
BRDA:44,0,0,0
BRDA:44,0,1,0
BRDA:58,1,0,0
BRDA:58,1,1,0
BRDA:73,2,0,0
BRDA:73,2,1,0
BRDA:79,3,0,0
BRDA:79,3,1,0
BRDA:88,4,0,0
BRDA:88,4,1,0
BRDA:104,5,0,0
BRDA:104,5,1,0
BRDA:22,6,0,0
BRDA:22,7,0,0
BRF:14
BRH:0
end_of_record
TN:
SF:src/utils/apiClient.ts
FN:20,(anonymous_0)
FN:30,(anonymous_1)
FN:39,(anonymous_2)
FN:40,(anonymous_3)
FNF:4
FNH:0
FNDA:0,(anonymous_0)
FNDA:0,(anonymous_1)
FNDA:0,(anonymous_2)
FNDA:0,(anonymous_3)
DA:3,0
DA:9,0
DA:19,0
DA:22,0
DA:24,0
DA:25,0
DA:28,0
DA:31,0
DA:38,0
DA:39,0
DA:42,0
DA:44,0
DA:45,0
DA:48,0
DA:49,0
DA:53,0
LF:16
LH:0
BRDA:3,0,0,0
BRDA:3,0,1,0
BRDA:24,1,0,0
BRDA:24,1,1,0
BRDA:42,2,0,0
BRDA:42,2,1,0
BRDA:48,3,0,0
BRDA:48,3,1,0
BRF:8
BRH:0
end_of_record
TN:
SF:src/utils/payloadCompression.ts
FN:9,compressJSON
FN:16,truncateString
FN:26,removeEmptyValues
FN:41,compressAnnotationPoints
FN:43,(anonymous_4)
FN:53,downsamplePoints
FN:79,estimatePayloadSize
FN:87,compressMessageHistory
FN:102,compressForTransmission
FNF:9
FNH:0
FNDA:0,compressJSON
FNDA:0,truncateString
FNDA:0,removeEmptyValues
FNDA:0,compressAnnotationPoints
FNDA:0,(anonymous_4)
FNDA:0,downsamplePoints
FNDA:0,estimatePayloadSize
FNDA:0,compressMessageHistory
FNDA:0,compressForTransmission
DA:10,0
DA:17,0
DA:18,0
DA:20,0
DA:27,0
DA:29,0
DA:30,0
DA:31,0
DA:35,0
DA:43,0
DA:57,0
DA:58,0
DA:61,0
DA:62,0
DA:64,0
DA:65,0
DA:69,0
DA:70,0
DA:73,0
DA:80,0
DA:81,0
DA:91,0
DA:92,0
DA:96,0
DA:104,0
DA:107,0
DA:108,0
DA:113,0
LF:28
LH:0
BRDA:16,0,0,0
BRDA:17,1,0,0
BRDA:17,1,1,0
BRDA:30,2,0,0
BRDA:30,2,1,0
BRDA:30,3,0,0
BRDA:30,3,1,0
BRDA:55,4,0,0
BRDA:57,5,0,0
BRDA:57,5,1,0
BRDA:69,6,0,0
BRDA:69,6,1,0
BRDA:89,7,0,0
BRDA:91,8,0,0
BRDA:91,8,1,0
BRDA:107,9,0,0
BRDA:107,9,1,0
BRDA:107,10,0,0
BRDA:107,10,1,0
BRF:19
BRH:0
end_of_record
TN:
SF:src/utils/pdfWorker.ts
FNF:0
FNH:0
DA:9,0
LF:1
LH:0
BRF:0
BRH:0
end_of_record
TN:
SF:src/utils/requestCache.ts
FN:24,(anonymous_0)
FN:45,(anonymous_1)
FN:58,(anonymous_2)
FN:65,(anonymous_3)
FN:72,(anonymous_4)
FN:79,(anonymous_5)
FN:93,(anonymous_6)
FN:16,(anonymous_7)
FN:105,(anonymous_8)
FNF:9
FNH:0
FNDA:0,(anonymous_0)
FNDA:0,(anonymous_1)
FNDA:0,(anonymous_2)
FNDA:0,(anonymous_3)
FNDA:0,(anonymous_4)
FNDA:0,(anonymous_5)
FNDA:0,(anonymous_6)
FNDA:0,(anonymous_7)
FNDA:0,(anonymous_8)
DA:13,0
DA:14,0
DA:17,0
DA:18,0
DA:25,0
DA:27,0
DA:28,0
DA:31,0
DA:32,0
DA:34,0
DA:35,0
DA:36,0
DA:39,0
DA:46,0
DA:52,0
DA:59,0
DA:66,0
DA:73,0
DA:80,0
DA:82,0
DA:83,0
DA:84,0
DA:85,0
DA:94,0
DA:102,0
DA:105,0
DA:106,0
LF:27
LH:0
BRDA:27,0,0,0
BRDA:27,0,1,0
BRDA:34,1,0,0
BRDA:34,1,1,0
BRDA:49,2,0,0
BRDA:49,2,1,0
BRDA:84,3,0,0
BRDA:84,3,1,0
BRDA:16,4,0,0
BRF:9
BRH:0
end_of_record
TN:
SF:src/utils/sessionPersistence.ts
FN:24,saveSession
FN:35,loadSession
FN:46,(anonymous_2)
FN:61,clearSession
FN:72,saveVideoConfig
FN:83,loadVideoConfig
FN:96,clearVideoConfig
FN:107,saveAIMessages
FN:110,(anonymous_8)
FN:123,loadAIMessages
FN:130,(anonymous_10)
FN:143,clearAIMessages
FN:154,savePresentationState
FN:167,loadPresentationState
FN:189,clearPresentationState
FN:202,saveUIState
FN:213,loadUIState
FN:226,clearUIState
FN:237,clearAllPersistedState
FN:248,hasPersistedSession
FN:255,getSessionAge
FN:270,isSessionValid
FNF:22
FNH:0
FNDA:0,saveSession
FNDA:0,loadSession
FNDA:0,(anonymous_2)
FNDA:0,clearSession
FNDA:0,saveVideoConfig
FNDA:0,loadVideoConfig
FNDA:0,clearVideoConfig
FNDA:0,saveAIMessages
FNDA:0,(anonymous_8)
FNDA:0,loadAIMessages
FNDA:0,(anonymous_10)
FNDA:0,clearAIMessages
FNDA:0,savePresentationState
FNDA:0,loadPresentationState
FNDA:0,clearPresentationState
FNDA:0,saveUIState
FNDA:0,loadUIState
FNDA:0,clearUIState
FNDA:0,clearAllPersistedState
FNDA:0,hasPersistedSession
FNDA:0,getSessionAge
FNDA:0,isSessionValid
DA:11,0
DA:25,0
DA:26,0
DA:28,0
DA:36,0
DA:37,0
DA:38,0
DA:40,0
DA:42,0
DA:43,0
DA:45,0
DA:46,0
DA:51,0
DA:53,0
DA:54,0
DA:62,0
DA:63,0
DA:65,0
DA:73,0
DA:74,0
DA:76,0
DA:84,0
DA:85,0
DA:86,0
DA:88,0
DA:89,0
DA:97,0
DA:98,0
DA:100,0
DA:108,0
DA:110,0
DA:114,0
DA:116,0
DA:124,0
DA:125,0
DA:126,0
DA:128,0
DA:130,0
DA:135,0
DA:136,0
DA:144,0
DA:145,0
DA:147,0
DA:155,0
DA:156,0
DA:157,0
DA:158,0
DA:160,0
DA:168,0
DA:169,0
DA:170,0
DA:171,0
DA:173,0
DA:175,0
DA:181,0
DA:182,0
DA:190,0
DA:191,0
DA:192,0
DA:193,0
DA:195,0
DA:203,0
DA:204,0
DA:206,0
DA:214,0
DA:215,0
DA:216,0
DA:218,0
DA:219,0
DA:227,0
DA:228,0
DA:230,0
DA:238,0
DA:239,0
DA:240,0
DA:241,0
DA:242,0
DA:249,0
DA:256,0
DA:257,0
DA:258,0
DA:260,0
DA:262,0
DA:263,0
DA:271,0
DA:272,0
DA:274,0
DA:275,0
LF:88
LH:0
BRDA:38,0,0,0
BRDA:38,0,1,0
BRDA:42,1,0,0
BRDA:42,1,1,0
BRDA:45,2,0,0
BRDA:45,2,1,0
BRDA:86,3,0,0
BRDA:86,3,1,0
BRDA:126,4,0,0
BRDA:126,4,1,0
BRDA:173,5,0,0
BRDA:173,5,1,0
BRDA:177,6,0,0
BRDA:177,6,1,0
BRDA:178,7,0,0
BRDA:178,7,1,0
BRDA:216,8,0,0
BRDA:216,8,1,0
BRDA:258,9,0,0
BRDA:258,9,1,0
BRDA:258,10,0,0
BRDA:258,10,1,0
BRDA:272,11,0,0
BRDA:272,11,1,0
BRF:24
BRH:0
end_of_record
TN:
SF:src/utils/whiteboardTokens.ts
FN:7,generateWhiteboardToken
FN:37,createWhiteboardRoom
FNF:2
FNH:0
FNDA:0,generateWhiteboardToken
FNDA:0,createWhiteboardRoom
DA:12,0
DA:13,0
DA:18,0
DA:20,0
DA:24,0
DA:25,0
DA:26,0
DA:29,0
DA:41,0
DA:42,0
DA:46,0
DA:51,0
DA:54,0
DA:55,0
DA:56,0
DA:62,0
LF:16
LH:0
BRDA:10,0,0,0
BRDA:24,1,0,0
BRDA:24,1,1,0
BRDA:54,2,0,0
BRDA:54,2,1,0
BRF:5
BRH:0
end_of_record
